[14:14:49.291] [INFO   ] thread bguspl.set.Main.main() starting.
[14:14:49.291] [SEVERE ] cannot read configuration file config.properties trying from resources.
[14:14:49.291] [SEVERE ] configuration file was loaded from resources directory.
[14:14:49.664] [INFO   ] thread dealer starting.
[14:14:49.665] [INFO   ] thread dealer starting.
[14:14:49.665] [SEVERE ] updating countdown to 60000
[14:14:50.372] [SEVERE ] updating countdown to 59293
[14:14:50.489] [SEVERE ] placing card 37 in slot 0
[14:14:50.602] [SEVERE ] placing card 47 in slot 1
[14:14:50.711] [SEVERE ] placing card 21 in slot 2
[14:14:50.815] [SEVERE ] placing card 41 in slot 3
[14:14:50.924] [SEVERE ] placing card 14 in slot 4
[14:14:51.034] [SEVERE ] placing card 31 in slot 5
[14:14:51.143] [SEVERE ] placing card 50 in slot 6
[14:14:51.252] [SEVERE ] placing card 80 in slot 7
[14:14:51.362] [SEVERE ] placing card 75 in slot 8
[14:14:51.471] [SEVERE ] placing card 67 in slot 9
[14:14:51.580] [SEVERE ] placing card 13 in slot 10
[14:14:51.689] [SEVERE ] placing card 63 in slot 11
[14:14:51.689] [SEVERE ] updating countdown to 57976
[14:14:52.697] [SEVERE ] updating countdown to 56968
[14:14:52.697] [SEVERE ] updating countdown to 56968
[14:14:53.176] [SEVERE ] exit button pressed
[14:14:53.176] [SEVERE ] disposing of user interface elements
