[13:47:52.599] [INFO   ] thread bguspl.set.Main.main() starting.
[13:47:52.602] [SEVERE ] cannot read configuration file config.properties trying from resources.
[13:47:52.602] [SEVERE ] configuration file was loaded from resources directory.
[13:47:53.030] [INFO   ] thread dealer starting.
[13:47:53.031] [INFO   ] thread dealer starting.
[13:47:53.031] [SEVERE ] updating countdown to 60000
[13:47:53.032] [SEVERE ] updating countdown to 59999
[13:47:53.139] [SEVERE ] placing card 68 in slot 0
[13:47:53.246] [SEVERE ] placing card 34 in slot 1
[13:47:53.360] [SEVERE ] placing card 74 in slot 2
[13:47:53.470] [SEVERE ] placing card 23 in slot 3
[13:47:53.571] [SEVERE ] placing card 65 in slot 4
[13:47:53.674] [SEVERE ] placing card 4 in slot 5
[13:47:53.786] [SEVERE ] placing card 44 in slot 6
[13:47:53.889] [SEVERE ] placing card 3 in slot 7
[13:47:54.003] [SEVERE ] placing card 27 in slot 8
[13:47:54.105] [SEVERE ] placing card 61 in slot 9
[13:47:54.219] [SEVERE ] placing card 33 in slot 10
[13:47:54.320] [SEVERE ] placing card 54 in slot 11
[13:47:54.320] [SEVERE ] updating countdown to 58711
[13:47:55.330] [SEVERE ] updating countdown to 57701
[13:47:55.331] [SEVERE ] updating countdown to 57700
[13:47:56.344] [SEVERE ] updating countdown to 56687
[13:47:56.345] [SEVERE ] updating countdown to 56686
[13:47:57.359] [SEVERE ] updating countdown to 55672
[13:47:57.359] [SEVERE ] updating countdown to 55672
[13:47:58.360] [SEVERE ] updating countdown to 54671
[13:47:58.360] [SEVERE ] updating countdown to 54671
[13:47:58.384] [SEVERE ] exit button pressed
[13:47:58.384] [SEVERE ] disposing of user interface elements
