[13:38:14.222] [INFO   ] thread bguspl.set.Main.main() starting.
[13:38:14.224] [SEVERE ] cannot read configuration file config.properties trying from resources.
[13:38:14.225] [SEVERE ] configuration file was loaded from resources directory.
[13:38:14.608] [INFO   ] thread dealer starting.
[13:38:14.608] [INFO   ] thread dealer starting.
[13:38:14.609] [SEVERE ] updating countdown to 60000
[13:38:14.716] [SEVERE ] placing card 79 in slot 0
[13:38:14.818] [SEVERE ] placing card 70 in slot 1
[13:38:14.921] [SEVERE ] placing card 28 in slot 2
[13:38:15.034] [SEVERE ] placing card 21 in slot 3
[13:38:15.148] [SEVERE ] placing card 15 in slot 4
[13:38:15.252] [SEVERE ] placing card 69 in slot 5
[13:38:15.365] [SEVERE ] placing card 55 in slot 6
[13:38:15.467] [SEVERE ] placing card 34 in slot 7
[13:38:15.578] [SEVERE ] placing card 59 in slot 8
[13:38:15.682] [SEVERE ] placing card 7 in slot 9
[13:38:15.785] [SEVERE ] placing card 18 in slot 10
[13:38:15.898] [SEVERE ] placing card 63 in slot 11
[13:38:16.900] [SEVERE ] updating countdown to 57709
[13:38:16.900] [SEVERE ] updating countdown to 57709
[13:38:17.909] [SEVERE ] updating countdown to 56700
[13:38:17.909] [SEVERE ] updating countdown to 56700
[13:38:18.666] [SEVERE ] exit button pressed
[13:38:18.922] [SEVERE ] updating countdown to 55687
[13:38:18.922] [SEVERE ] updating countdown to 55687
[13:38:18.922] [SEVERE ] updating countdown to 55687
[13:38:19.024] [SEVERE ] removing card from slot 0
[13:38:19.138] [SEVERE ] removing card from slot 1
[13:38:19.240] [SEVERE ] removing card from slot 2
[13:38:19.354] [SEVERE ] removing card from slot 3
[13:38:19.455] [SEVERE ] removing card from slot 4
[13:38:19.557] [SEVERE ] removing card from slot 5
[13:38:19.671] [SEVERE ] removing card from slot 6
[13:38:19.788] [SEVERE ] removing card from slot 7
[13:38:19.903] [SEVERE ] removing card from slot 8
[13:38:20.005] [SEVERE ] removing card from slot 9
[13:38:20.106] [SEVERE ] removing card from slot 10
[13:38:20.220] [SEVERE ] removing card from slot 11
[13:38:20.223] [SEVERE ] announcing winner(s): player 1, player 2
[13:38:20.232] [INFO   ] thread dealer terminated.
[13:38:20.233] [SEVERE ] thanks for playing... it was fun!
[13:38:20.233] [INFO   ] thread bguspl.set.Main.main() terminated.
[13:38:24.498] [SEVERE ] exit button pressed
[13:38:26.107] [SEVERE ] exit button pressed
[13:38:26.706] [SEVERE ] exit button pressed
[13:38:27.235] [SEVERE ] exit button pressed
