[13:48:01.883] [INFO   ] thread bguspl.set.Main.main() starting.
[13:48:01.886] [SEVERE ] cannot read configuration file config.properties trying from resources.
[13:48:01.887] [SEVERE ] configuration file was loaded from resources directory.
[13:48:02.311] [INFO   ] thread dealer starting.
[13:48:02.312] [INFO   ] thread dealer starting.
[13:48:02.312] [SEVERE ] updating countdown to 60000
[13:48:02.313] [SEVERE ] updating countdown to 59999
[13:48:02.430] [SEVERE ] placing card 65 in slot 0
[13:48:02.545] [SEVERE ] placing card 10 in slot 1
[13:48:02.652] [SEVERE ] placing card 13 in slot 2
[13:48:02.761] [SEVERE ] placing card 60 in slot 3
[13:48:02.863] [SEVERE ] placing card 59 in slot 4
[13:48:02.966] [SEVERE ] placing card 35 in slot 5
[13:48:03.077] [SEVERE ] placing card 3 in slot 6
[13:48:03.183] [SEVERE ] placing card 8 in slot 7
[13:48:03.294] [SEVERE ] placing card 11 in slot 8
[13:48:03.408] [SEVERE ] placing card 79 in slot 9
[13:48:03.510] [SEVERE ] placing card 42 in slot 10
[13:48:03.626] [SEVERE ] placing card 66 in slot 11
[13:48:03.627] [SEVERE ] updating countdown to 58685
[13:48:04.640] [SEVERE ] updating countdown to 57672
[13:48:04.641] [SEVERE ] updating countdown to 57671
[13:48:05.649] [SEVERE ] updating countdown to 56663
[13:48:05.650] [SEVERE ] updating countdown to 56662
[13:48:06.665] [SEVERE ] updating countdown to 55647
[13:48:06.666] [SEVERE ] updating countdown to 55646
[13:48:07.679] [SEVERE ] updating countdown to 54633
[13:48:07.680] [SEVERE ] updating countdown to 54632
[13:48:08.681] [SEVERE ] updating countdown to 53631
[13:48:08.681] [SEVERE ] updating countdown to 53631
[13:48:09.692] [SEVERE ] updating countdown to 52620
[13:48:09.693] [SEVERE ] updating countdown to 52619
[13:48:10.106] [SEVERE ] exit button pressed
[13:48:10.106] [SEVERE ] disposing of user interface elements
