[14:14:29.181] [INFO   ] thread bguspl.set.Main.main() starting.
[14:14:29.197] [SEVERE ] cannot read configuration file config.properties trying from resources.
[14:14:29.197] [SEVERE ] configuration file was loaded from resources directory.
[14:14:29.616] [INFO   ] thread dealer starting.
[14:14:29.620] [INFO   ] thread dealer starting.
[14:14:29.620] [SEVERE ] updating countdown to 60000
[14:14:30.528] [SEVERE ] updating countdown to 59092
[14:14:30.638] [SEVERE ] placing card 75 in slot 0
[14:14:30.748] [SEVERE ] placing card 13 in slot 1
[14:14:30.857] [SEVERE ] placing card 5 in slot 2
[14:14:30.967] [SEVERE ] placing card 21 in slot 3
[14:14:31.077] [SEVERE ] placing card 40 in slot 4
[14:14:31.185] [SEVERE ] placing card 24 in slot 5
[14:14:31.294] [SEVERE ] placing card 70 in slot 6
[14:14:31.404] [SEVERE ] placing card 65 in slot 7
[14:14:31.514] [SEVERE ] placing card 54 in slot 8
[14:14:31.623] [SEVERE ] placing card 80 in slot 9
[14:14:31.733] [SEVERE ] placing card 4 in slot 10
[14:14:31.842] [SEVERE ] placing card 23 in slot 11
[14:14:31.842] [SEVERE ] updating countdown to 57778
[14:14:32.857] [SEVERE ] updating countdown to 56763
[14:14:32.857] [SEVERE ] updating countdown to 56763
[14:14:33.743] [SEVERE ] exit button pressed
[14:14:33.743] [SEVERE ] disposing of user interface elements
