[13:47:13.489] [INFO   ] thread bguspl.set.Main.main() starting.
[13:47:13.492] [SEVERE ] cannot read configuration file config.properties trying from resources.
[13:47:13.493] [SEVERE ] configuration file was loaded from resources directory.
[13:47:13.877] [INFO   ] thread dealer starting.
[13:47:13.878] [INFO   ] thread dealer starting.
[13:47:13.879] [SEVERE ] updating countdown to 60000
[13:47:13.882] [SEVERE ] updating countdown to 59997
[13:47:13.996] [SEVERE ] placing card 12 in slot 0
[13:47:14.105] [SEVERE ] placing card 26 in slot 1
[13:47:14.211] [SEVERE ] placing card 22 in slot 2
[13:47:14.316] [SEVERE ] placing card 2 in slot 3
[13:47:14.418] [SEVERE ] placing card 16 in slot 4
[13:47:14.527] [SEVERE ] placing card 33 in slot 5
[13:47:14.642] [SEVERE ] placing card 64 in slot 6
[13:47:14.750] [SEVERE ] placing card 55 in slot 7
[13:47:14.860] [SEVERE ] placing card 29 in slot 8
[13:47:14.961] [SEVERE ] placing card 31 in slot 9
[13:47:15.072] [SEVERE ] placing card 49 in slot 10
[13:47:15.174] [SEVERE ] placing card 60 in slot 11
[13:47:15.174] [SEVERE ] updating countdown to 58705
[13:47:16.189] [SEVERE ] updating countdown to 57690
[13:47:16.189] [SEVERE ] updating countdown to 57690
[13:47:17.203] [SEVERE ] updating countdown to 56676
[13:47:17.203] [SEVERE ] updating countdown to 56676
[13:47:18.215] [SEVERE ] updating countdown to 55664
[13:47:18.215] [SEVERE ] updating countdown to 55664
[13:47:19.230] [SEVERE ] updating countdown to 54649
[13:47:19.231] [SEVERE ] updating countdown to 54648
[13:47:20.240] [SEVERE ] updating countdown to 53639
[13:47:20.241] [SEVERE ] updating countdown to 53638
[13:47:21.253] [SEVERE ] updating countdown to 52626
[13:47:21.253] [SEVERE ] updating countdown to 52626
[13:47:22.255] [SEVERE ] updating countdown to 51624
[13:47:22.256] [SEVERE ] updating countdown to 51623
[13:47:23.270] [SEVERE ] updating countdown to 50609
[13:47:23.271] [SEVERE ] updating countdown to 50608
[13:47:24.285] [SEVERE ] updating countdown to 49594
[13:47:24.286] [SEVERE ] updating countdown to 49593
[13:47:25.298] [SEVERE ] updating countdown to 48581
[13:47:25.299] [SEVERE ] updating countdown to 48580
[13:47:26.312] [SEVERE ] updating countdown to 47567
[13:47:26.312] [SEVERE ] updating countdown to 47567
[13:47:27.324] [SEVERE ] updating countdown to 46555
[13:47:27.324] [SEVERE ] updating countdown to 46555
[13:47:28.339] [SEVERE ] updating countdown to 45540
[13:47:28.339] [SEVERE ] updating countdown to 45540
[13:47:29.353] [SEVERE ] updating countdown to 44526
[13:47:29.354] [SEVERE ] updating countdown to 44525
[13:47:30.365] [SEVERE ] updating countdown to 43514
[13:47:30.365] [SEVERE ] updating countdown to 43514
[13:47:31.368] [SEVERE ] updating countdown to 42511
[13:47:31.368] [SEVERE ] updating countdown to 42511
[13:47:31.929] [SEVERE ] exit button pressed
[13:47:31.929] [SEVERE ] disposing of user interface elements
