[13:42:39.446] [INFO   ] thread bguspl.set.Main.main() starting.
[13:42:39.446] [SEVERE ] cannot read configuration file config.properties trying from resources.
[13:42:39.446] [SEVERE ] configuration file was loaded from resources directory.
[13:42:39.868] [INFO   ] thread dealer starting.
[13:42:39.868] [INFO   ] thread dealer starting.
[13:42:39.868] [SEVERE ] updating countdown to 60000
[13:42:39.976] [SEVERE ] placing card 44 in slot 0
[13:42:40.080] [SEVERE ] placing card 47 in slot 1
[13:42:40.193] [SEVERE ] placing card 58 in slot 2
[13:42:40.298] [SEVERE ] placing card 39 in slot 3
[13:42:40.414] [SEVERE ] placing card 66 in slot 4
[13:42:40.524] [SEVERE ] placing card 40 in slot 5
[13:42:40.626] [SEVERE ] placing card 25 in slot 6
[13:42:40.728] [SEVERE ] placing card 54 in slot 7
[13:42:40.840] [SEVERE ] placing card 61 in slot 8
[13:42:40.941] [SEVERE ] placing card 19 in slot 9
[13:42:41.057] [SEVERE ] placing card 76 in slot 10
[13:42:41.158] [SEVERE ] placing card 32 in slot 11
[13:42:42.171] [SEVERE ] updating countdown to 57697
[13:42:42.171] [SEVERE ] updating countdown to 57697
[13:42:43.184] [SEVERE ] updating countdown to 56684
[13:42:43.184] [SEVERE ] updating countdown to 56684
[13:42:43.921] [SEVERE ] exit button pressed
[13:42:43.921] [SEVERE ] disposing of user interface elements
