[19:11:40.152] [INFO   ] thread main starting.
[19:11:40.155] [SEVERE ] cannot read configuration file config.properties trying from resources.
[19:11:40.161] [SEVERE ] configuration file was loaded from resources directory.
[19:11:40.690] [INFO   ] thread dealer starting.
[19:11:40.691] [INFO   ] thread dealer starting.
[19:11:40.693] [SEVERE ] updating countdown to 60000
[19:11:40.693] [INFO   ] thread Thread-0 starting.
[19:11:40.693] [INFO   ] thread Thread-1 starting.
[19:11:41.207] [SEVERE ] updating countdown to 59486
[19:11:41.315] [SEVERE ] placing card 40 in slot 0
[19:11:41.424] [SEVERE ] placing card 61 in slot 1
[19:11:41.540] [SEVERE ] placing card 0 in slot 2
[19:11:41.652] [SEVERE ] placing card 9 in slot 3
[19:11:41.762] [SEVERE ] placing card 63 in slot 4
[19:11:41.868] [SEVERE ] placing card 32 in slot 5
[19:11:41.968] [SEVERE ] placing card 42 in slot 6
[19:11:42.071] [SEVERE ] placing card 59 in slot 7
[19:11:42.185] [SEVERE ] placing card 1 in slot 8
[19:11:42.295] [SEVERE ] placing card 68 in slot 9
[19:11:42.403] [SEVERE ] placing card 10 in slot 10
[19:11:42.513] [SEVERE ] placing card 30 in slot 11
[19:11:42.513] [SEVERE ] updating countdown to 58180
[19:11:43.528] [SEVERE ] updating countdown to 57165
[19:11:43.528] [SEVERE ] updating countdown to 57165
[19:11:44.532] [SEVERE ] updating countdown to 56161
[19:11:44.532] [SEVERE ] updating countdown to 56161
[19:11:45.543] [SEVERE ] updating countdown to 55150
[19:11:45.543] [SEVERE ] updating countdown to 55150
[19:11:46.550] [SEVERE ] updating countdown to 54143
[19:11:46.550] [SEVERE ] updating countdown to 54143
[19:11:47.559] [SEVERE ] updating countdown to 53134
[19:11:47.559] [SEVERE ] updating countdown to 53134
[19:11:48.569] [SEVERE ] updating countdown to 52124
[19:11:48.569] [SEVERE ] updating countdown to 52124
[19:11:49.580] [SEVERE ] updating countdown to 51113
[19:11:49.580] [SEVERE ] updating countdown to 51113
[19:11:50.592] [SEVERE ] updating countdown to 50101
[19:11:50.592] [SEVERE ] updating countdown to 50101
[19:11:51.595] [SEVERE ] updating countdown to 49098
[19:11:51.595] [SEVERE ] updating countdown to 49098
[19:11:52.598] [SEVERE ] updating countdown to 48095
[19:11:52.598] [SEVERE ] updating countdown to 48095
[19:11:53.604] [SEVERE ] updating countdown to 47089
[19:11:53.604] [SEVERE ] updating countdown to 47089
[19:11:54.614] [SEVERE ] updating countdown to 46079
[19:11:54.614] [SEVERE ] updating countdown to 46079
[19:11:55.625] [SEVERE ] updating countdown to 45068
[19:11:55.625] [SEVERE ] updating countdown to 45068
[19:11:56.630] [SEVERE ] updating countdown to 44063
[19:11:56.630] [SEVERE ] updating countdown to 44063
[19:11:57.641] [SEVERE ] updating countdown to 43052
[19:11:57.641] [SEVERE ] updating countdown to 43052
[19:11:58.644] [SEVERE ] updating countdown to 42049
[19:11:58.645] [SEVERE ] updating countdown to 42048
[19:11:59.658] [SEVERE ] updating countdown to 41035
[19:11:59.659] [SEVERE ] updating countdown to 41034
[19:12:00.669] [SEVERE ] updating countdown to 40024
[19:12:00.669] [SEVERE ] updating countdown to 40024
[19:12:01.682] [SEVERE ] updating countdown to 39011
[19:12:01.682] [SEVERE ] updating countdown to 39011
[19:12:02.697] [SEVERE ] updating countdown to 37996
[19:12:02.697] [SEVERE ] updating countdown to 37996
[19:12:02.767] [SEVERE ] key 81 was pressed by player 1
[19:12:02.767] [SEVERE ] player 1 placing token on slot 0
[19:12:03.711] [SEVERE ] updating countdown to 36982
[19:12:03.711] [SEVERE ] updating countdown to 36982
[19:12:04.718] [SEVERE ] updating countdown to 35975
[19:12:04.718] [SEVERE ] updating countdown to 35975
[19:12:05.042] [SEVERE ] key 87 was pressed by player 1
[19:12:05.042] [SEVERE ] player 1 placing token on slot 1
[19:12:05.723] [SEVERE ] updating countdown to 34970
[19:12:05.723] [SEVERE ] updating countdown to 34970
[19:12:06.736] [SEVERE ] updating countdown to 33957
[19:12:06.736] [SEVERE ] updating countdown to 33957
[19:12:07.749] [SEVERE ] updating countdown to 32944
[19:12:07.749] [SEVERE ] updating countdown to 32944
[19:12:08.751] [SEVERE ] updating countdown to 31942
[19:12:08.751] [SEVERE ] updating countdown to 31942
[19:12:09.761] [SEVERE ] updating countdown to 30932
[19:12:09.762] [SEVERE ] updating countdown to 30931
[19:12:10.776] [SEVERE ] updating countdown to 29917
[19:12:10.778] [SEVERE ] updating countdown to 29915
[19:12:11.781] [SEVERE ] updating countdown to 28912
[19:12:11.782] [SEVERE ] updating countdown to 28911
[19:12:12.784] [SEVERE ] updating countdown to 27909
[19:12:12.785] [SEVERE ] updating countdown to 27908
[19:12:13.797] [SEVERE ] updating countdown to 26896
[19:12:13.798] [SEVERE ] updating countdown to 26895
[19:12:14.812] [SEVERE ] updating countdown to 25881
[19:12:14.813] [SEVERE ] updating countdown to 25880
[19:12:15.825] [SEVERE ] updating countdown to 24868
[19:12:15.825] [SEVERE ] updating countdown to 24868
[19:12:16.661] [SEVERE ] key 83 was pressed by player 1
[19:12:16.661] [SEVERE ] player 1 placing token on slot 5
[19:12:16.828] [SEVERE ] updating countdown to 23865
[19:12:16.828] [SEVERE ] setting player 1 freeze to 3000
[19:12:17.470] [SEVERE ] key 83 was pressed by player 1
[19:12:19.834] [SEVERE ] setting player 1 freeze to 0
[19:12:19.834] [SEVERE ] updating countdown to 20859
[19:12:20.837] [SEVERE ] updating countdown to 19856
[19:12:20.837] [SEVERE ] updating countdown to 19856
[19:12:20.855] [SEVERE ] key 83 was pressed by player 1
[19:12:20.856] [SEVERE ] removing player 1 token from slot 5
[19:12:21.225] [SEVERE ] key 65 was pressed by player 1
[19:12:21.233] [SEVERE ] player 1 placing token on slot 4
[19:12:21.844] [SEVERE ] updating countdown to 18849
[19:12:21.844] [SEVERE ] setting player 1 freeze to 3000
[19:12:24.854] [SEVERE ] setting player 1 freeze to 0
[19:12:24.855] [SEVERE ] updating countdown to 15838
[19:12:25.864] [SEVERE ] updating countdown to 14829
[19:12:25.865] [SEVERE ] updating countdown to 14828
[19:12:26.866] [SEVERE ] updating countdown to 13827
[19:12:26.866] [SEVERE ] updating countdown to 13827
[19:12:27.879] [SEVERE ] updating countdown to 12814
[19:12:27.880] [SEVERE ] updating countdown to 12813
[19:12:28.240] [SEVERE ] key 83 was pressed by player 1
[19:12:28.890] [SEVERE ] updating countdown to 11803
[19:12:28.890] [SEVERE ] updating countdown to 11803
[19:12:29.892] [SEVERE ] updating countdown to 10801
[19:12:29.892] [SEVERE ] updating countdown to 10801
[19:12:30.899] [SEVERE ] updating countdown to 9794
[19:12:30.900] [SEVERE ] updating countdown to 9793
[19:12:31.913] [SEVERE ] updating countdown to 8780
[19:12:31.913] [SEVERE ] updating countdown to 8780
[19:12:32.915] [SEVERE ] updating countdown to 7778
[19:12:32.917] [SEVERE ] updating countdown to 7776
[19:12:33.929] [SEVERE ] updating countdown to 6764
[19:12:33.930] [SEVERE ] updating countdown to 6763
[19:12:34.945] [SEVERE ] updating countdown to 5748
[19:12:34.945] [SEVERE ] updating countdown to 5748
[19:12:35.956] [SEVERE ] updating countdown to 4737
[19:12:35.956] [SEVERE ] updating countdown to 4737
[19:12:36.409] [SEVERE ] exit button pressed
[19:12:36.409] [SEVERE ] disposing of user interface elements
[19:12:36.409] [INFO   ] thread Thread-0 terminated.
[19:12:36.409] [INFO   ] thread Thread-1 terminated.
