[17:24:36.880] [INFO   ] thread main starting.
[17:24:36.898] [SEVERE ] cannot read configuration file config.properties trying from resources.
[17:24:36.900] [SEVERE ] configuration file was loaded from resources directory.
[17:24:37.579] [INFO   ] thread dealer starting.
[17:24:37.580] [INFO   ] thread dealer starting.
[17:24:37.581] [SEVERE ] updating countdown to 60000
[17:24:37.582] [INFO   ] thread Thread-1 starting.
[17:24:37.582] [INFO   ] thread Thread-0 starting.
[17:24:38.091] [SEVERE ] updating countdown to 59490
[17:24:38.208] [SEVERE ] placing card 70 in slot 0
[17:24:38.311] [SEVERE ] placing card 57 in slot 1
[17:24:38.425] [SEVERE ] placing card 59 in slot 2
[17:24:38.540] [SEVERE ] placing card 60 in slot 3
[17:24:38.657] [SEVERE ] placing card 14 in slot 4
[17:24:38.772] [SEVERE ] placing card 37 in slot 5
[17:24:38.874] [SEVERE ] placing card 68 in slot 6
[17:24:38.988] [SEVERE ] placing card 64 in slot 7
[17:24:39.092] [SEVERE ] placing card 7 in slot 8
[17:24:39.203] [SEVERE ] placing card 18 in slot 9
[17:24:39.313] [SEVERE ] placing card 54 in slot 10
[17:24:39.423] [SEVERE ] placing card 43 in slot 11
[17:24:39.423] [SEVERE ] updating countdown to 58158
[17:24:40.436] [SEVERE ] updating countdown to 57145
[17:24:40.436] [SEVERE ] updating countdown to 57145
[17:24:41.451] [SEVERE ] updating countdown to 56130
[17:24:41.451] [SEVERE ] updating countdown to 56130
[17:24:42.465] [SEVERE ] updating countdown to 55116
[17:24:42.465] [SEVERE ] updating countdown to 55116
[17:24:43.476] [SEVERE ] updating countdown to 54105
[17:24:43.477] [SEVERE ] updating countdown to 54104
[17:24:44.481] [SEVERE ] updating countdown to 53100
[17:24:44.481] [SEVERE ] updating countdown to 53100
[17:24:45.496] [SEVERE ] updating countdown to 52085
[17:24:45.496] [SEVERE ] updating countdown to 52085
[17:24:46.510] [SEVERE ] updating countdown to 51071
[17:24:46.510] [SEVERE ] updating countdown to 51071
[17:24:47.525] [SEVERE ] updating countdown to 50056
[17:24:47.525] [SEVERE ] updating countdown to 50056
[17:24:48.379] [SEVERE ] key 87 was pressed by player 1
[17:24:48.379] [SEVERE ] player 1 placing token on slot 1
[17:24:48.527] [SEVERE ] updating countdown to 49054
[17:24:48.527] [SEVERE ] updating countdown to 49054
[17:24:49.192] [SEVERE ] key 65 was pressed by player 1
[17:24:49.192] [SEVERE ] player 1 placing token on slot 4
[17:24:49.541] [SEVERE ] updating countdown to 48040
[17:24:49.541] [SEVERE ] updating countdown to 48040
[17:24:50.490] [SEVERE ] key 68 was pressed by player 1
[17:24:50.490] [SEVERE ] player 1 placing token on slot 6
[17:24:50.542] [SEVERE ] updating countdown to 47039
[17:24:50.542] [SEVERE ] setting player 1 freeze to 3000
[17:24:51.759] [SEVERE ] key 68 was pressed by player 1
[17:24:52.710] [SEVERE ] key 83 was pressed by player 1
[17:24:53.382] [SEVERE ] key 65 was pressed by player 1
[17:24:53.555] [SEVERE ] setting player 1 freeze to 0
[17:24:53.555] [SEVERE ] updating countdown to 44026
[17:24:53.928] [SEVERE ] key 87 was pressed by player 1
[17:24:53.931] [SEVERE ] removing player 1 token from slot 1
[17:24:54.555] [SEVERE ] updating countdown to 43026
[17:24:54.555] [SEVERE ] updating countdown to 43026
[17:24:54.754] [SEVERE ] key 83 was pressed by player 1
[17:24:54.754] [SEVERE ] player 1 placing token on slot 5
[17:24:55.567] [SEVERE ] updating countdown to 42014
[17:24:55.567] [SEVERE ] setting player 1 freeze to 3000
[17:24:55.567] [SEVERE ] key 83 was pressed by player 1
[17:24:55.960] [SEVERE ] key 83 was pressed by player 1
[17:24:57.427] [SEVERE ] key 83 was pressed by player 1
[17:24:57.895] [SEVERE ] key 83 was pressed by player 1
[17:24:58.288] [SEVERE ] key 65 was pressed by player 1
[17:24:58.569] [SEVERE ] setting player 1 freeze to 0
[17:24:58.569] [SEVERE ] updating countdown to 39012
[17:24:58.617] [SEVERE ] key 87 was pressed by player 1
[17:24:59.580] [SEVERE ] updating countdown to 38001
[17:24:59.580] [SEVERE ] updating countdown to 38001
[17:25:00.583] [SEVERE ] updating countdown to 36998
[17:25:00.583] [SEVERE ] updating countdown to 36998
[17:25:01.595] [SEVERE ] updating countdown to 35986
[17:25:01.595] [SEVERE ] updating countdown to 35986
[17:25:02.551] [SEVERE ] key 79 was pressed by player 2
[17:25:02.551] [SEVERE ] player 2 placing token on slot 2
[17:25:02.598] [SEVERE ] updating countdown to 34983
[17:25:02.598] [SEVERE ] updating countdown to 34983
[17:25:03.580] [SEVERE ] key 80 was pressed by player 2
[17:25:03.580] [SEVERE ] player 2 placing token on slot 3
[17:25:03.611] [SEVERE ] updating countdown to 33970
[17:25:03.611] [SEVERE ] updating countdown to 33970
[17:25:04.457] [SEVERE ] key 73 was pressed by player 2
[17:25:04.457] [SEVERE ] player 2 placing token on slot 1
[17:25:04.618] [SEVERE ] updating countdown to 32963
[17:25:04.618] [SEVERE ] setting player 2 freeze to 3000
[17:25:05.673] [SEVERE ] key 80 was pressed by player 2
[17:25:05.889] [SEVERE ] key 73 was pressed by player 2
[17:25:06.094] [SEVERE ] key 80 was pressed by player 2
[17:25:06.172] [SEVERE ] key 65 was pressed by player 1
[17:25:06.172] [SEVERE ] removing player 1 token from slot 4
[17:25:06.329] [SEVERE ] key 83 was pressed by player 1
[17:25:06.329] [SEVERE ] removing player 1 token from slot 5
[17:25:06.985] [SEVERE ] key 68 was pressed by player 1
[17:25:06.986] [SEVERE ] removing player 1 token from slot 6
[17:25:07.046] [SEVERE ] key 65 was pressed by player 1
[17:25:07.047] [SEVERE ] player 1 placing token on slot 4
[17:25:07.070] [SEVERE ] key 83 was pressed by player 1
[17:25:07.070] [SEVERE ] player 1 placing token on slot 5
[17:25:07.213] [SEVERE ] key 68 was pressed by player 1
[17:25:07.213] [SEVERE ] player 1 placing token on slot 6
[17:25:07.346] [SEVERE ] key 65 was pressed by player 1
[17:25:07.393] [SEVERE ] key 83 was pressed by player 1
[17:25:07.472] [SEVERE ] key 68 was pressed by player 1
[17:25:07.613] [SEVERE ] key 65 was pressed by player 1
[17:25:07.628] [SEVERE ] setting player 2 freeze to 0
[17:25:07.628] [SEVERE ] updating countdown to 29953
[17:25:07.707] [SEVERE ] key 83 was pressed by player 1
[17:25:07.753] [SEVERE ] key 68 was pressed by player 1
[17:25:07.926] [SEVERE ] key 65 was pressed by player 1
[17:25:08.037] [SEVERE ] key 83 was pressed by player 1
[17:25:08.086] [SEVERE ] key 68 was pressed by player 1
[17:25:08.636] [SEVERE ] updating countdown to 28945
[17:25:08.636] [SEVERE ] setting player 1 freeze to 3000
[17:25:09.183] [SEVERE ] key 76 was pressed by player 2
[17:25:10.984] [SEVERE ] key 65 was pressed by player 1
[17:25:11.495] [SEVERE ] key 81 was pressed by player 1
[17:25:11.651] [SEVERE ] setting player 1 freeze to 0
[17:25:11.651] [SEVERE ] updating countdown to 25930
[17:25:11.791] [SEVERE ] key 87 was pressed by player 1
[17:25:11.851] [SEVERE ] key 81 was pressed by player 1
[17:25:12.666] [SEVERE ] updating countdown to 24915
[17:25:12.666] [SEVERE ] updating countdown to 24915
[17:25:13.080] [SEVERE ] key 76 was pressed by player 2
[17:25:13.681] [SEVERE ] updating countdown to 23900
[17:25:13.681] [SEVERE ] updating countdown to 23900
[17:25:14.683] [SEVERE ] updating countdown to 22898
[17:25:14.683] [SEVERE ] updating countdown to 22898
[17:25:15.697] [SEVERE ] updating countdown to 21884
[17:25:15.697] [SEVERE ] updating countdown to 21884
[17:25:16.322] [SEVERE ] key 76 was pressed by player 2
[17:25:16.712] [SEVERE ] updating countdown to 20869
[17:25:16.712] [SEVERE ] updating countdown to 20869
[17:25:17.042] [SEVERE ] key 76 was pressed by player 2
[17:25:17.540] [SEVERE ] key 76 was pressed by player 2
[17:25:17.714] [SEVERE ] updating countdown to 19867
[17:25:17.714] [SEVERE ] updating countdown to 19867
[17:25:17.933] [SEVERE ] key 76 was pressed by player 2
[17:25:18.725] [SEVERE ] updating countdown to 18856
[17:25:18.725] [SEVERE ] updating countdown to 18856
[17:25:19.740] [SEVERE ] updating countdown to 17841
[17:25:19.740] [SEVERE ] updating countdown to 17841
[17:25:20.085] [SEVERE ] key 79 was pressed by player 2
[17:25:20.085] [SEVERE ] removing player 2 token from slot 2
[17:25:20.741] [SEVERE ] updating countdown to 16840
[17:25:20.741] [SEVERE ] updating countdown to 16840
[17:25:20.804] [SEVERE ] key 79 was pressed by player 2
[17:25:20.804] [SEVERE ] player 2 placing token on slot 2
[17:25:21.755] [SEVERE ] updating countdown to 15826
[17:25:21.755] [SEVERE ] setting player 2 freeze to 3000
[17:25:22.959] [SEVERE ] key 65 was pressed by player 1
[17:25:22.959] [SEVERE ] removing player 1 token from slot 4
[17:25:23.581] [SEVERE ] key 65 was pressed by player 1
[17:25:23.581] [SEVERE ] player 1 placing token on slot 4
[17:25:24.171] [SEVERE ] key 65 was pressed by player 1
[17:25:24.405] [SEVERE ] key 65 was pressed by player 1
[17:25:24.662] [SEVERE ] key 65 was pressed by player 1
[17:25:24.757] [SEVERE ] setting player 2 freeze to 0
[17:25:24.757] [SEVERE ] updating countdown to 12824
[17:25:25.770] [SEVERE ] updating countdown to 11811
[17:25:25.770] [SEVERE ] setting player 1 freeze to 3000
[17:25:25.813] [SEVERE ] key 65 was pressed by player 1
[17:25:28.783] [SEVERE ] setting player 1 freeze to 0
[17:25:28.783] [SEVERE ] updating countdown to 8798
[17:25:29.798] [SEVERE ] updating countdown to 7783
[17:25:29.798] [SEVERE ] updating countdown to 7783
[17:25:30.220] [SEVERE ] key 76 was pressed by player 2
[17:25:30.815] [SEVERE ] updating countdown to 6766
[17:25:30.815] [SEVERE ] updating countdown to 6766
[17:25:30.846] [SEVERE ] key 76 was pressed by player 2
[17:25:31.670] [SEVERE ] key 65 was pressed by player 1
[17:25:31.670] [SEVERE ] removing player 1 token from slot 4
[17:25:31.824] [SEVERE ] updating countdown to 5757
[17:25:31.824] [SEVERE ] updating countdown to 5757
[17:25:32.141] [SEVERE ] key 65 was pressed by player 1
[17:25:32.141] [SEVERE ] player 1 placing token on slot 4
[17:25:32.464] [SEVERE ] key 65 was pressed by player 1
[17:25:32.835] [SEVERE ] updating countdown to 4746
[17:25:32.835] [SEVERE ] setting player 1 freeze to 3000
[17:25:32.942] [SEVERE ] key 65 was pressed by player 1
[17:25:35.845] [SEVERE ] setting player 1 freeze to 0
[17:25:35.845] [SEVERE ] updating countdown to 1736
[17:25:37.875] [SEVERE ] updating countdown to 60000
[17:25:37.984] [SEVERE ] removing card from slot 0
[17:25:38.093] [SEVERE ] removing player 2 token from slot 1
[17:25:38.093] [SEVERE ] removing card from slot 1
[17:25:38.203] [SEVERE ] removing player 2 token from slot 2
[17:25:38.203] [SEVERE ] removing card from slot 2
[17:25:38.308] [SEVERE ] removing player 2 token from slot 3
[17:25:38.308] [SEVERE ] removing card from slot 3
[17:25:38.418] [SEVERE ] removing player 1 token from slot 4
[17:25:38.418] [SEVERE ] removing card from slot 4
[17:25:38.528] [SEVERE ] removing player 1 token from slot 5
[17:25:38.528] [SEVERE ] removing card from slot 5
[17:25:38.638] [SEVERE ] removing player 1 token from slot 6
[17:25:38.638] [SEVERE ] removing card from slot 6
[17:25:38.747] [SEVERE ] removing card from slot 7
[17:25:38.857] [SEVERE ] removing card from slot 8
[17:25:38.966] [SEVERE ] removing card from slot 9
[17:25:39.076] [SEVERE ] removing card from slot 10
[17:25:39.186] [SEVERE ] removing card from slot 11
[17:25:39.296] [SEVERE ] placing card 45 in slot 0
[17:25:39.406] [SEVERE ] placing card 31 in slot 1
[17:25:39.516] [SEVERE ] placing card 24 in slot 2
[17:25:39.625] [SEVERE ] placing card 4 in slot 3
[17:25:39.735] [SEVERE ] placing card 55 in slot 4
[17:25:39.845] [SEVERE ] placing card 54 in slot 5
[17:25:39.954] [SEVERE ] placing card 25 in slot 6
[17:25:40.063] [SEVERE ] placing card 32 in slot 7
[17:25:40.171] [SEVERE ] placing card 56 in slot 8
[17:25:40.280] [SEVERE ] placing card 10 in slot 9
[17:25:40.390] [SEVERE ] placing card 28 in slot 10
[17:25:40.499] [SEVERE ] placing card 34 in slot 11
[17:25:40.499] [SEVERE ] updating countdown to 57376
[17:25:41.512] [SEVERE ] updating countdown to 56363
[17:25:41.512] [SEVERE ] updating countdown to 56363
[17:25:42.433] [SEVERE ] key 75 was pressed by player 2
[17:25:42.433] [SEVERE ] player 2 placing token on slot 5
[17:25:42.516] [SEVERE ] updating countdown to 55359
[17:25:42.516] [SEVERE ] updating countdown to 55359
[17:25:43.529] [SEVERE ] updating countdown to 54346
[17:25:43.529] [SEVERE ] updating countdown to 54346
[17:25:43.712] [SEVERE ] key 76 was pressed by player 2
[17:25:43.714] [SEVERE ] player 2 placing token on slot 6
[17:25:44.541] [SEVERE ] updating countdown to 53334
[17:25:44.541] [SEVERE ] updating countdown to 53334
[17:25:44.651] [SEVERE ] key 79 was pressed by player 2
[17:25:44.651] [SEVERE ] player 2 placing token on slot 2
[17:25:45.543] [SEVERE ] updating countdown to 52332
[17:25:45.543] [SEVERE ] updating countdown to 52332
[17:25:45.684] [SEVERE ] key 80 was pressed by player 2
[17:25:46.336] [SEVERE ] key 80 was pressed by player 2
[17:25:46.552] [SEVERE ] updating countdown to 51323
[17:25:46.552] [SEVERE ] updating countdown to 51323
[17:25:47.555] [SEVERE ] updating countdown to 50320
[17:25:47.555] [SEVERE ] updating countdown to 50320
[17:25:48.275] [SEVERE ] key 80 was pressed by player 2
[17:25:48.556] [SEVERE ] updating countdown to 49319
[17:25:48.556] [SEVERE ] updating countdown to 49319
[17:25:49.124] [SEVERE ] key 73 was pressed by player 2
[17:25:49.562] [SEVERE ] updating countdown to 48313
[17:25:49.562] [SEVERE ] key 73 was pressed by player 2
[17:25:49.562] [SEVERE ] updating countdown to 48313
[17:25:49.791] [SEVERE ] key 73 was pressed by player 2
[17:25:50.567] [SEVERE ] updating countdown to 47308
[17:25:50.567] [SEVERE ] updating countdown to 47308
[17:25:51.582] [SEVERE ] updating countdown to 46293
[17:25:51.582] [SEVERE ] updating countdown to 46293
[17:25:52.162] [SEVERE ] key 75 was pressed by player 2
[17:25:52.162] [SEVERE ] removing player 2 token from slot 5
[17:25:52.597] [SEVERE ] updating countdown to 45278
[17:25:52.597] [SEVERE ] updating countdown to 45278
[17:25:52.614] [SEVERE ] key 75 was pressed by player 2
[17:25:52.614] [SEVERE ] player 2 placing token on slot 5
[17:25:53.599] [SEVERE ] updating countdown to 44276
[17:25:53.599] [SEVERE ] setting player 2 freeze to 3000
[17:25:55.112] [SEVERE ] key 65 was pressed by player 1
[17:25:55.112] [SEVERE ] player 1 placing token on slot 4
[17:25:56.001] [SEVERE ] key 87 was pressed by player 1
[17:25:56.001] [SEVERE ] player 1 placing token on slot 1
[17:25:56.627] [SEVERE ] setting player 2 freeze to 0
[17:25:56.627] [SEVERE ] updating countdown to 41248
[17:25:56.659] [SEVERE ] key 81 was pressed by player 1
[17:25:56.659] [SEVERE ] player 1 placing token on slot 0
[17:25:57.638] [SEVERE ] updating countdown to 40237
[17:25:57.638] [SEVERE ] updating countdown to 40237
[17:25:58.650] [SEVERE ] updating countdown to 39225
[17:25:58.650] [SEVERE ] updating countdown to 39225
[17:25:59.654] [SEVERE ] updating countdown to 38221
[17:25:59.654] [SEVERE ] updating countdown to 38221
[17:26:00.656] [SEVERE ] updating countdown to 37219
[17:26:00.656] [SEVERE ] updating countdown to 37219
[17:26:01.656] [SEVERE ] updating countdown to 36219
[17:26:01.656] [SEVERE ] updating countdown to 36219
[17:26:01.873] [SEVERE ] key 69 was pressed by player 1
[17:26:02.659] [SEVERE ] updating countdown to 35216
[17:26:02.659] [SEVERE ] updating countdown to 35216
[17:26:02.841] [SEVERE ] key 69 was pressed by player 1
[17:26:03.479] [SEVERE ] key 69 was pressed by player 1
[17:26:03.672] [SEVERE ] updating countdown to 34203
[17:26:03.672] [SEVERE ] updating countdown to 34203
[17:26:04.030] [SEVERE ] key 69 was pressed by player 1
[17:26:04.488] [SEVERE ] key 69 was pressed by player 1
[17:26:04.685] [SEVERE ] updating countdown to 33190
[17:26:04.685] [SEVERE ] updating countdown to 33190
[17:26:05.700] [SEVERE ] updating countdown to 32175
[17:26:05.700] [SEVERE ] updating countdown to 32175
[17:26:05.980] [SEVERE ] key 69 was pressed by player 1
[17:26:06.242] [SEVERE ] key 81 was pressed by player 1
[17:26:06.258] [SEVERE ] removing player 1 token from slot 0
[17:26:06.400] [SEVERE ] key 87 was pressed by player 1
[17:26:06.400] [SEVERE ] removing player 1 token from slot 1
[17:26:06.583] [SEVERE ] key 69 was pressed by player 1
[17:26:06.583] [SEVERE ] player 1 placing token on slot 2
[17:26:06.716] [SEVERE ] updating countdown to 31159
[17:26:06.716] [SEVERE ] updating countdown to 31159
[17:26:07.510] [SEVERE ] key 65 was pressed by player 1
[17:26:07.510] [SEVERE ] removing player 1 token from slot 4
[17:26:07.631] [SEVERE ] key 83 was pressed by player 1
[17:26:07.631] [SEVERE ] player 1 placing token on slot 5
[17:26:07.731] [SEVERE ] updating countdown to 30144
[17:26:07.731] [SEVERE ] updating countdown to 30144
[17:26:07.843] [SEVERE ] key 68 was pressed by player 1
[17:26:07.843] [SEVERE ] player 1 placing token on slot 6
[17:26:08.737] [SEVERE ] updating countdown to 29138
[17:26:08.737] [SEVERE ] setting player 1 freeze to 3000
[17:26:08.738] [SEVERE ] key 75 was pressed by player 2
[17:26:08.738] [SEVERE ] removing player 2 token from slot 5
[17:26:09.821] [SEVERE ] key 75 was pressed by player 2
[17:26:09.821] [SEVERE ] player 2 placing token on slot 5
[17:26:10.086] [SEVERE ] key 80 was pressed by player 2
[17:26:10.249] [SEVERE ] key 81 was pressed by player 1
[17:26:10.327] [SEVERE ] key 87 was pressed by player 1
[17:26:10.484] [SEVERE ] key 87 was pressed by player 1
[17:26:10.484] [SEVERE ] key 79 was pressed by player 2
[17:26:10.703] [SEVERE ] key 79 was pressed by player 2
[17:26:10.735] [SEVERE ] key 80 was pressed by player 2
[17:26:10.813] [SEVERE ] key 73 was pressed by player 2
[17:26:11.046] [SEVERE ] key 80 was pressed by player 2
[17:26:11.102] [SEVERE ] key 79 was pressed by player 2
[17:26:11.180] [SEVERE ] key 73 was pressed by player 2
[17:26:11.446] [SEVERE ] key 80 was pressed by player 2
[17:26:11.477] [SEVERE ] key 79 was pressed by player 2
[17:26:11.743] [SEVERE ] setting player 1 freeze to 0
[17:26:11.743] [SEVERE ] updating countdown to 26132
[17:26:11.838] [SEVERE ] key 76 was pressed by player 2
[17:26:12.053] [SEVERE ] key 75 was pressed by player 2
[17:26:12.461] [SEVERE ] key 76 was pressed by player 2
[17:26:12.758] [SEVERE ] updating countdown to 25117
[17:26:12.758] [SEVERE ] setting player 2 freeze to 3000
[17:26:12.778] [SEVERE ] key 80 was pressed by player 2
[17:26:12.818] [SEVERE ] key 79 was pressed by player 2
[17:26:12.961] [SEVERE ] key 73 was pressed by player 2
[17:26:13.195] [SEVERE ] key 80 was pressed by player 2
[17:26:13.258] [SEVERE ] key 73 was pressed by player 2
[17:26:13.273] [SEVERE ] key 79 was pressed by player 2
[17:26:13.540] [SEVERE ] key 80 was pressed by player 2
[17:26:13.571] [SEVERE ] key 79 was pressed by player 2
[17:26:13.728] [SEVERE ] key 73 was pressed by player 2
[17:26:14.071] [SEVERE ] key 73 was pressed by player 2
[17:26:14.101] [SEVERE ] key 79 was pressed by player 2
[17:26:14.226] [SEVERE ] key 80 was pressed by player 2
[17:26:14.368] [SEVERE ] key 73 was pressed by player 2
[17:26:14.588] [SEVERE ] key 80 was pressed by player 2
[17:26:14.604] [SEVERE ] key 79 was pressed by player 2
[17:26:14.815] [SEVERE ] key 73 was pressed by player 2
[17:26:14.971] [SEVERE ] key 79 was pressed by player 2
[17:26:15.002] [SEVERE ] key 80 was pressed by player 2
[17:26:15.209] [SEVERE ] key 73 was pressed by player 2
[17:26:15.335] [SEVERE ] key 80 was pressed by player 2
[17:26:15.571] [SEVERE ] key 73 was pressed by player 2
[17:26:15.571] [SEVERE ] key 79 was pressed by player 2
[17:26:15.758] [SEVERE ] setting player 2 freeze to 0
[17:26:15.758] [SEVERE ] updating countdown to 22117
[17:26:15.900] [SEVERE ] key 73 was pressed by player 2
[17:26:16.134] [SEVERE ] key 80 was pressed by player 2
[17:26:16.414] [SEVERE ] key 80 was pressed by player 2
[17:26:16.650] [SEVERE ] key 80 was pressed by player 2
[17:26:16.769] [SEVERE ] updating countdown to 21106
[17:26:16.769] [SEVERE ] updating countdown to 21106
[17:26:16.869] [SEVERE ] key 80 was pressed by player 2
[17:26:17.772] [SEVERE ] updating countdown to 20103
[17:26:17.772] [SEVERE ] updating countdown to 20103
[17:26:18.778] [SEVERE ] updating countdown to 19097
[17:26:18.778] [SEVERE ] updating countdown to 19097
[17:26:19.597] [SEVERE ] key 75 was pressed by player 2
[17:26:19.597] [SEVERE ] removing player 2 token from slot 5
[17:26:19.779] [SEVERE ] updating countdown to 18096
[17:26:19.779] [SEVERE ] updating countdown to 18096
[17:26:20.107] [SEVERE ] key 75 was pressed by player 2
[17:26:20.107] [SEVERE ] player 2 placing token on slot 5
[17:26:20.410] [SEVERE ] key 75 was pressed by player 2
[17:26:20.786] [SEVERE ] updating countdown to 17089
[17:26:20.786] [SEVERE ] setting player 2 freeze to 3000
[17:26:21.208] [SEVERE ] key 75 was pressed by player 2
[17:26:21.737] [SEVERE ] key 65 was pressed by player 1
[17:26:21.892] [SEVERE ] key 83 was pressed by player 1
[17:26:21.892] [SEVERE ] removing player 1 token from slot 5
[17:26:21.960] [SEVERE ] key 68 was pressed by player 1
[17:26:21.960] [SEVERE ] removing player 1 token from slot 6
[17:26:22.154] [SEVERE ] key 65 was pressed by player 1
[17:26:22.154] [SEVERE ] player 1 placing token on slot 4
[17:26:22.270] [SEVERE ] key 83 was pressed by player 1
[17:26:22.270] [SEVERE ] player 1 placing token on slot 5
[17:26:22.297] [SEVERE ] key 68 was pressed by player 1
[17:26:22.516] [SEVERE ] key 65 was pressed by player 1
[17:26:22.704] [SEVERE ] key 68 was pressed by player 1
[17:26:22.783] [SEVERE ] key 87 was pressed by player 1
[17:26:23.253] [SEVERE ] key 87 was pressed by player 1
[17:26:23.332] [SEVERE ] key 68 was pressed by player 1
[17:26:23.516] [SEVERE ] key 65 was pressed by player 1
[17:26:23.663] [SEVERE ] key 83 was pressed by player 1
[17:26:23.797] [SEVERE ] setting player 2 freeze to 0
[17:26:23.797] [SEVERE ] updating countdown to 14078
[17:26:23.798] [SEVERE ] key 68 was pressed by player 1
[17:26:23.985] [SEVERE ] key 65 was pressed by player 1
[17:26:24.110] [SEVERE ] key 83 was pressed by player 1
[17:26:24.141] [SEVERE ] key 68 was pressed by player 1
[17:26:24.329] [SEVERE ] key 65 was pressed by player 1
[17:26:24.453] [SEVERE ] key 83 was pressed by player 1
[17:26:24.499] [SEVERE ] key 68 was pressed by player 1
[17:26:24.609] [SEVERE ] key 65 was pressed by player 1
[17:26:24.656] [SEVERE ] key 83 was pressed by player 1
[17:26:24.796] [SEVERE ] key 68 was pressed by player 1
[17:26:24.812] [SEVERE ] updating countdown to 13063
[17:26:24.812] [SEVERE ] setting player 1 freeze to 3000
[17:26:25.029] [SEVERE ] key 87 was pressed by player 1
[17:26:25.876] [SEVERE ] key 76 was pressed by player 2
[17:26:25.876] [SEVERE ] removing player 2 token from slot 6
[17:26:26.045] [SEVERE ] key 75 was pressed by player 2
[17:26:26.045] [SEVERE ] removing player 2 token from slot 5
[17:26:26.321] [SEVERE ] key 79 was pressed by player 2
[17:26:26.321] [SEVERE ] removing player 2 token from slot 2
[17:26:26.545] [SEVERE ] key 75 was pressed by player 2
[17:26:26.545] [SEVERE ] player 2 placing token on slot 5
[17:26:26.773] [SEVERE ] key 80 was pressed by player 2
[17:26:26.773] [SEVERE ] player 2 placing token on slot 3
[17:26:27.114] [SEVERE ] key 75 was pressed by player 2
[17:26:27.114] [SEVERE ] removing player 2 token from slot 5
[17:26:27.152] [SEVERE ] key 80 was pressed by player 2
[17:26:27.152] [SEVERE ] removing player 2 token from slot 3
[17:26:27.448] [SEVERE ] key 79 was pressed by player 2
[17:26:27.448] [SEVERE ] player 2 placing token on slot 2
[17:26:27.657] [SEVERE ] key 75 was pressed by player 2
[17:26:27.657] [SEVERE ] player 2 placing token on slot 5
[17:26:27.823] [SEVERE ] setting player 1 freeze to 0
[17:26:27.823] [SEVERE ] updating countdown to 10052
[17:26:27.838] [SEVERE ] key 80 was pressed by player 2
[17:26:27.838] [SEVERE ] player 2 placing token on slot 3
[17:26:28.099] [SEVERE ] key 75 was pressed by player 2
[17:26:28.131] [SEVERE ] key 79 was pressed by player 2
[17:26:28.475] [SEVERE ] key 80 was pressed by player 2
[17:26:28.825] [SEVERE ] updating countdown to 9050
[17:26:28.825] [SEVERE ] setting player 2 freeze to 3000
[17:26:29.457] [SEVERE ] key 65 was pressed by player 1
[17:26:29.457] [SEVERE ] removing player 1 token from slot 4
[17:26:29.685] [SEVERE ] key 83 was pressed by player 1
[17:26:29.686] [SEVERE ] removing player 1 token from slot 5
[17:26:29.738] [SEVERE ] key 68 was pressed by player 1
[17:26:29.738] [SEVERE ] player 1 placing token on slot 6
[17:26:30.799] [SEVERE ] key 65 was pressed by player 1
[17:26:30.799] [SEVERE ] player 1 placing token on slot 4
[17:26:31.832] [SEVERE ] setting player 2 freeze to 0
[17:26:31.832] [SEVERE ] updating countdown to 6043
[17:26:31.894] [SEVERE ] key 87 was pressed by player 1
[17:26:32.412] [SEVERE ] key 79 was pressed by player 2
[17:26:32.412] [SEVERE ] removing player 2 token from slot 2
[17:26:32.445] [SEVERE ] key 80 was pressed by player 2
[17:26:32.446] [SEVERE ] removing player 2 token from slot 3
[17:26:32.846] [SEVERE ] updating countdown to 5029
[17:26:32.846] [SEVERE ] setting player 1 freeze to 3000
[17:26:33.245] [SEVERE ] key 65 was pressed by player 1
[17:26:33.605] [SEVERE ] key 65 was pressed by player 1
[17:26:33.855] [SEVERE ] key 65 was pressed by player 1
[17:26:34.130] [SEVERE ] key 68 was pressed by player 1
[17:26:34.396] [SEVERE ] key 68 was pressed by player 1
[17:26:34.616] [SEVERE ] key 68 was pressed by player 1
[17:26:35.337] [SEVERE ] key 76 was pressed by player 2
[17:26:35.337] [SEVERE ] player 2 placing token on slot 6
[17:26:35.853] [SEVERE ] setting player 1 freeze to 0
[17:26:35.853] [SEVERE ] updating countdown to 2022
[17:26:35.932] [SEVERE ] key 80 was pressed by player 2
[17:26:35.932] [SEVERE ] player 2 placing token on slot 3
[17:26:35.950] [SEVERE ] key 79 was pressed by player 2
[17:26:36.617] [SEVERE ] key 80 was pressed by player 2
[17:26:36.867] [SEVERE ] updating countdown to 1008
[17:26:36.867] [SEVERE ] setting player 2 freeze to 3000
[17:26:37.377] [SEVERE ] key 76 was pressed by player 2
[17:26:37.692] [SEVERE ] key 75 was pressed by player 2
[17:26:37.722] [SEVERE ] key 76 was pressed by player 2
[17:26:37.869] [SEVERE ] key 75 was pressed by player 2
[17:26:38.417] [SEVERE ] key 80 was pressed by player 2
[17:26:38.433] [SEVERE ] key 79 was pressed by player 2
[17:26:38.684] [SEVERE ] key 79 was pressed by player 2
[17:26:38.699] [SEVERE ] key 75 was pressed by player 2
[17:26:39.381] [SEVERE ] key 76 was pressed by player 2
[17:26:39.548] [SEVERE ] key 75 was pressed by player 2
[17:26:39.829] [SEVERE ] key 79 was pressed by player 2
[17:26:39.845] [SEVERE ] key 80 was pressed by player 2
[17:26:39.876] [SEVERE ] setting player 2 freeze to 0
[17:26:39.876] [SEVERE ] updating countdown to 60000
[17:26:39.992] [SEVERE ] removing card from slot 0
[17:26:40.101] [SEVERE ] removing card from slot 1
[17:26:40.210] [SEVERE ] removing player 1 token from slot 2
[17:26:40.210] [SEVERE ] removing card from slot 2
[17:26:40.320] [SEVERE ] removing player 2 token from slot 3
[17:26:40.320] [SEVERE ] removing card from slot 3
[17:26:40.430] [SEVERE ] removing player 1 token from slot 4
[17:26:40.430] [SEVERE ] removing card from slot 4
[17:26:40.539] [SEVERE ] removing player 2 token from slot 5
[17:26:40.539] [SEVERE ] removing card from slot 5
[17:26:40.649] [SEVERE ] removing player 1 token from slot 6
[17:26:40.649] [SEVERE ] removing card from slot 6
[17:26:40.758] [SEVERE ] removing card from slot 7
[17:26:40.868] [SEVERE ] removing card from slot 8
[17:26:40.977] [SEVERE ] removing card from slot 9
[17:26:41.083] [SEVERE ] removing card from slot 10
[17:26:41.192] [SEVERE ] removing card from slot 11
[17:26:41.301] [SEVERE ] placing card 70 in slot 0
[17:26:41.411] [SEVERE ] placing card 46 in slot 1
[17:26:41.520] [SEVERE ] placing card 64 in slot 2
[17:26:41.629] [SEVERE ] placing card 39 in slot 3
[17:26:41.740] [SEVERE ] placing card 29 in slot 4
[17:26:41.849] [SEVERE ] placing card 33 in slot 5
[17:26:41.959] [SEVERE ] placing card 34 in slot 6
[17:26:42.066] [SEVERE ] placing card 71 in slot 7
[17:26:42.176] [SEVERE ] placing card 19 in slot 8
[17:26:42.286] [SEVERE ] placing card 78 in slot 9
[17:26:42.396] [SEVERE ] placing card 51 in slot 10
[17:26:42.506] [SEVERE ] placing card 66 in slot 11
[17:26:42.506] [SEVERE ] updating countdown to 57370
[17:26:43.363] [SEVERE ] key 76 was pressed by player 2
[17:26:43.363] [SEVERE ] removing player 2 token from slot 6
[17:26:43.515] [SEVERE ] updating countdown to 56361
[17:26:43.515] [SEVERE ] updating countdown to 56361
[17:26:43.859] [SEVERE ] key 76 was pressed by player 2
[17:26:43.859] [SEVERE ] player 2 placing token on slot 6
[17:26:44.129] [SEVERE ] key 76 was pressed by player 2
[17:26:44.129] [SEVERE ] removing player 2 token from slot 6
[17:26:44.328] [SEVERE ] key 76 was pressed by player 2
[17:26:44.328] [SEVERE ] player 2 placing token on slot 6
[17:26:44.527] [SEVERE ] updating countdown to 55349
[17:26:44.527] [SEVERE ] updating countdown to 55349
[17:26:44.527] [SEVERE ] key 76 was pressed by player 2
[17:26:44.527] [SEVERE ] removing player 2 token from slot 6
[17:26:44.726] [SEVERE ] key 76 was pressed by player 2
[17:26:44.726] [SEVERE ] player 2 placing token on slot 6
[17:26:45.533] [SEVERE ] updating countdown to 54343
[17:26:45.533] [SEVERE ] updating countdown to 54343
[17:26:45.875] [SEVERE ] key 76 was pressed by player 2
[17:26:45.875] [SEVERE ] removing player 2 token from slot 6
[17:26:46.347] [SEVERE ] key 76 was pressed by player 2
[17:26:46.347] [SEVERE ] player 2 placing token on slot 6
[17:26:46.537] [SEVERE ] updating countdown to 53339
[17:26:46.537] [SEVERE ] updating countdown to 53339
[17:26:46.928] [SEVERE ] key 76 was pressed by player 2
[17:26:46.928] [SEVERE ] removing player 2 token from slot 6
[17:26:47.221] [SEVERE ] key 79 was pressed by player 2
[17:26:47.221] [SEVERE ] player 2 placing token on slot 2
[17:26:47.545] [SEVERE ] updating countdown to 52331
[17:26:47.545] [SEVERE ] updating countdown to 52331
[17:26:47.717] [SEVERE ] key 76 was pressed by player 2
[17:26:47.717] [SEVERE ] player 2 placing token on slot 6
[17:26:48.552] [SEVERE ] updating countdown to 51324
[17:26:48.552] [SEVERE ] updating countdown to 51324
[17:26:49.037] [SEVERE ] key 80 was pressed by player 2
[17:26:49.037] [SEVERE ] player 2 placing token on slot 3
[17:26:49.567] [SEVERE ] updating countdown to 50309
[17:26:49.567] [SEVERE ] updating countdown to 50309
[17:26:50.583] [SEVERE ] updating countdown to 49293
[17:26:50.583] [SEVERE ] updating countdown to 49293
[17:26:51.353] [SEVERE ] key 65 was pressed by player 1
[17:26:51.354] [SEVERE ] player 1 placing token on slot 4
[17:26:51.597] [SEVERE ] updating countdown to 48279
[17:26:51.597] [SEVERE ] updating countdown to 48279
[17:26:52.082] [SEVERE ] key 68 was pressed by player 1
[17:26:52.082] [SEVERE ] player 1 placing token on slot 6
[17:26:52.610] [SEVERE ] updating countdown to 47266
[17:26:52.610] [SEVERE ] updating countdown to 47266
[17:26:53.624] [SEVERE ] updating countdown to 46252
[17:26:53.624] [SEVERE ] updating countdown to 46252
[17:26:53.640] [SEVERE ] key 87 was pressed by player 1
[17:26:53.640] [SEVERE ] player 1 placing token on slot 1
[17:26:54.626] [SEVERE ] updating countdown to 45250
[17:26:54.626] [SEVERE ] updating countdown to 45250
[17:26:54.782] [SEVERE ] key 81 was pressed by player 1
[17:26:55.640] [SEVERE ] updating countdown to 44236
[17:26:55.640] [SEVERE ] updating countdown to 44236
[17:26:55.812] [SEVERE ] key 68 was pressed by player 1
[17:26:55.812] [SEVERE ] removing player 1 token from slot 6
[17:26:56.641] [SEVERE ] updating countdown to 43235
[17:26:56.641] [SEVERE ] updating countdown to 43235
[17:26:57.655] [SEVERE ] updating countdown to 42221
[17:26:57.655] [SEVERE ] updating countdown to 42221
[17:26:57.749] [SEVERE ] key 68 was pressed by player 1
[17:26:57.749] [SEVERE ] player 1 placing token on slot 6
[17:26:58.669] [SEVERE ] updating countdown to 41207
[17:26:58.669] [SEVERE ] setting player 1 freeze to 3000
[17:27:00.121] [SEVERE ] key 80 was pressed by player 2
[17:27:00.121] [SEVERE ] removing player 2 token from slot 3
[17:27:01.000] [SEVERE ] key 80 was pressed by player 2
[17:27:01.000] [SEVERE ] player 2 placing token on slot 3
[17:27:01.699] [SEVERE ] setting player 1 freeze to 0
[17:27:01.699] [SEVERE ] updating countdown to 38177
[17:27:02.701] [SEVERE ] updating countdown to 37175
[17:27:02.701] [SEVERE ] setting player 2 freeze to 3000
[17:27:04.326] [SEVERE ] key 81 was pressed by player 1
[17:27:04.777] [SEVERE ] key 81 was pressed by player 1
[17:27:05.423] [SEVERE ] key 65 was pressed by player 1
[17:27:05.423] [SEVERE ] removing player 1 token from slot 4
[17:27:05.712] [SEVERE ] setting player 2 freeze to 0
[17:27:05.712] [SEVERE ] updating countdown to 34164
[17:27:05.793] [SEVERE ] key 65 was pressed by player 1
[17:27:05.793] [SEVERE ] player 1 placing token on slot 4
[17:27:06.719] [SEVERE ] updating countdown to 33157
[17:27:06.719] [SEVERE ] setting player 1 freeze to 3000
[17:27:07.512] [SEVERE ] key 80 was pressed by player 2
[17:27:07.512] [SEVERE ] removing player 2 token from slot 3
[17:27:07.776] [SEVERE ] key 80 was pressed by player 2
[17:27:07.776] [SEVERE ] player 2 placing token on slot 3
[17:27:09.728] [SEVERE ] setting player 1 freeze to 0
[17:27:09.728] [SEVERE ] updating countdown to 30148
[17:27:10.730] [SEVERE ] updating countdown to 29146
[17:27:10.730] [SEVERE ] setting player 2 freeze to 3000
[17:27:12.831] [SEVERE ] key 65 was pressed by player 1
[17:27:12.831] [SEVERE ] removing player 1 token from slot 4
[17:27:13.193] [SEVERE ] key 65 was pressed by player 1
[17:27:13.193] [SEVERE ] player 1 placing token on slot 4
[17:27:13.740] [SEVERE ] setting player 2 freeze to 0
[17:27:13.740] [SEVERE ] updating countdown to 26136
[17:27:13.803] [SEVERE ] key 83 was pressed by player 1
[17:27:14.521] [SEVERE ] key 81 was pressed by player 1
[17:27:14.755] [SEVERE ] updating countdown to 25121
[17:27:14.755] [SEVERE ] setting player 1 freeze to 3000
[17:27:15.160] [SEVERE ] key 81 was pressed by player 1
[17:27:15.661] [SEVERE ] key 69 was pressed by player 1
[17:27:16.125] [SEVERE ] key 68 was pressed by player 1
[17:27:17.768] [SEVERE ] setting player 1 freeze to 0
[17:27:17.768] [SEVERE ] updating countdown to 22108
[17:27:18.770] [SEVERE ] updating countdown to 21106
[17:27:18.770] [SEVERE ] updating countdown to 21106
[17:27:19.786] [SEVERE ] updating countdown to 20090
[17:27:19.786] [SEVERE ] updating countdown to 20090
[17:27:20.789] [SEVERE ] updating countdown to 19087
[17:27:20.789] [SEVERE ] updating countdown to 19087
[17:27:21.800] [SEVERE ] updating countdown to 18076
[17:27:21.800] [SEVERE ] updating countdown to 18076
[17:27:22.814] [SEVERE ] updating countdown to 17062
[17:27:22.814] [SEVERE ] updating countdown to 17062
[17:27:23.827] [SEVERE ] updating countdown to 16049
[17:27:23.827] [SEVERE ] updating countdown to 16049
[17:27:24.842] [SEVERE ] updating countdown to 15034
[17:27:24.842] [SEVERE ] updating countdown to 15034
[17:27:25.844] [SEVERE ] updating countdown to 14032
[17:27:25.844] [SEVERE ] updating countdown to 14032
[17:27:26.859] [SEVERE ] updating countdown to 13017
[17:27:26.859] [SEVERE ] updating countdown to 13017
[17:27:27.871] [SEVERE ] updating countdown to 12005
[17:27:27.871] [SEVERE ] updating countdown to 12005
[17:27:28.873] [SEVERE ] updating countdown to 11003
[17:27:28.873] [SEVERE ] updating countdown to 11003
[17:27:29.888] [SEVERE ] updating countdown to 9988
[17:27:29.888] [SEVERE ] updating countdown to 9988
[17:27:30.903] [SEVERE ] updating countdown to 8973
[17:27:30.903] [SEVERE ] updating countdown to 8973
[17:27:31.919] [SEVERE ] updating countdown to 7957
[17:27:31.919] [SEVERE ] updating countdown to 7957
[17:27:32.933] [SEVERE ] updating countdown to 6943
[17:27:32.933] [SEVERE ] updating countdown to 6943
[17:27:33.948] [SEVERE ] updating countdown to 5928
[17:27:33.948] [SEVERE ] updating countdown to 5928
[17:27:34.949] [SEVERE ] updating countdown to 4927
[17:27:34.949] [SEVERE ] updating countdown to 4927
[17:27:35.962] [SEVERE ] updating countdown to 3914
[17:27:35.962] [SEVERE ] updating countdown to 3914
[17:27:36.962] [SEVERE ] updating countdown to 2914
[17:27:36.962] [SEVERE ] updating countdown to 2914
[17:27:37.976] [SEVERE ] updating countdown to 1900
[17:27:37.976] [SEVERE ] updating countdown to 1900
[17:27:40.006] [SEVERE ] updating countdown to 60000
[17:27:40.116] [SEVERE ] removing card from slot 0
[17:27:40.226] [SEVERE ] removing player 1 token from slot 1
[17:27:40.226] [SEVERE ] removing card from slot 1
[17:27:40.335] [SEVERE ] removing player 2 token from slot 2
[17:27:40.335] [SEVERE ] removing card from slot 2
[17:27:40.444] [SEVERE ] removing player 2 token from slot 3
[17:27:40.444] [SEVERE ] removing card from slot 3
[17:27:40.554] [SEVERE ] removing player 1 token from slot 4
[17:27:40.554] [SEVERE ] removing card from slot 4
[17:27:40.664] [SEVERE ] removing card from slot 5
[17:27:40.773] [SEVERE ] removing player 2 token from slot 6
[17:27:40.773] [SEVERE ] removing card from slot 6
[17:27:40.882] [SEVERE ] removing card from slot 7
[17:27:40.991] [SEVERE ] removing card from slot 8
[17:27:41.100] [SEVERE ] removing card from slot 9
[17:27:41.211] [SEVERE ] removing card from slot 10
[17:27:41.320] [SEVERE ] removing card from slot 11
[17:27:41.430] [SEVERE ] placing card 21 in slot 0
[17:27:41.543] [SEVERE ] placing card 59 in slot 1
[17:27:41.653] [SEVERE ] placing card 79 in slot 2
[17:27:41.763] [SEVERE ] placing card 63 in slot 3
[17:27:41.872] [SEVERE ] placing card 33 in slot 4
[17:27:41.982] [SEVERE ] placing card 35 in slot 5
[17:27:42.083] [SEVERE ] placing card 34 in slot 6
[17:27:42.193] [SEVERE ] placing card 3 in slot 7
[17:27:42.303] [SEVERE ] placing card 64 in slot 8
[17:27:42.413] [SEVERE ] placing card 67 in slot 9
[17:27:42.522] [SEVERE ] placing card 27 in slot 10
[17:27:42.632] [SEVERE ] placing card 11 in slot 11
[17:27:42.632] [SEVERE ] updating countdown to 57374
[17:27:43.639] [SEVERE ] updating countdown to 56367
[17:27:43.639] [SEVERE ] updating countdown to 56367
[17:27:44.643] [SEVERE ] updating countdown to 55363
[17:27:44.643] [SEVERE ] updating countdown to 55363
[17:27:45.645] [SEVERE ] updating countdown to 54361
[17:27:45.645] [SEVERE ] updating countdown to 54361
[17:27:46.658] [SEVERE ] updating countdown to 53348
[17:27:46.658] [SEVERE ] updating countdown to 53348
[17:27:47.665] [SEVERE ] updating countdown to 52341
[17:27:47.665] [SEVERE ] updating countdown to 52341
[17:27:48.672] [SEVERE ] updating countdown to 51334
[17:27:48.672] [SEVERE ] updating countdown to 51334
[17:27:49.682] [SEVERE ] updating countdown to 50324
[17:27:49.682] [SEVERE ] updating countdown to 50324
[17:27:50.689] [SEVERE ] updating countdown to 49317
[17:27:50.689] [SEVERE ] updating countdown to 49317
[17:27:51.699] [SEVERE ] updating countdown to 48307
[17:27:51.699] [SEVERE ] updating countdown to 48307
[17:27:52.702] [SEVERE ] updating countdown to 47304
[17:27:52.702] [SEVERE ] updating countdown to 47304
[17:27:53.717] [SEVERE ] updating countdown to 46289
[17:27:53.717] [SEVERE ] updating countdown to 46289
[17:27:54.718] [SEVERE ] updating countdown to 45288
[17:27:54.718] [SEVERE ] updating countdown to 45288
[17:27:55.720] [SEVERE ] updating countdown to 44286
[17:27:55.721] [SEVERE ] updating countdown to 44285
[17:27:56.731] [SEVERE ] updating countdown to 43275
[17:27:56.731] [SEVERE ] updating countdown to 43275
[17:27:57.733] [SEVERE ] updating countdown to 42273
[17:27:57.733] [SEVERE ] updating countdown to 42273
[17:27:58.740] [SEVERE ] updating countdown to 41266
[17:27:58.740] [SEVERE ] updating countdown to 41266
[17:27:59.748] [SEVERE ] updating countdown to 40258
[17:27:59.748] [SEVERE ] updating countdown to 40258
[17:28:00.763] [SEVERE ] updating countdown to 39243
[17:28:00.763] [SEVERE ] updating countdown to 39243
[17:28:01.777] [SEVERE ] updating countdown to 38229
[17:28:01.777] [SEVERE ] updating countdown to 38229
[17:28:02.780] [SEVERE ] updating countdown to 37226
[17:28:02.780] [SEVERE ] updating countdown to 37226
[17:28:03.792] [SEVERE ] updating countdown to 36214
[17:28:03.792] [SEVERE ] updating countdown to 36214
[17:28:04.794] [SEVERE ] updating countdown to 35212
[17:28:04.794] [SEVERE ] updating countdown to 35212
[17:28:05.808] [SEVERE ] updating countdown to 34198
[17:28:05.808] [SEVERE ] updating countdown to 34198
[17:28:06.814] [SEVERE ] updating countdown to 33192
[17:28:06.814] [SEVERE ] updating countdown to 33192
[17:28:07.827] [SEVERE ] updating countdown to 32179
[17:28:07.827] [SEVERE ] updating countdown to 32179
[17:28:08.832] [SEVERE ] updating countdown to 31174
[17:28:08.832] [SEVERE ] updating countdown to 31174
[17:28:09.834] [SEVERE ] updating countdown to 30172
[17:28:09.834] [SEVERE ] updating countdown to 30172
[17:28:10.847] [SEVERE ] updating countdown to 29159
[17:28:10.847] [SEVERE ] updating countdown to 29159
[17:28:11.853] [SEVERE ] updating countdown to 28153
[17:28:11.853] [SEVERE ] updating countdown to 28153
[17:28:12.862] [SEVERE ] updating countdown to 27144
[17:28:12.862] [SEVERE ] updating countdown to 27144
[17:28:13.874] [SEVERE ] updating countdown to 26132
[17:28:13.874] [SEVERE ] updating countdown to 26132
[17:28:14.886] [SEVERE ] updating countdown to 25120
[17:28:14.886] [SEVERE ] updating countdown to 25120
[17:28:15.887] [SEVERE ] updating countdown to 24119
[17:28:15.887] [SEVERE ] updating countdown to 24119
[17:28:16.889] [SEVERE ] updating countdown to 23117
[17:28:16.889] [SEVERE ] updating countdown to 23117
[17:28:17.902] [SEVERE ] updating countdown to 22104
[17:28:17.902] [SEVERE ] updating countdown to 22104
[17:28:18.910] [SEVERE ] updating countdown to 21096
[17:28:18.910] [SEVERE ] updating countdown to 21096
[17:28:19.915] [SEVERE ] updating countdown to 20091
[17:28:19.915] [SEVERE ] updating countdown to 20091
[17:28:20.922] [SEVERE ] updating countdown to 19084
[17:28:20.922] [SEVERE ] updating countdown to 19084
[17:28:21.931] [SEVERE ] updating countdown to 18075
[17:28:21.931] [SEVERE ] updating countdown to 18075
[17:28:22.941] [SEVERE ] updating countdown to 17065
[17:28:22.941] [SEVERE ] updating countdown to 17065
[17:28:23.953] [SEVERE ] updating countdown to 16053
[17:28:23.953] [SEVERE ] updating countdown to 16053
[17:28:24.961] [SEVERE ] updating countdown to 15045
[17:28:24.961] [SEVERE ] updating countdown to 15045
[17:28:25.976] [SEVERE ] updating countdown to 14030
[17:28:25.976] [SEVERE ] updating countdown to 14030
[17:28:26.978] [SEVERE ] updating countdown to 13028
[17:28:26.978] [SEVERE ] updating countdown to 13028
[17:28:27.990] [SEVERE ] updating countdown to 12016
[17:28:27.990] [SEVERE ] updating countdown to 12016
[17:28:29.005] [SEVERE ] updating countdown to 11001
[17:28:29.005] [SEVERE ] updating countdown to 11001
[17:28:30.018] [SEVERE ] updating countdown to 9988
[17:28:30.018] [SEVERE ] updating countdown to 9988
[17:28:31.033] [SEVERE ] updating countdown to 8973
[17:28:31.033] [SEVERE ] updating countdown to 8973
[17:28:32.048] [SEVERE ] updating countdown to 7958
[17:28:32.048] [SEVERE ] updating countdown to 7958
[17:28:33.063] [SEVERE ] updating countdown to 6943
[17:28:33.063] [SEVERE ] updating countdown to 6943
[17:28:34.063] [SEVERE ] updating countdown to 5943
[17:28:34.063] [SEVERE ] updating countdown to 5943
[17:28:35.064] [SEVERE ] updating countdown to 4942
[17:28:35.064] [SEVERE ] updating countdown to 4942
[17:28:36.069] [SEVERE ] updating countdown to 3937
[17:28:36.069] [SEVERE ] updating countdown to 3937
[17:28:37.071] [SEVERE ] updating countdown to 2935
[17:28:37.071] [SEVERE ] updating countdown to 2935
[17:28:38.075] [SEVERE ] updating countdown to 1931
[17:28:38.075] [SEVERE ] updating countdown to 1931
[17:28:40.104] [SEVERE ] updating countdown to 60000
[17:28:40.215] [SEVERE ] removing card from slot 0
[17:28:40.324] [SEVERE ] removing card from slot 1
[17:28:40.432] [SEVERE ] removing card from slot 2
[17:28:40.541] [SEVERE ] removing card from slot 3
[17:28:40.647] [SEVERE ] removing card from slot 4
[17:28:40.756] [SEVERE ] removing card from slot 5
[17:28:40.865] [SEVERE ] removing player 1 token from slot 6
[17:28:40.865] [SEVERE ] removing card from slot 6
[17:28:40.974] [SEVERE ] removing card from slot 7
[17:28:41.084] [SEVERE ] removing card from slot 8
[17:28:41.193] [SEVERE ] removing card from slot 9
[17:28:41.305] [SEVERE ] removing card from slot 10
[17:28:41.414] [SEVERE ] removing card from slot 11
[17:28:41.525] [SEVERE ] placing card 70 in slot 0
[17:28:41.631] [SEVERE ] placing card 46 in slot 1
[17:28:41.740] [SEVERE ] placing card 47 in slot 2
[17:28:41.851] [SEVERE ] placing card 10 in slot 3
[17:28:41.959] [SEVERE ] placing card 42 in slot 4
[17:28:42.071] [SEVERE ] placing card 50 in slot 5
[17:28:42.177] [SEVERE ] placing card 30 in slot 6
[17:28:42.286] [SEVERE ] placing card 54 in slot 7
[17:28:42.395] [SEVERE ] placing card 12 in slot 8
[17:28:42.506] [SEVERE ] placing card 69 in slot 9
[17:28:42.616] [SEVERE ] placing card 43 in slot 10
[17:28:42.725] [SEVERE ] placing card 78 in slot 11
[17:28:42.725] [SEVERE ] updating countdown to 57379
[17:28:43.728] [SEVERE ] updating countdown to 56376
[17:28:43.728] [SEVERE ] updating countdown to 56376
[17:28:44.735] [SEVERE ] updating countdown to 55369
[17:28:44.735] [SEVERE ] updating countdown to 55369
[17:28:45.743] [SEVERE ] updating countdown to 54361
[17:28:45.743] [SEVERE ] updating countdown to 54361
[17:28:46.747] [SEVERE ] updating countdown to 53357
[17:28:46.747] [SEVERE ] updating countdown to 53357
[17:28:47.762] [SEVERE ] updating countdown to 52342
[17:28:47.762] [SEVERE ] updating countdown to 52342
[17:28:48.773] [SEVERE ] updating countdown to 51331
[17:28:48.773] [SEVERE ] updating countdown to 51331
[17:28:49.775] [SEVERE ] updating countdown to 50329
[17:28:49.775] [SEVERE ] updating countdown to 50329
[17:28:50.784] [SEVERE ] updating countdown to 49320
[17:28:50.784] [SEVERE ] updating countdown to 49320
[17:28:51.788] [SEVERE ] updating countdown to 48316
[17:28:51.788] [SEVERE ] updating countdown to 48316
[17:28:52.791] [SEVERE ] updating countdown to 47313
[17:28:52.791] [SEVERE ] updating countdown to 47313
[17:28:53.806] [SEVERE ] updating countdown to 46298
[17:28:53.806] [SEVERE ] updating countdown to 46298
[17:28:54.812] [SEVERE ] updating countdown to 45292
[17:28:54.812] [SEVERE ] updating countdown to 45292
[17:28:55.814] [SEVERE ] updating countdown to 44290
[17:28:55.814] [SEVERE ] updating countdown to 44290
[17:28:56.819] [SEVERE ] updating countdown to 43285
[17:28:56.819] [SEVERE ] updating countdown to 43285
[17:28:57.831] [SEVERE ] updating countdown to 42273
[17:28:57.831] [SEVERE ] updating countdown to 42273
[17:28:58.837] [SEVERE ] updating countdown to 41267
[17:28:58.837] [SEVERE ] updating countdown to 41267
[17:28:59.846] [SEVERE ] updating countdown to 40258
[17:28:59.846] [SEVERE ] updating countdown to 40258
[17:29:00.847] [SEVERE ] updating countdown to 39257
[17:29:00.847] [SEVERE ] updating countdown to 39257
[17:29:01.851] [SEVERE ] updating countdown to 38253
[17:29:01.851] [SEVERE ] updating countdown to 38253
[17:29:02.859] [SEVERE ] updating countdown to 37245
[17:29:02.859] [SEVERE ] updating countdown to 37245
[17:29:03.860] [SEVERE ] updating countdown to 36244
[17:29:03.860] [SEVERE ] updating countdown to 36244
[17:29:04.864] [SEVERE ] updating countdown to 35240
[17:29:04.864] [SEVERE ] updating countdown to 35240
[17:29:05.877] [SEVERE ] updating countdown to 34227
[17:29:05.877] [SEVERE ] updating countdown to 34227
[17:29:06.891] [SEVERE ] updating countdown to 33213
[17:29:06.891] [SEVERE ] updating countdown to 33213
[17:29:07.893] [SEVERE ] updating countdown to 32211
[17:29:07.893] [SEVERE ] updating countdown to 32211
[17:29:08.907] [SEVERE ] updating countdown to 31197
[17:29:08.907] [SEVERE ] updating countdown to 31197
[17:29:09.913] [SEVERE ] updating countdown to 30191
[17:29:09.913] [SEVERE ] updating countdown to 30191
[17:29:10.918] [SEVERE ] updating countdown to 29186
[17:29:10.918] [SEVERE ] updating countdown to 29186
[17:29:11.922] [SEVERE ] updating countdown to 28182
[17:29:11.922] [SEVERE ] updating countdown to 28182
[17:29:12.934] [SEVERE ] updating countdown to 27170
[17:29:12.934] [SEVERE ] updating countdown to 27170
[17:29:13.941] [SEVERE ] updating countdown to 26163
[17:29:13.941] [SEVERE ] updating countdown to 26163
[17:29:14.947] [SEVERE ] updating countdown to 25157
[17:29:14.947] [SEVERE ] updating countdown to 25157
[17:29:15.951] [SEVERE ] updating countdown to 24153
[17:29:15.951] [SEVERE ] updating countdown to 24153
[17:29:16.958] [SEVERE ] updating countdown to 23146
[17:29:16.958] [SEVERE ] updating countdown to 23146
[17:29:17.974] [SEVERE ] updating countdown to 22130
[17:29:17.974] [SEVERE ] updating countdown to 22130
[17:29:18.980] [SEVERE ] updating countdown to 21124
[17:29:18.980] [SEVERE ] updating countdown to 21124
[17:29:19.994] [SEVERE ] updating countdown to 20110
[17:29:19.994] [SEVERE ] updating countdown to 20110
[17:29:21.000] [SEVERE ] updating countdown to 19104
[17:29:21.000] [SEVERE ] updating countdown to 19104
[17:29:22.010] [SEVERE ] updating countdown to 18094
[17:29:22.010] [SEVERE ] updating countdown to 18094
[17:29:23.014] [SEVERE ] updating countdown to 17090
[17:29:23.014] [SEVERE ] updating countdown to 17090
[17:29:24.022] [SEVERE ] updating countdown to 16082
[17:29:24.023] [SEVERE ] updating countdown to 16081
[17:29:25.038] [SEVERE ] updating countdown to 15066
[17:29:25.038] [SEVERE ] updating countdown to 15066
[17:29:26.039] [SEVERE ] updating countdown to 14065
[17:29:26.039] [SEVERE ] updating countdown to 14065
[17:29:27.051] [SEVERE ] updating countdown to 13053
[17:29:27.051] [SEVERE ] updating countdown to 13053
[17:29:28.062] [SEVERE ] updating countdown to 12042
[17:29:28.062] [SEVERE ] updating countdown to 12042
[17:29:29.069] [SEVERE ] updating countdown to 11035
[17:29:29.069] [SEVERE ] updating countdown to 11035
[17:29:30.084] [SEVERE ] updating countdown to 10020
[17:29:30.084] [SEVERE ] updating countdown to 10020
[17:29:31.088] [SEVERE ] updating countdown to 9016
[17:29:31.088] [SEVERE ] updating countdown to 9016
[17:29:32.101] [SEVERE ] updating countdown to 8003
[17:29:32.101] [SEVERE ] updating countdown to 8003
[17:29:33.104] [SEVERE ] updating countdown to 7000
[17:29:33.104] [SEVERE ] updating countdown to 7000
[17:29:34.117] [SEVERE ] updating countdown to 5987
[17:29:34.117] [SEVERE ] updating countdown to 5987
[17:29:35.127] [SEVERE ] updating countdown to 4977
[17:29:35.127] [SEVERE ] updating countdown to 4977
[17:29:36.142] [SEVERE ] updating countdown to 3962
[17:29:36.142] [SEVERE ] updating countdown to 3962
[17:29:37.158] [SEVERE ] updating countdown to 2946
[17:29:37.158] [SEVERE ] updating countdown to 2946
[17:29:38.161] [SEVERE ] updating countdown to 1943
[17:29:38.161] [SEVERE ] updating countdown to 1943
[17:29:40.188] [SEVERE ] updating countdown to 60000
[17:29:40.299] [SEVERE ] removing card from slot 0
[17:29:40.410] [SEVERE ] removing card from slot 1
[17:29:40.521] [SEVERE ] removing card from slot 2
[17:29:40.632] [SEVERE ] removing card from slot 3
[17:29:40.743] [SEVERE ] removing card from slot 4
[17:29:40.854] [SEVERE ] removing card from slot 5
[17:29:40.964] [SEVERE ] removing card from slot 6
[17:29:41.077] [SEVERE ] removing card from slot 7
[17:29:41.187] [SEVERE ] removing card from slot 8
[17:29:41.297] [SEVERE ] removing card from slot 9
[17:29:41.408] [SEVERE ] removing card from slot 10
[17:29:41.518] [SEVERE ] removing card from slot 11
[17:29:41.628] [SEVERE ] placing card 74 in slot 0
[17:29:41.739] [SEVERE ] placing card 35 in slot 1
[17:29:41.849] [SEVERE ] placing card 15 in slot 2
[17:29:41.960] [SEVERE ] placing card 78 in slot 3
[17:29:42.075] [SEVERE ] placing card 28 in slot 4
[17:29:42.186] [SEVERE ] placing card 32 in slot 5
[17:29:42.297] [SEVERE ] placing card 26 in slot 6
[17:29:42.407] [SEVERE ] placing card 13 in slot 7
[17:29:42.517] [SEVERE ] placing card 41 in slot 8
[17:29:42.628] [SEVERE ] placing card 27 in slot 9
[17:29:42.738] [SEVERE ] placing card 4 in slot 10
[17:29:42.849] [SEVERE ] placing card 46 in slot 11
[17:29:42.849] [SEVERE ] updating countdown to 57339
[17:29:43.854] [SEVERE ] updating countdown to 56334
[17:29:43.854] [SEVERE ] updating countdown to 56334
[17:29:44.867] [SEVERE ] updating countdown to 55321
[17:29:44.867] [SEVERE ] updating countdown to 55321
[17:29:45.877] [SEVERE ] updating countdown to 54311
[17:29:45.877] [SEVERE ] updating countdown to 54311
[17:29:46.883] [SEVERE ] updating countdown to 53305
[17:29:46.883] [SEVERE ] updating countdown to 53305
[17:29:47.894] [SEVERE ] updating countdown to 52294
[17:29:47.894] [SEVERE ] updating countdown to 52294
[17:29:48.908] [SEVERE ] updating countdown to 51280
[17:29:48.908] [SEVERE ] updating countdown to 51280
[17:29:49.923] [SEVERE ] updating countdown to 50265
[17:29:49.923] [SEVERE ] updating countdown to 50265
[17:29:50.936] [SEVERE ] updating countdown to 49252
[17:29:50.936] [SEVERE ] updating countdown to 49252
[17:29:51.945] [SEVERE ] updating countdown to 48243
[17:29:51.945] [SEVERE ] updating countdown to 48243
[17:29:52.951] [SEVERE ] updating countdown to 47237
[17:29:52.951] [SEVERE ] updating countdown to 47237
[17:29:53.963] [SEVERE ] updating countdown to 46225
[17:29:53.963] [SEVERE ] updating countdown to 46225
[17:29:54.976] [SEVERE ] updating countdown to 45212
[17:29:54.976] [SEVERE ] updating countdown to 45212
[17:29:55.980] [SEVERE ] updating countdown to 44208
[17:29:55.980] [SEVERE ] updating countdown to 44208
[17:29:56.988] [SEVERE ] updating countdown to 43200
[17:29:56.988] [SEVERE ] updating countdown to 43200
[17:29:57.997] [SEVERE ] updating countdown to 42191
[17:29:57.997] [SEVERE ] updating countdown to 42191
[17:29:59.008] [SEVERE ] updating countdown to 41180
[17:29:59.008] [SEVERE ] updating countdown to 41180
[17:30:00.012] [SEVERE ] updating countdown to 40176
[17:30:00.012] [SEVERE ] updating countdown to 40176
[17:30:01.023] [SEVERE ] updating countdown to 39165
[17:30:01.023] [SEVERE ] updating countdown to 39165
[17:30:02.025] [SEVERE ] updating countdown to 38163
[17:30:02.025] [SEVERE ] updating countdown to 38163
[17:30:03.036] [SEVERE ] updating countdown to 37152
[17:30:03.036] [SEVERE ] updating countdown to 37152
[17:30:04.039] [SEVERE ] updating countdown to 36149
[17:30:04.039] [SEVERE ] updating countdown to 36149
[17:30:05.050] [SEVERE ] updating countdown to 35138
[17:30:05.050] [SEVERE ] updating countdown to 35138
[17:30:06.063] [SEVERE ] updating countdown to 34125
[17:30:06.063] [SEVERE ] updating countdown to 34125
[17:30:07.064] [SEVERE ] updating countdown to 33124
[17:30:07.064] [SEVERE ] updating countdown to 33124
[17:30:08.079] [SEVERE ] updating countdown to 32109
[17:30:08.079] [SEVERE ] updating countdown to 32109
[17:30:09.094] [SEVERE ] updating countdown to 31094
[17:30:09.094] [SEVERE ] updating countdown to 31094
[17:30:10.107] [SEVERE ] updating countdown to 30081
[17:30:10.107] [SEVERE ] updating countdown to 30081
[17:30:11.111] [SEVERE ] updating countdown to 29077
[17:30:11.111] [SEVERE ] updating countdown to 29077
[17:30:12.122] [SEVERE ] updating countdown to 28066
[17:30:12.122] [SEVERE ] updating countdown to 28066
[17:30:13.138] [SEVERE ] updating countdown to 27050
[17:30:13.138] [SEVERE ] updating countdown to 27050
[17:30:14.153] [SEVERE ] updating countdown to 26035
[17:30:14.153] [SEVERE ] updating countdown to 26035
[17:30:15.165] [SEVERE ] updating countdown to 25023
[17:30:15.165] [SEVERE ] updating countdown to 25023
[17:30:16.167] [SEVERE ] updating countdown to 24021
[17:30:16.167] [SEVERE ] updating countdown to 24021
[17:30:17.179] [SEVERE ] updating countdown to 23009
[17:30:17.179] [SEVERE ] updating countdown to 23009
[17:30:18.193] [SEVERE ] updating countdown to 21995
[17:30:18.193] [SEVERE ] updating countdown to 21995
[17:30:19.207] [SEVERE ] updating countdown to 20981
[17:30:19.207] [SEVERE ] updating countdown to 20981
[17:30:20.208] [SEVERE ] updating countdown to 19980
[17:30:20.208] [SEVERE ] updating countdown to 19980
[17:30:21.220] [SEVERE ] updating countdown to 18968
[17:30:21.220] [SEVERE ] updating countdown to 18968
[17:30:22.222] [SEVERE ] updating countdown to 17966
[17:30:22.222] [SEVERE ] updating countdown to 17966
[17:30:23.237] [SEVERE ] updating countdown to 16951
[17:30:23.237] [SEVERE ] updating countdown to 16951
[17:30:24.246] [SEVERE ] updating countdown to 15942
[17:30:24.246] [SEVERE ] updating countdown to 15942
[17:30:25.246] [SEVERE ] updating countdown to 14942
[17:30:25.246] [SEVERE ] updating countdown to 14942
[17:30:26.255] [SEVERE ] updating countdown to 13933
[17:30:26.255] [SEVERE ] updating countdown to 13933
[17:30:27.260] [SEVERE ] updating countdown to 12928
[17:30:27.260] [SEVERE ] updating countdown to 12928
[17:30:28.274] [SEVERE ] updating countdown to 11914
[17:30:28.274] [SEVERE ] updating countdown to 11914
[17:30:29.274] [SEVERE ] updating countdown to 10914
[17:30:29.274] [SEVERE ] updating countdown to 10914
[17:30:30.275] [SEVERE ] updating countdown to 9913
[17:30:30.275] [SEVERE ] updating countdown to 9913
[17:30:31.287] [SEVERE ] updating countdown to 8901
[17:30:31.287] [SEVERE ] updating countdown to 8901
[17:30:32.289] [SEVERE ] updating countdown to 7899
[17:30:32.289] [SEVERE ] updating countdown to 7899
[17:30:33.298] [SEVERE ] updating countdown to 6890
[17:30:33.298] [SEVERE ] updating countdown to 6890
[17:30:34.304] [SEVERE ] updating countdown to 5884
[17:30:34.304] [SEVERE ] updating countdown to 5884
[17:30:35.316] [SEVERE ] updating countdown to 4872
[17:30:35.316] [SEVERE ] updating countdown to 4872
[17:30:36.317] [SEVERE ] updating countdown to 3871
[17:30:36.317] [SEVERE ] updating countdown to 3871
[17:30:37.318] [SEVERE ] updating countdown to 2870
[17:30:37.318] [SEVERE ] updating countdown to 2870
[17:30:38.332] [SEVERE ] updating countdown to 1856
[17:30:38.332] [SEVERE ] updating countdown to 1856
[17:30:40.347] [SEVERE ] updating countdown to 60000
[17:30:40.458] [SEVERE ] removing card from slot 0
[17:30:40.568] [SEVERE ] removing card from slot 1
[17:30:40.679] [SEVERE ] removing card from slot 2
[17:30:40.788] [SEVERE ] removing card from slot 3
[17:30:40.899] [SEVERE ] removing card from slot 4
[17:30:40.999] [SEVERE ] removing card from slot 5
[17:30:41.110] [SEVERE ] removing card from slot 6
[17:30:41.220] [SEVERE ] removing card from slot 7
[17:30:41.330] [SEVERE ] removing card from slot 8
[17:30:41.441] [SEVERE ] removing card from slot 9
[17:30:41.551] [SEVERE ] removing card from slot 10
[17:30:41.661] [SEVERE ] removing card from slot 11
[17:30:41.772] [SEVERE ] placing card 15 in slot 0
[17:30:41.882] [SEVERE ] placing card 25 in slot 1
[17:30:41.992] [SEVERE ] placing card 32 in slot 2
[17:30:42.107] [SEVERE ] placing card 28 in slot 3
[17:30:42.217] [SEVERE ] placing card 62 in slot 4
[17:30:42.327] [SEVERE ] placing card 76 in slot 5
[17:30:42.437] [SEVERE ] placing card 77 in slot 6
[17:30:42.548] [SEVERE ] placing card 68 in slot 7
[17:30:42.658] [SEVERE ] placing card 7 in slot 8
[17:30:42.768] [SEVERE ] placing card 6 in slot 9
[17:30:42.878] [SEVERE ] placing card 34 in slot 10
[17:30:42.988] [SEVERE ] placing card 18 in slot 11
[17:30:42.988] [SEVERE ] updating countdown to 57359
[17:30:44.003] [SEVERE ] updating countdown to 56344
[17:30:44.003] [SEVERE ] updating countdown to 56344
[17:30:45.005] [SEVERE ] updating countdown to 55342
[17:30:45.005] [SEVERE ] updating countdown to 55342
[17:30:46.020] [SEVERE ] updating countdown to 54327
[17:30:46.020] [SEVERE ] updating countdown to 54327
[17:30:47.034] [SEVERE ] updating countdown to 53313
[17:30:47.034] [SEVERE ] updating countdown to 53313
[17:30:48.039] [SEVERE ] updating countdown to 52308
[17:30:48.039] [SEVERE ] updating countdown to 52308
[17:30:49.048] [SEVERE ] updating countdown to 51299
[17:30:49.048] [SEVERE ] updating countdown to 51299
[17:30:50.049] [SEVERE ] updating countdown to 50298
[17:30:50.049] [SEVERE ] updating countdown to 50298
[17:30:51.050] [SEVERE ] updating countdown to 49297
[17:30:51.050] [SEVERE ] updating countdown to 49297
[17:30:52.062] [SEVERE ] updating countdown to 48285
[17:30:52.062] [SEVERE ] updating countdown to 48285
[17:30:53.077] [SEVERE ] updating countdown to 47270
[17:30:53.077] [SEVERE ] updating countdown to 47270
[17:30:54.084] [SEVERE ] updating countdown to 46263
[17:30:54.084] [SEVERE ] updating countdown to 46263
[17:30:55.088] [SEVERE ] updating countdown to 45259
[17:30:55.088] [SEVERE ] updating countdown to 45259
[17:30:56.091] [SEVERE ] updating countdown to 44256
[17:30:56.091] [SEVERE ] updating countdown to 44256
[17:30:57.106] [SEVERE ] updating countdown to 43241
[17:30:57.106] [SEVERE ] updating countdown to 43241
[17:30:58.108] [SEVERE ] updating countdown to 42239
[17:30:58.108] [SEVERE ] updating countdown to 42239
[17:30:59.114] [SEVERE ] updating countdown to 41233
[17:30:59.114] [SEVERE ] updating countdown to 41233
[17:31:00.120] [SEVERE ] updating countdown to 40227
[17:31:00.120] [SEVERE ] updating countdown to 40227
[17:31:01.132] [SEVERE ] updating countdown to 39215
[17:31:01.132] [SEVERE ] updating countdown to 39215
[17:31:02.133] [SEVERE ] updating countdown to 38214
[17:31:02.133] [SEVERE ] updating countdown to 38214
[17:31:03.149] [SEVERE ] updating countdown to 37198
[17:31:03.149] [SEVERE ] updating countdown to 37198
[17:31:04.162] [SEVERE ] updating countdown to 36185
[17:31:04.162] [SEVERE ] updating countdown to 36185
[17:31:05.178] [SEVERE ] updating countdown to 35169
[17:31:05.178] [SEVERE ] updating countdown to 35169
[17:31:06.192] [SEVERE ] updating countdown to 34155
[17:31:06.192] [SEVERE ] updating countdown to 34155
[17:31:07.205] [SEVERE ] updating countdown to 33142
[17:31:07.205] [SEVERE ] updating countdown to 33142
[17:31:08.207] [SEVERE ] updating countdown to 32140
[17:31:08.207] [SEVERE ] updating countdown to 32140
[17:31:09.221] [SEVERE ] updating countdown to 31126
[17:31:09.221] [SEVERE ] updating countdown to 31126
[17:31:10.237] [SEVERE ] updating countdown to 30110
[17:31:10.237] [SEVERE ] updating countdown to 30110
[17:31:11.251] [SEVERE ] updating countdown to 29096
[17:31:11.251] [SEVERE ] updating countdown to 29096
[17:31:12.251] [SEVERE ] updating countdown to 28096
[17:31:12.251] [SEVERE ] updating countdown to 28096
[17:31:13.252] [SEVERE ] updating countdown to 27095
[17:31:13.252] [SEVERE ] updating countdown to 27095
[17:31:14.265] [SEVERE ] updating countdown to 26082
[17:31:14.265] [SEVERE ] updating countdown to 26082
[17:31:15.267] [SEVERE ] updating countdown to 25080
[17:31:15.267] [SEVERE ] updating countdown to 25080
[17:31:16.281] [SEVERE ] updating countdown to 24066
[17:31:16.281] [SEVERE ] updating countdown to 24066
[17:31:17.294] [SEVERE ] updating countdown to 23053
[17:31:17.294] [SEVERE ] updating countdown to 23053
[17:31:18.309] [SEVERE ] updating countdown to 22038
[17:31:18.309] [SEVERE ] updating countdown to 22038
[17:31:19.323] [SEVERE ] updating countdown to 21024
[17:31:19.323] [SEVERE ] updating countdown to 21024
[17:31:20.324] [SEVERE ] updating countdown to 20023
[17:31:20.324] [SEVERE ] updating countdown to 20023
[17:31:21.337] [SEVERE ] updating countdown to 19010
[17:31:21.337] [SEVERE ] updating countdown to 19010
[17:31:22.352] [SEVERE ] updating countdown to 17995
[17:31:22.352] [SEVERE ] updating countdown to 17995
[17:31:23.361] [SEVERE ] updating countdown to 16986
[17:31:23.361] [SEVERE ] updating countdown to 16986
[17:31:24.368] [SEVERE ] updating countdown to 15979
[17:31:24.368] [SEVERE ] updating countdown to 15979
[17:31:25.376] [SEVERE ] updating countdown to 14971
[17:31:25.376] [SEVERE ] updating countdown to 14971
[17:31:25.898] [SEVERE ] key 65 was pressed by player 1
[17:31:25.898] [SEVERE ] player 1 placing token on slot 4
[17:31:26.232] [SEVERE ] key 83 was pressed by player 1
[17:31:26.232] [SEVERE ] player 1 placing token on slot 5
[17:31:26.376] [SEVERE ] updating countdown to 13971
[17:31:26.376] [SEVERE ] updating countdown to 13971
[17:31:27.009] [SEVERE ] key 70 was pressed by player 1
[17:31:27.009] [SEVERE ] player 1 placing token on slot 7
[17:31:27.377] [SEVERE ] updating countdown to 12970
[17:31:27.377] [SEVERE ] updating countdown to 12970
[17:31:28.382] [SEVERE ] updating countdown to 11965
[17:31:28.382] [SEVERE ] updating countdown to 11965
[17:31:29.383] [SEVERE ] updating countdown to 10964
[17:31:29.383] [SEVERE ] updating countdown to 10964
[17:31:30.396] [SEVERE ] updating countdown to 9951
[17:31:30.396] [SEVERE ] updating countdown to 9951
[17:31:31.397] [SEVERE ] updating countdown to 8950
[17:31:31.397] [SEVERE ] updating countdown to 8950
[17:31:32.399] [SEVERE ] updating countdown to 7948
[17:31:32.399] [SEVERE ] updating countdown to 7948
[17:31:33.412] [SEVERE ] updating countdown to 6935
[17:31:33.412] [SEVERE ] updating countdown to 6935
[17:31:34.412] [SEVERE ] updating countdown to 5935
[17:31:34.412] [SEVERE ] updating countdown to 5935
[17:31:35.422] [SEVERE ] updating countdown to 4925
[17:31:35.422] [SEVERE ] updating countdown to 4925
[17:31:36.422] [SEVERE ] updating countdown to 3925
[17:31:36.422] [SEVERE ] updating countdown to 3925
[17:31:37.424] [SEVERE ] updating countdown to 2923
[17:31:37.424] [SEVERE ] updating countdown to 2923
[17:31:38.425] [SEVERE ] updating countdown to 1922
[17:31:38.425] [SEVERE ] updating countdown to 1922
[17:31:40.439] [SEVERE ] updating countdown to 60000
[17:31:40.549] [SEVERE ] removing card from slot 0
[17:31:40.658] [SEVERE ] removing card from slot 1
[17:31:40.767] [SEVERE ] removing card from slot 2
[17:31:40.877] [SEVERE ] removing card from slot 3
[17:31:40.983] [SEVERE ] removing player 1 token from slot 4
[17:31:40.983] [SEVERE ] removing card from slot 4
[17:31:41.093] [SEVERE ] removing player 1 token from slot 5
[17:31:41.093] [SEVERE ] removing card from slot 5
[17:31:41.202] [SEVERE ] removing card from slot 6
[17:31:41.311] [SEVERE ] removing player 1 token from slot 7
[17:31:41.311] [SEVERE ] removing card from slot 7
[17:31:41.421] [SEVERE ] removing card from slot 8
[17:31:41.530] [SEVERE ] removing card from slot 9
[17:31:41.577] [SEVERE ] key 65 was pressed by player 1
[17:31:41.577] [SEVERE ] player 1 placing token on slot 4
[17:31:41.604] [SEVERE ] key 83 was pressed by player 1
[17:31:41.604] [SEVERE ] player 1 placing token on slot 5
[17:31:41.652] [SEVERE ] removing card from slot 10
[17:31:41.766] [SEVERE ] removing card from slot 11
[17:31:41.876] [SEVERE ] placing card 15 in slot 0
[17:31:41.891] [SEVERE ] key 65 was pressed by player 1
[17:31:41.891] [SEVERE ] removing player 1 token from slot 4
[17:31:41.913] [SEVERE ] key 83 was pressed by player 1
[17:31:41.913] [SEVERE ] removing player 1 token from slot 5
[17:31:41.980] [SEVERE ] placing card 60 in slot 1
[17:31:42.081] [SEVERE ] placing card 70 in slot 2
[17:31:42.112] [SEVERE ] key 83 was pressed by player 1
[17:31:42.112] [SEVERE ] player 1 placing token on slot 5
[17:31:42.128] [SEVERE ] key 65 was pressed by player 1
[17:31:42.128] [SEVERE ] player 1 placing token on slot 4
[17:31:42.183] [SEVERE ] placing card 48 in slot 3
[17:31:42.297] [SEVERE ] placing card 76 in slot 4
[17:31:42.344] [SEVERE ] key 83 was pressed by player 1
[17:31:42.344] [SEVERE ] removing player 1 token from slot 5
[17:31:42.401] [SEVERE ] placing card 66 in slot 5
[17:31:42.514] [SEVERE ] placing card 54 in slot 6
[17:31:42.623] [SEVERE ] placing card 25 in slot 7
[17:31:42.733] [SEVERE ] placing card 28 in slot 8
[17:31:42.843] [SEVERE ] placing card 57 in slot 9
[17:31:42.952] [SEVERE ] placing card 18 in slot 10
[17:31:43.061] [SEVERE ] placing card 50 in slot 11
[17:31:43.061] [SEVERE ] updating countdown to 57378
[17:31:43.374] [SEVERE ] key 83 was pressed by player 1
[17:31:43.374] [SEVERE ] player 1 placing token on slot 5
[17:31:43.420] [SEVERE ] key 65 was pressed by player 1
[17:31:43.420] [SEVERE ] removing player 1 token from slot 4
[17:31:43.641] [SEVERE ] key 68 was pressed by player 1
[17:31:43.641] [SEVERE ] player 1 placing token on slot 6
[17:31:44.076] [SEVERE ] updating countdown to 56363
[17:31:44.076] [SEVERE ] updating countdown to 56363
[17:31:45.077] [SEVERE ] updating countdown to 55362
[17:31:45.077] [SEVERE ] updating countdown to 55362
[17:31:45.107] [SEVERE ] key 65 was pressed by player 1
[17:31:45.107] [SEVERE ] player 1 placing token on slot 4
[17:31:46.086] [SEVERE ] updating countdown to 54353
[17:31:46.086] [SEVERE ] updating countdown to 54353
[17:31:47.093] [SEVERE ] updating countdown to 53346
[17:31:47.093] [SEVERE ] updating countdown to 53346
[17:31:48.104] [SEVERE ] updating countdown to 52335
[17:31:48.104] [SEVERE ] updating countdown to 52335
[17:31:48.764] [SEVERE ] key 69 was pressed by player 1
[17:31:48.795] [SEVERE ] key 87 was pressed by player 1
[17:31:49.105] [SEVERE ] updating countdown to 51334
[17:31:49.105] [SEVERE ] updating countdown to 51334
[17:31:49.187] [SEVERE ] key 69 was pressed by player 1
[17:31:49.988] [SEVERE ] key 69 was pressed by player 1
[17:31:50.111] [SEVERE ] updating countdown to 50328
[17:31:50.111] [SEVERE ] updating countdown to 50328
[17:31:51.115] [SEVERE ] updating countdown to 49324
[17:31:51.115] [SEVERE ] updating countdown to 49324
[17:31:51.434] [SEVERE ] key 87 was pressed by player 1
[17:31:51.621] [SEVERE ] key 87 was pressed by player 1
[17:31:51.790] [SEVERE ] key 87 was pressed by player 1
[17:31:52.080] [SEVERE ] key 81 was pressed by player 1
[17:31:52.122] [SEVERE ] updating countdown to 48317
[17:31:52.122] [SEVERE ] updating countdown to 48317
[17:31:52.307] [SEVERE ] key 81 was pressed by player 1
[17:31:52.906] [SEVERE ] key 83 was pressed by player 1
[17:31:52.917] [SEVERE ] removing player 1 token from slot 5
[17:31:53.132] [SEVERE ] updating countdown to 47307
[17:31:53.132] [SEVERE ] updating countdown to 47307
[17:31:53.210] [SEVERE ] key 83 was pressed by player 1
[17:31:53.210] [SEVERE ] player 1 placing token on slot 5
[17:31:53.449] [SEVERE ] key 83 was pressed by player 1
[17:31:54.137] [SEVERE ] updating countdown to 46302
[17:31:54.137] [SEVERE ] setting player 1 freeze to 3000
[17:31:56.332] [SEVERE ] key 68 was pressed by player 1
[17:31:57.152] [SEVERE ] setting player 1 freeze to 0
[17:31:57.152] [SEVERE ] updating countdown to 43287
[17:31:57.343] [SEVERE ] key 68 was pressed by player 1
[17:31:57.344] [SEVERE ] removing player 1 token from slot 6
[17:31:57.853] [SEVERE ] key 68 was pressed by player 1
[17:31:57.853] [SEVERE ] player 1 placing token on slot 6
[17:31:58.162] [SEVERE ] updating countdown to 42277
[17:31:58.162] [SEVERE ] setting player 1 freeze to 3000
[17:32:00.113] [SEVERE ] key 65 was pressed by player 1
[17:32:00.348] [SEVERE ] key 83 was pressed by player 1
[17:32:00.575] [SEVERE ] key 83 was pressed by player 1
[17:32:00.804] [SEVERE ] key 68 was pressed by player 1
[17:32:01.163] [SEVERE ] setting player 1 freeze to 0
[17:32:01.163] [SEVERE ] updating countdown to 39276
[17:32:01.849] [SEVERE ] key 70 was pressed by player 1
[17:32:02.167] [SEVERE ] updating countdown to 38272
[17:32:02.167] [SEVERE ] updating countdown to 38272
[17:32:03.171] [SEVERE ] updating countdown to 37268
[17:32:03.171] [SEVERE ] updating countdown to 37268
[17:32:03.249] [SEVERE ] key 68 was pressed by player 1
[17:32:03.249] [SEVERE ] removing player 1 token from slot 6
[17:32:03.611] [SEVERE ] key 83 was pressed by player 1
[17:32:03.611] [SEVERE ] removing player 1 token from slot 5
[17:32:03.914] [SEVERE ] key 65 was pressed by player 1
[17:32:03.914] [SEVERE ] removing player 1 token from slot 4
[17:32:04.182] [SEVERE ] updating countdown to 36257
[17:32:04.182] [SEVERE ] updating countdown to 36257
[17:32:05.194] [SEVERE ] updating countdown to 35245
[17:32:05.194] [SEVERE ] updating countdown to 35245
[17:32:05.709] [SEVERE ] key 65 was pressed by player 1
[17:32:05.709] [SEVERE ] player 1 placing token on slot 4
[17:32:05.884] [SEVERE ] key 83 was pressed by player 1
[17:32:05.884] [SEVERE ] player 1 placing token on slot 5
[17:32:06.081] [SEVERE ] key 68 was pressed by player 1
[17:32:06.081] [SEVERE ] player 1 placing token on slot 6
[17:32:06.200] [SEVERE ] updating countdown to 34239
[17:32:06.200] [SEVERE ] setting player 1 freeze to 3000
[17:32:09.207] [SEVERE ] setting player 1 freeze to 0
[17:32:09.207] [SEVERE ] updating countdown to 31232
[17:32:09.333] [SEVERE ] key 80 was pressed by player 2
[17:32:09.333] [SEVERE ] player 2 placing token on slot 3
[17:32:09.471] [SEVERE ] key 79 was pressed by player 2
[17:32:09.473] [SEVERE ] player 2 placing token on slot 2
[17:32:09.583] [SEVERE ] key 73 was pressed by player 2
[17:32:09.584] [SEVERE ] player 2 placing token on slot 1
[17:32:10.219] [SEVERE ] updating countdown to 30220
[17:32:10.219] [SEVERE ] updating countdown to 30220
[17:32:11.220] [SEVERE ] updating countdown to 29219
[17:32:11.220] [SEVERE ] updating countdown to 29219
[17:32:12.236] [SEVERE ] updating countdown to 28203
[17:32:12.236] [SEVERE ] updating countdown to 28203
[17:32:13.250] [SEVERE ] updating countdown to 27189
[17:32:13.250] [SEVERE ] updating countdown to 27189
[17:32:14.264] [SEVERE ] updating countdown to 26175
[17:32:14.264] [SEVERE ] updating countdown to 26175
[17:32:15.265] [SEVERE ] updating countdown to 25174
[17:32:15.265] [SEVERE ] updating countdown to 25174
[17:32:15.688] [SEVERE ] key 73 was pressed by player 2
[17:32:15.688] [SEVERE ] removing player 2 token from slot 1
[17:32:15.874] [SEVERE ] key 79 was pressed by player 2
[17:32:15.874] [SEVERE ] removing player 2 token from slot 2
[17:32:16.024] [SEVERE ] key 80 was pressed by player 2
[17:32:16.024] [SEVERE ] removing player 2 token from slot 3
[17:32:16.267] [SEVERE ] updating countdown to 24172
[17:32:16.267] [SEVERE ] updating countdown to 24172
[17:32:17.088] [SEVERE ] key 80 was pressed by player 2
[17:32:17.088] [SEVERE ] player 2 placing token on slot 3
[17:32:17.199] [SEVERE ] key 79 was pressed by player 2
[17:32:17.200] [SEVERE ] player 2 placing token on slot 2
[17:32:17.270] [SEVERE ] updating countdown to 23169
[17:32:17.270] [SEVERE ] updating countdown to 23169
[17:32:17.327] [SEVERE ] key 73 was pressed by player 2
[17:32:17.327] [SEVERE ] player 2 placing token on slot 1
[17:32:18.277] [SEVERE ] updating countdown to 22162
[17:32:18.277] [SEVERE ] setting player 2 freeze to 3000
[17:32:19.356] [SEVERE ] key 73 was pressed by player 2
[17:32:21.293] [SEVERE ] setting player 2 freeze to 0
[17:32:21.293] [SEVERE ] updating countdown to 19146
[17:32:22.297] [SEVERE ] updating countdown to 18142
[17:32:22.297] [SEVERE ] updating countdown to 18142
[17:32:23.297] [SEVERE ] updating countdown to 17142
[17:32:23.297] [SEVERE ] updating countdown to 17142
[17:32:23.512] [SEVERE ] key 80 was pressed by player 2
[17:32:23.512] [SEVERE ] removing player 2 token from slot 3
[17:32:23.595] [SEVERE ] key 79 was pressed by player 2
[17:32:23.596] [SEVERE ] removing player 2 token from slot 2
[17:32:23.712] [SEVERE ] key 73 was pressed by player 2
[17:32:23.712] [SEVERE ] removing player 2 token from slot 1
[17:32:24.308] [SEVERE ] updating countdown to 16131
[17:32:24.308] [SEVERE ] updating countdown to 16131
[17:32:24.462] [SEVERE ] key 73 was pressed by player 2
[17:32:24.462] [SEVERE ] player 2 placing token on slot 1
[17:32:24.519] [SEVERE ] key 79 was pressed by player 2
[17:32:24.519] [SEVERE ] player 2 placing token on slot 2
[17:32:24.647] [SEVERE ] key 80 was pressed by player 2
[17:32:24.647] [SEVERE ] player 2 placing token on slot 3
[17:32:25.315] [SEVERE ] updating countdown to 15124
[17:32:25.315] [SEVERE ] setting player 2 freeze to 3000
[17:32:26.325] [SEVERE ] key 65 was pressed by player 1
[17:32:26.325] [SEVERE ] removing player 1 token from slot 4
[17:32:26.395] [SEVERE ] key 83 was pressed by player 1
[17:32:26.396] [SEVERE ] removing player 1 token from slot 5
[17:32:26.479] [SEVERE ] key 68 was pressed by player 1
[17:32:26.479] [SEVERE ] removing player 1 token from slot 6
[17:32:27.602] [SEVERE ] key 65 was pressed by player 1
[17:32:27.602] [SEVERE ] player 1 placing token on slot 4
[17:32:27.620] [SEVERE ] key 83 was pressed by player 1
[17:32:27.620] [SEVERE ] player 1 placing token on slot 5
[17:32:27.620] [SEVERE ] key 68 was pressed by player 1
[17:32:27.620] [SEVERE ] player 1 placing token on slot 6
[17:32:28.329] [SEVERE ] setting player 2 freeze to 0
[17:32:28.329] [SEVERE ] updating countdown to 12110
[17:32:29.337] [SEVERE ] updating countdown to 11102
[17:32:29.337] [SEVERE ] setting player 1 freeze to 3000
[17:32:30.899] [SEVERE ] key 79 was pressed by player 2
[17:32:30.899] [SEVERE ] removing player 2 token from slot 2
[17:32:30.916] [SEVERE ] key 80 was pressed by player 2
[17:32:30.916] [SEVERE ] removing player 2 token from slot 3
[17:32:31.017] [SEVERE ] key 73 was pressed by player 2
[17:32:31.017] [SEVERE ] removing player 2 token from slot 1
[17:32:32.349] [SEVERE ] setting player 1 freeze to 0
[17:32:32.349] [SEVERE ] updating countdown to 8090
[17:32:33.361] [SEVERE ] updating countdown to 7078
[17:32:33.361] [SEVERE ] updating countdown to 7078
[17:32:33.913] [SEVERE ] key 65 was pressed by player 1
[17:32:33.913] [SEVERE ] removing player 1 token from slot 4
[17:32:33.947] [SEVERE ] key 83 was pressed by player 1
[17:32:33.947] [SEVERE ] removing player 1 token from slot 5
[17:32:33.963] [SEVERE ] key 68 was pressed by player 1
[17:32:33.963] [SEVERE ] removing player 1 token from slot 6
[17:32:34.374] [SEVERE ] updating countdown to 6065
[17:32:34.374] [SEVERE ] updating countdown to 6065
[17:32:35.383] [SEVERE ] updating countdown to 5056
[17:32:35.383] [SEVERE ] updating countdown to 5056
[17:32:36.395] [SEVERE ] updating countdown to 4044
[17:32:36.395] [SEVERE ] updating countdown to 4044
[17:32:37.397] [SEVERE ] updating countdown to 3042
[17:32:37.397] [SEVERE ] updating countdown to 3042
[17:32:38.404] [SEVERE ] updating countdown to 2035
[17:32:38.404] [SEVERE ] updating countdown to 2035
[17:32:39.410] [SEVERE ] updating countdown to 1029
[17:32:39.410] [SEVERE ] updating countdown to 1029
[17:32:40.362] [SEVERE ] key 65 was pressed by player 1
[17:32:40.362] [SEVERE ] player 1 placing token on slot 4
[17:32:40.395] [SEVERE ] key 80 was pressed by player 2
[17:32:40.395] [SEVERE ] player 2 placing token on slot 3
[17:32:40.648] [SEVERE ] key 73 was pressed by player 2
[17:32:40.648] [SEVERE ] player 2 placing token on slot 1
[17:32:40.648] [SEVERE ] key 68 was pressed by player 1
[17:32:40.653] [SEVERE ] player 1 placing token on slot 6
[17:32:40.748] [SEVERE ] key 80 was pressed by player 2
[17:32:40.748] [SEVERE ] removing player 2 token from slot 3
[17:32:40.970] [SEVERE ] key 68 was pressed by player 1
[17:32:40.970] [SEVERE ] removing player 1 token from slot 6
[17:32:40.992] [SEVERE ] key 65 was pressed by player 1
[17:32:40.992] [SEVERE ] removing player 1 token from slot 4
[17:32:41.027] [SEVERE ] key 83 was pressed by player 1
[17:32:41.027] [SEVERE ] player 1 placing token on slot 5
[17:32:41.077] [SEVERE ] key 80 was pressed by player 2
[17:32:41.077] [SEVERE ] player 2 placing token on slot 3
[17:32:41.140] [SEVERE ] key 83 was pressed by player 1
[17:32:41.140] [SEVERE ] removing player 1 token from slot 5
[17:32:41.140] [SEVERE ] key 68 was pressed by player 1
[17:32:41.140] [SEVERE ] player 1 placing token on slot 6
[17:32:41.140] [SEVERE ] key 79 was pressed by player 2
[17:32:41.140] [SEVERE ] player 2 placing token on slot 2
[17:32:41.244] [SEVERE ] key 73 was pressed by player 2
[17:32:41.252] [SEVERE ] key 65 was pressed by player 1
[17:32:41.252] [SEVERE ] player 1 placing token on slot 4
[17:32:41.284] [SEVERE ] key 83 was pressed by player 1
[17:32:41.284] [SEVERE ] player 1 placing token on slot 5
[17:32:41.364] [SEVERE ] key 80 was pressed by player 2
[17:32:41.372] [SEVERE ] key 68 was pressed by player 1
[17:32:41.404] [SEVERE ] key 79 was pressed by player 2
[17:32:41.417] [SEVERE ] updating countdown to 60000
[17:32:41.417] [SEVERE ] setting player 2 freeze to 3000
[17:32:41.516] [SEVERE ] key 65 was pressed by player 1
[17:32:41.524] [SEVERE ] key 83 was pressed by player 1
[17:32:41.538] [SEVERE ] key 73 was pressed by player 2
[17:32:41.632] [SEVERE ] key 68 was pressed by player 1
[17:32:41.679] [SEVERE ] key 65 was pressed by player 1
[17:32:41.695] [SEVERE ] key 83 was pressed by player 1
[17:32:41.759] [SEVERE ] key 80 was pressed by player 2
[17:32:41.900] [SEVERE ] key 68 was pressed by player 1
[17:32:41.984] [SEVERE ] key 65 was pressed by player 1
[17:32:41.988] [SEVERE ] key 83 was pressed by player 1
[17:32:42.047] [SEVERE ] key 80 was pressed by player 2
[17:32:42.141] [SEVERE ] key 83 was pressed by player 1
[17:32:42.157] [SEVERE ] key 68 was pressed by player 1
[17:32:42.157] [SEVERE ] key 79 was pressed by player 2
[17:32:42.266] [SEVERE ] key 65 was pressed by player 1
[17:32:42.282] [SEVERE ] key 79 was pressed by player 2
[17:32:42.423] [SEVERE ] key 73 was pressed by player 2
[17:32:42.423] [SEVERE ] key 68 was pressed by player 1
[17:32:42.548] [SEVERE ] key 65 was pressed by player 1
[17:32:42.563] [SEVERE ] key 79 was pressed by player 2
[17:32:42.563] [SEVERE ] key 80 was pressed by player 2
[17:32:42.688] [SEVERE ] key 83 was pressed by player 1
[17:32:42.688] [SEVERE ] key 68 was pressed by player 1
[17:32:42.688] [SEVERE ] key 79 was pressed by player 2
[17:32:42.719] [SEVERE ] key 73 was pressed by player 2
[17:32:42.829] [SEVERE ] key 65 was pressed by player 1
[17:32:42.845] [SEVERE ] key 83 was pressed by player 1
[17:32:42.907] [SEVERE ] key 80 was pressed by player 2
[17:32:43.001] [SEVERE ] key 83 was pressed by player 1
[17:32:43.001] [SEVERE ] key 68 was pressed by player 1
[17:32:43.001] [SEVERE ] key 79 was pressed by player 2
[17:32:43.064] [SEVERE ] key 73 was pressed by player 2
[17:32:43.111] [SEVERE ] key 65 was pressed by player 1
[17:32:43.189] [SEVERE ] key 83 was pressed by player 1
[17:32:43.251] [SEVERE ] key 80 was pressed by player 2
[17:32:43.298] [SEVERE ] key 68 was pressed by player 1
[17:32:43.298] [SEVERE ] key 79 was pressed by player 2
[17:32:43.424] [SEVERE ] key 73 was pressed by player 2
[17:32:43.439] [SEVERE ] key 65 was pressed by player 1
[17:32:43.486] [SEVERE ] key 83 was pressed by player 1
[17:32:43.580] [SEVERE ] key 80 was pressed by player 2
[17:32:43.595] [SEVERE ] key 68 was pressed by player 1
[17:32:43.595] [SEVERE ] key 79 was pressed by player 2
[17:32:43.701] [SEVERE ] key 73 was pressed by player 2
[17:32:43.739] [SEVERE ] key 65 was pressed by player 1
[17:32:43.849] [SEVERE ] key 68 was pressed by player 1
[17:32:43.880] [SEVERE ] key 80 was pressed by player 2
[17:32:43.896] [SEVERE ] key 79 was pressed by player 2
[17:32:43.958] [SEVERE ] key 65 was pressed by player 1
[17:32:44.036] [SEVERE ] key 83 was pressed by player 1
[17:32:44.036] [SEVERE ] key 73 was pressed by player 2
[17:32:44.036] [SEVERE ] key 79 was pressed by player 2
[17:32:44.116] [SEVERE ] key 73 was pressed by player 2
[17:32:44.116] [SEVERE ] key 68 was pressed by player 1
[17:32:44.194] [SEVERE ] key 80 was pressed by player 2
[17:32:44.225] [SEVERE ] key 65 was pressed by player 1
[17:32:44.241] [SEVERE ] key 79 was pressed by player 2
[17:32:44.398] [SEVERE ] key 73 was pressed by player 2
[17:32:44.398] [SEVERE ] key 68 was pressed by player 1
[17:32:44.429] [SEVERE ] setting player 2 freeze to 0
[17:32:44.508] [SEVERE ] key 65 was pressed by player 1
[17:32:44.539] [SEVERE ] removing card from slot 0
[17:32:44.586] [SEVERE ] key 80 was pressed by player 2
[17:32:44.586] [SEVERE ] removing player 2 token from slot 3
[17:32:44.645] [SEVERE ] removing player 2 token from slot 1
[17:32:44.645] [SEVERE ] removing card from slot 1
[17:32:44.692] [SEVERE ] key 83 was pressed by player 1
[17:32:44.692] [SEVERE ] key 79 was pressed by player 2
[17:32:44.692] [SEVERE ] removing player 2 token from slot 2
[17:32:44.696] [SEVERE ] key 68 was pressed by player 1
[17:32:44.746] [SEVERE ] removing card from slot 2
[17:32:44.820] [SEVERE ] key 73 was pressed by player 2
[17:32:44.820] [SEVERE ] player 2 placing token on slot 1
[17:32:44.833] [SEVERE ] key 65 was pressed by player 1
[17:32:44.850] [SEVERE ] removing card from slot 3
[17:32:44.866] [SEVERE ] key 83 was pressed by player 1
[17:32:44.961] [SEVERE ] removing player 1 token from slot 4
[17:32:44.961] [SEVERE ] removing card from slot 4
[17:32:44.977] [SEVERE ] key 80 was pressed by player 2
[17:32:44.977] [SEVERE ] player 2 placing token on slot 3
[17:32:45.059] [SEVERE ] key 79 was pressed by player 2
[17:32:45.060] [SEVERE ] player 2 placing token on slot 2
[17:32:45.075] [SEVERE ] removing player 1 token from slot 5
[17:32:45.075] [SEVERE ] removing card from slot 5
[17:32:45.176] [SEVERE ] removing player 1 token from slot 6
[17:32:45.176] [SEVERE ] removing card from slot 6
[17:32:45.183] [SEVERE ] key 73 was pressed by player 2
[17:32:45.196] [SEVERE ] key 65 was pressed by player 1
[17:32:45.221] [SEVERE ] key 83 was pressed by player 1
[17:32:45.260] [SEVERE ] key 79 was pressed by player 2
[17:32:45.277] [SEVERE ] removing card from slot 7
[17:32:45.348] [SEVERE ] key 80 was pressed by player 2
[17:32:45.356] [SEVERE ] key 68 was pressed by player 1
[17:32:45.378] [SEVERE ] removing card from slot 8
[17:32:45.478] [SEVERE ] removing card from slot 9
[17:32:45.484] [SEVERE ] key 65 was pressed by player 1
[17:32:45.493] [SEVERE ] key 73 was pressed by player 2
[17:32:45.533] [SEVERE ] key 83 was pressed by player 1
[17:32:45.580] [SEVERE ] removing card from slot 10
[17:32:45.585] [SEVERE ] key 79 was pressed by player 2
[17:32:45.639] [SEVERE ] key 80 was pressed by player 2
[17:32:45.648] [SEVERE ] key 68 was pressed by player 1
[17:32:45.648] [SEVERE ] key 79 was pressed by player 2
[17:32:45.695] [SEVERE ] removing card from slot 11
[17:32:45.726] [SEVERE ] key 65 was pressed by player 1
[17:32:45.788] [SEVERE ] key 73 was pressed by player 2
[17:32:45.804] [SEVERE ] placing card 17 in slot 0
[17:32:45.820] [SEVERE ] key 83 was pressed by player 1
[17:32:45.914] [SEVERE ] placing card 45 in slot 1
[17:32:45.945] [SEVERE ] key 80 was pressed by player 2
[17:32:45.945] [SEVERE ] key 68 was pressed by player 1
[17:32:45.945] [SEVERE ] key 79 was pressed by player 2
[17:32:45.992] [SEVERE ] key 65 was pressed by player 1
[17:32:46.023] [SEVERE ] placing card 48 in slot 2
[17:32:46.101] [SEVERE ] key 83 was pressed by player 1
[17:32:46.102] [SEVERE ] key 73 was pressed by player 2
[17:32:46.124] [SEVERE ] placing card 79 in slot 3
[17:32:46.233] [SEVERE ] placing card 12 in slot 4
[17:32:46.233] [SEVERE ] key 73 was pressed by player 2
[17:32:46.233] [SEVERE ] key 68 was pressed by player 1
[17:32:46.265] [SEVERE ] key 80 was pressed by player 2
[17:32:46.284] [SEVERE ] key 79 was pressed by player 2
[17:32:46.343] [SEVERE ] placing card 19 in slot 5
[17:32:46.343] [SEVERE ] key 65 was pressed by player 1
[17:32:46.453] [SEVERE ] placing card 71 in slot 6
[17:32:46.484] [SEVERE ] key 83 was pressed by player 1
[17:32:46.484] [SEVERE ] key 73 was pressed by player 2
[17:32:46.484] [SEVERE ] key 79 was pressed by player 2
[17:32:46.562] [SEVERE ] placing card 23 in slot 7
[17:32:46.578] [SEVERE ] key 68 was pressed by player 1
[17:32:46.640] [SEVERE ] key 80 was pressed by player 2
[17:32:46.672] [SEVERE ] placing card 47 in slot 8
[17:32:46.781] [SEVERE ] placing card 74 in slot 9
[17:32:46.828] [SEVERE ] key 65 was pressed by player 1
[17:32:46.890] [SEVERE ] placing card 9 in slot 10
[17:32:46.890] [SEVERE ] key 73 was pressed by player 2
[17:32:46.890] [SEVERE ] key 68 was pressed by player 1
[17:32:47.000] [SEVERE ] placing card 65 in slot 11
[17:32:47.000] [INFO   ] thread dealer terminated.
[17:32:47.397] [SEVERE ] key 73 was pressed by player 2
[17:32:47.397] [SEVERE ] key 68 was pressed by player 1
[17:32:47.429] [SEVERE ] key 65 was pressed by player 1
[17:32:47.429] [SEVERE ] key 83 was pressed by player 1
[17:32:47.460] [SEVERE ] key 79 was pressed by player 2
[17:32:47.600] [SEVERE ] key 80 was pressed by player 2
[17:32:47.621] [SEVERE ] key 83 was pressed by player 1
[17:32:47.621] [SEVERE ] key 68 was pressed by player 1
[17:32:47.621] [SEVERE ] key 79 was pressed by player 2
[17:32:47.688] [SEVERE ] key 73 was pressed by player 2
[17:32:47.755] [SEVERE ] key 65 was pressed by player 1
[17:32:47.771] [SEVERE ] key 83 was pressed by player 1
[17:32:47.788] [SEVERE ] key 79 was pressed by player 2
[17:32:47.838] [SEVERE ] key 80 was pressed by player 2
[17:32:47.938] [SEVERE ] key 83 was pressed by player 1
[17:32:47.938] [SEVERE ] key 68 was pressed by player 1
[17:32:47.938] [SEVERE ] key 79 was pressed by player 2
[17:32:48.087] [SEVERE ] key 73 was pressed by player 2
[17:32:48.087] [SEVERE ] key 65 was pressed by player 1
[17:32:48.104] [SEVERE ] key 83 was pressed by player 1
[17:32:48.148] [SEVERE ] key 79 was pressed by player 2
[17:32:48.203] [SEVERE ] key 80 was pressed by player 2
[17:32:48.285] [SEVERE ] key 83 was pressed by player 1
[17:32:48.285] [SEVERE ] key 68 was pressed by player 1
[17:32:48.286] [SEVERE ] key 79 was pressed by player 2
[17:32:48.403] [SEVERE ] key 65 was pressed by player 1
[17:32:48.532] [SEVERE ] key 83 was pressed by player 1
[17:32:48.532] [SEVERE ] key 79 was pressed by player 2
[17:32:48.532] [SEVERE ] key 73 was pressed by player 2
[17:32:48.579] [SEVERE ] key 68 was pressed by player 1
[17:32:49.080] [SEVERE ] key 65 was pressed by player 1
[17:32:49.095] [SEVERE ] key 83 was pressed by player 1
[17:32:49.156] [SEVERE ] key 80 was pressed by player 2
[17:32:49.232] [SEVERE ] key 83 was pressed by player 1
[17:32:49.232] [SEVERE ] key 68 was pressed by player 1
[17:32:49.232] [SEVERE ] key 79 was pressed by player 2
[17:32:49.310] [SEVERE ] key 73 was pressed by player 2
[17:32:49.357] [SEVERE ] key 79 was pressed by player 2
[17:32:49.357] [SEVERE ] key 65 was pressed by player 1
[17:32:49.388] [SEVERE ] key 80 was pressed by player 2
[17:32:49.420] [SEVERE ] key 83 was pressed by player 1
[17:32:52.013] [SEVERE ] thanks for playing... it was fun!
[17:32:52.014] [INFO   ] thread main terminated.
[17:32:52.014] [SEVERE ] disposing of user interface elements
