[20:44:46.486] [INFO   ] thread main starting.
[20:44:46.513] [SEVERE ] cannot read configuration file config.properties trying from resources.
[20:44:46.513] [SEVERE ] configuration file was loaded from resources directory.
[20:44:46.979] [INFO   ] thread dealer starting.
[20:44:46.979] [INFO   ] thread dealer starting.
[20:44:46.981] [SEVERE ] updating countdown to 60000
[20:44:46.981] [INFO   ] thread Thread-1 starting.
[20:44:46.981] [INFO   ] thread Thread-0 starting.
[20:44:47.493] [SEVERE ] updating countdown to 59488
[20:44:47.609] [SEVERE ] placing card 57 in slot 0
[20:44:47.710] [SEVERE ] placing card 55 in slot 1
[20:44:47.814] [SEVERE ] placing card 25 in slot 2
[20:44:47.920] [SEVERE ] placing card 41 in slot 3
[20:44:48.023] [SEVERE ] placing card 16 in slot 4
[20:44:48.133] [SEVERE ] placing card 64 in slot 5
[20:44:48.244] [SEVERE ] placing card 54 in slot 6
[20:44:48.352] [SEVERE ] placing card 20 in slot 7
[20:44:48.456] [SEVERE ] placing card 45 in slot 8
[20:44:48.570] [SEVERE ] placing card 15 in slot 9
[20:44:48.680] [SEVERE ] placing card 31 in slot 10
[20:44:48.789] [SEVERE ] placing card 40 in slot 11
[20:44:48.795] [SEVERE ] updating countdown to 58186
[20:44:49.804] [SEVERE ] updating countdown to 57177
[20:44:49.804] [SEVERE ] updating countdown to 57177
[20:44:50.816] [SEVERE ] updating countdown to 56165
[20:44:50.816] [SEVERE ] updating countdown to 56165
[20:44:51.827] [SEVERE ] updating countdown to 55154
[20:44:51.828] [SEVERE ] updating countdown to 55153
[20:44:52.845] [SEVERE ] updating countdown to 54136
[20:44:52.847] [SEVERE ] updating countdown to 54134
[20:44:53.859] [SEVERE ] updating countdown to 53122
[20:44:53.860] [SEVERE ] updating countdown to 53121
[20:44:54.867] [SEVERE ] updating countdown to 52114
[20:44:54.867] [SEVERE ] updating countdown to 52114
[20:44:55.876] [SEVERE ] updating countdown to 51105
[20:44:55.876] [SEVERE ] updating countdown to 51105
[20:44:56.891] [SEVERE ] updating countdown to 50090
[20:44:56.891] [SEVERE ] updating countdown to 50090
[20:44:57.904] [SEVERE ] updating countdown to 49077
[20:44:57.904] [SEVERE ] updating countdown to 49077
[20:44:58.907] [SEVERE ] updating countdown to 48074
[20:44:58.907] [SEVERE ] updating countdown to 48074
[20:44:59.919] [SEVERE ] updating countdown to 47062
[20:44:59.919] [SEVERE ] updating countdown to 47062
[20:45:00.934] [SEVERE ] updating countdown to 46047
[20:45:00.934] [SEVERE ] updating countdown to 46047
[20:45:01.949] [SEVERE ] updating countdown to 45032
[20:45:01.949] [SEVERE ] updating countdown to 45032
[20:45:02.951] [SEVERE ] updating countdown to 44030
[20:45:02.951] [SEVERE ] updating countdown to 44030
[20:45:03.963] [SEVERE ] updating countdown to 43018
[20:45:03.963] [SEVERE ] updating countdown to 43018
[20:45:04.964] [SEVERE ] updating countdown to 42017
[20:45:04.965] [SEVERE ] updating countdown to 42016
[20:45:05.979] [SEVERE ] updating countdown to 41002
[20:45:05.979] [SEVERE ] updating countdown to 41002
[20:45:06.983] [SEVERE ] updating countdown to 39998
[20:45:06.983] [SEVERE ] updating countdown to 39998
[20:45:07.998] [SEVERE ] updating countdown to 38983
[20:45:07.998] [SEVERE ] updating countdown to 38983
[20:45:09.010] [SEVERE ] updating countdown to 37971
[20:45:09.010] [SEVERE ] updating countdown to 37971
[20:45:10.025] [SEVERE ] updating countdown to 36956
[20:45:10.025] [SEVERE ] updating countdown to 36956
[20:45:11.039] [SEVERE ] updating countdown to 35942
[20:45:11.039] [SEVERE ] updating countdown to 35942
[20:45:12.053] [SEVERE ] updating countdown to 34928
[20:45:12.053] [SEVERE ] updating countdown to 34928
[20:45:13.068] [SEVERE ] updating countdown to 33913
[20:45:13.068] [SEVERE ] updating countdown to 33913
[20:45:14.077] [SEVERE ] updating countdown to 32904
[20:45:14.077] [SEVERE ] updating countdown to 32904
[20:45:15.080] [SEVERE ] updating countdown to 31901
[20:45:15.080] [SEVERE ] updating countdown to 31901
[20:45:16.082] [SEVERE ] updating countdown to 30899
[20:45:16.082] [SEVERE ] updating countdown to 30899
[20:45:17.096] [SEVERE ] updating countdown to 29885
[20:45:17.096] [SEVERE ] updating countdown to 29885
[20:45:18.098] [SEVERE ] updating countdown to 28883
[20:45:18.098] [SEVERE ] updating countdown to 28883
[20:45:19.110] [SEVERE ] updating countdown to 27871
[20:45:19.110] [SEVERE ] updating countdown to 27871
[20:45:20.112] [SEVERE ] updating countdown to 26869
[20:45:20.112] [SEVERE ] updating countdown to 26869
[20:45:21.124] [SEVERE ] updating countdown to 25857
[20:45:21.124] [SEVERE ] updating countdown to 25857
[20:45:22.127] [SEVERE ] updating countdown to 24854
[20:45:22.127] [SEVERE ] updating countdown to 24854
[20:45:23.139] [SEVERE ] updating countdown to 23842
[20:45:23.139] [SEVERE ] updating countdown to 23842
[20:45:24.153] [SEVERE ] updating countdown to 22828
[20:45:24.153] [SEVERE ] updating countdown to 22828
[20:45:25.165] [SEVERE ] updating countdown to 21816
[20:45:25.165] [SEVERE ] updating countdown to 21816
[20:45:26.171] [SEVERE ] updating countdown to 20810
[20:45:26.171] [SEVERE ] updating countdown to 20810
[20:45:27.184] [SEVERE ] updating countdown to 19797
[20:45:27.184] [SEVERE ] updating countdown to 19797
[20:45:28.197] [SEVERE ] updating countdown to 18784
[20:45:28.197] [SEVERE ] updating countdown to 18784
[20:45:29.199] [SEVERE ] updating countdown to 17782
[20:45:29.199] [SEVERE ] updating countdown to 17782
[20:45:30.214] [SEVERE ] updating countdown to 16767
[20:45:30.214] [SEVERE ] updating countdown to 16767
[20:45:31.228] [SEVERE ] updating countdown to 15753
[20:45:31.228] [SEVERE ] updating countdown to 15753
[20:45:32.231] [SEVERE ] updating countdown to 14750
[20:45:32.231] [SEVERE ] updating countdown to 14750
[20:45:33.242] [SEVERE ] updating countdown to 13739
[20:45:33.242] [SEVERE ] updating countdown to 13739
[20:45:34.244] [SEVERE ] updating countdown to 12737
[20:45:34.244] [SEVERE ] updating countdown to 12737
[20:45:35.257] [SEVERE ] updating countdown to 11724
[20:45:35.258] [SEVERE ] updating countdown to 11723
[20:45:36.258] [SEVERE ] updating countdown to 10723
[20:45:36.258] [SEVERE ] updating countdown to 10723
[20:45:37.274] [SEVERE ] updating countdown to 9707
[20:45:37.274] [SEVERE ] updating countdown to 9707
[20:45:38.275] [SEVERE ] updating countdown to 8706
[20:45:38.275] [SEVERE ] updating countdown to 8706
[20:45:39.288] [SEVERE ] updating countdown to 7693
[20:45:39.288] [SEVERE ] updating countdown to 7693
[20:45:40.290] [SEVERE ] updating countdown to 6691
[20:45:40.290] [SEVERE ] updating countdown to 6691
[20:45:41.302] [SEVERE ] updating countdown to 5679
[20:45:41.302] [SEVERE ] updating countdown to 5679
[20:45:42.303] [SEVERE ] updating countdown to 4678
[20:45:42.303] [SEVERE ] updating countdown to 4678
[20:45:43.316] [SEVERE ] updating countdown to 3665
[20:45:43.316] [SEVERE ] updating countdown to 3665
[20:45:44.317] [SEVERE ] updating countdown to 2664
[20:45:44.317] [SEVERE ] updating countdown to 2664
[20:45:45.331] [SEVERE ] updating countdown to 1650
[20:45:45.331] [SEVERE ] updating countdown to 1650
[20:45:47.335] [SEVERE ] updating countdown to 60000
[20:45:47.439] [SEVERE ] removing card from slot 0
[20:45:47.439] [INFO   ] thread dealer terminated.
[20:45:52.446] [SEVERE ] thanks for playing... it was fun!
[20:45:52.446] [INFO   ] thread main terminated.
[20:45:52.446] [SEVERE ] disposing of user interface elements
