[19:32:41.787] [INFO   ] thread main starting.
[19:32:41.796] [SEVERE ] cannot read configuration file config.properties trying from resources.
[19:32:41.800] [SEVERE ] configuration file was loaded from resources directory.
[19:32:42.344] [INFO   ] thread dealer starting.
[19:32:42.346] [INFO   ] thread dealer starting.
[19:32:42.347] [SEVERE ] updating countdown to 60000
[19:32:42.350] [INFO   ] thread Thread-1 starting.
[19:32:42.350] [INFO   ] thread Thread-0 starting.
[19:32:42.853] [SEVERE ] updating countdown to 59494
[19:32:42.961] [SEVERE ] placing card 11 in slot 0
[19:32:43.076] [SEVERE ] placing card 34 in slot 1
[19:32:43.192] [SEVERE ] placing card 66 in slot 2
[19:32:43.308] [SEVERE ] placing card 36 in slot 3
[19:32:43.424] [SEVERE ] placing card 24 in slot 4
[19:32:43.540] [SEVERE ] placing card 41 in slot 5
[19:32:43.655] [SEVERE ] placing card 76 in slot 6
[19:32:43.757] [SEVERE ] placing card 54 in slot 7
[19:32:43.872] [SEVERE ] placing card 38 in slot 8
[19:32:43.981] [SEVERE ] placing card 50 in slot 9
[19:32:44.091] [SEVERE ] placing card 10 in slot 10
[19:32:44.202] [SEVERE ] placing card 3 in slot 11
[19:32:44.202] [SEVERE ] updating countdown to 58145
[19:32:45.206] [SEVERE ] updating countdown to 57141
[19:32:45.206] [SEVERE ] updating countdown to 57141
[19:32:46.221] [SEVERE ] updating countdown to 56126
[19:32:46.221] [SEVERE ] updating countdown to 56126
[19:32:47.236] [SEVERE ] updating countdown to 55111
[19:32:47.236] [SEVERE ] updating countdown to 55111
[19:32:48.244] [SEVERE ] updating countdown to 54103
[19:32:48.245] [SEVERE ] updating countdown to 54102
[19:32:49.251] [SEVERE ] updating countdown to 53096
[19:32:49.252] [SEVERE ] updating countdown to 53095
[19:32:50.267] [SEVERE ] updating countdown to 52080
[19:32:50.267] [SEVERE ] updating countdown to 52080
[19:32:51.279] [SEVERE ] updating countdown to 51068
[19:32:51.279] [SEVERE ] updating countdown to 51068
[19:32:52.284] [SEVERE ] updating countdown to 50063
[19:32:52.285] [SEVERE ] updating countdown to 50062
[19:32:53.289] [SEVERE ] updating countdown to 49058
[19:32:53.290] [SEVERE ] updating countdown to 49057
[19:32:54.153] [SEVERE ] exit button pressed
[19:32:54.153] [SEVERE ] disposing of user interface elements
[19:32:54.153] [INFO   ] thread Thread-1 terminated.
[19:32:54.153] [INFO   ] thread Thread-0 terminated.
