[16:39:56.476] [INFO   ] thread main starting.
[16:39:56.482] [SEVERE ] cannot read configuration file config.properties trying from resources.
[16:39:56.486] [SEVERE ] configuration file was loaded from resources directory.
[16:39:56.995] [INFO   ] thread dealer starting.
[16:39:56.996] [INFO   ] thread dealer starting.
[16:39:56.997] [SEVERE ] updating countdown to 60000
[16:39:56.998] [INFO   ] thread Thread-0 starting.
[16:39:56.998] [INFO   ] thread Thread-1 starting.
[16:39:57.509] [SEVERE ] updating countdown to 59488
[16:39:57.617] [SEVERE ] placing card 67 in slot 0
[16:39:57.727] [SEVERE ] placing card 60 in slot 1
[16:39:57.838] [SEVERE ] placing card 11 in slot 2
[16:39:57.948] [SEVERE ] placing card 28 in slot 3
[16:39:58.058] [SEVERE ] placing card 80 in slot 4
[16:39:58.166] [SEVERE ] placing card 39 in slot 5
[16:39:58.276] [SEVERE ] placing card 45 in slot 6
[16:39:58.386] [SEVERE ] placing card 15 in slot 7
[16:39:58.498] [SEVERE ] placing card 70 in slot 8
[16:39:58.606] [SEVERE ] placing card 38 in slot 9
[16:39:58.716] [SEVERE ] placing card 64 in slot 10
[16:39:58.825] [SEVERE ] placing card 56 in slot 11
[16:39:58.831] [SEVERE ] updating countdown to 58166
[16:39:59.688] [SEVERE ] exit button pressed
[16:39:59.688] [SEVERE ] disposing of user interface elements
[16:39:59.688] [INFO   ] thread Thread-0 terminated.
[16:39:59.688] [INFO   ] thread Thread-1 terminated.
