[18:55:16.492] [INFO   ] thread main starting.
[18:55:16.502] [SEVERE ] cannot read configuration file config.properties trying from resources.
[18:55:16.505] [SEVERE ] configuration file was loaded from resources directory.
[18:55:17.006] [INFO   ] thread dealer starting.
[18:55:17.008] [INFO   ] thread dealer starting.
[18:55:17.009] [SEVERE ] updating countdown to 60000
[18:55:17.009] [INFO   ] thread Thread-0 starting.
[18:55:17.010] [INFO   ] thread Thread-1 starting.
[18:55:17.513] [SEVERE ] updating countdown to 59496
[18:55:17.620] [SEVERE ] placing card 53 in slot 0
[18:55:17.726] [SEVERE ] placing card 68 in slot 1
[18:55:17.835] [SEVERE ] placing card 48 in slot 2
[18:55:17.944] [SEVERE ] placing card 39 in slot 3
[18:55:18.051] [SEVERE ] placing card 31 in slot 4
[18:55:18.159] [SEVERE ] placing card 11 in slot 5
[18:55:18.267] [SEVERE ] placing card 18 in slot 6
[18:55:18.374] [SEVERE ] placing card 51 in slot 7
[18:55:18.481] [SEVERE ] placing card 54 in slot 8
[18:55:18.588] [SEVERE ] placing card 37 in slot 9
[18:55:18.696] [SEVERE ] placing card 25 in slot 10
[18:55:18.804] [SEVERE ] placing card 19 in slot 11
[18:55:18.808] [SEVERE ] updating countdown to 58201
[18:55:18.912] [SEVERE ] removing card from slot 0
[18:55:19.020] [SEVERE ] removing card from slot 1
[18:55:19.128] [SEVERE ] removing card from slot 2
[18:55:19.236] [SEVERE ] removing card from slot 3
[18:55:19.344] [SEVERE ] removing card from slot 4
[18:55:19.451] [SEVERE ] removing card from slot 5
[18:55:19.559] [SEVERE ] removing card from slot 6
[18:55:19.666] [SEVERE ] removing card from slot 7
[18:55:19.773] [SEVERE ] removing card from slot 8
[18:55:19.880] [SEVERE ] removing card from slot 9
[18:55:19.990] [SEVERE ] removing card from slot 10
[18:55:20.098] [SEVERE ] removing card from slot 11
[18:55:20.205] [SEVERE ] placing card 41 in slot 0
[18:55:20.313] [SEVERE ] placing card 2 in slot 1
[18:55:20.421] [SEVERE ] placing card 59 in slot 2
[18:55:20.529] [SEVERE ] placing card 29 in slot 3
[18:55:20.637] [SEVERE ] placing card 12 in slot 4
[18:55:20.745] [SEVERE ] placing card 46 in slot 5
[18:55:20.852] [SEVERE ] placing card 0 in slot 6
[18:55:20.960] [SEVERE ] placing card 16 in slot 7
[18:55:21.068] [SEVERE ] placing card 10 in slot 8
[18:55:21.176] [SEVERE ] placing card 3 in slot 9
[18:55:21.284] [SEVERE ] placing card 14 in slot 10
[18:55:21.390] [SEVERE ] placing card 47 in slot 11
[18:55:21.392] [SEVERE ] updating countdown to 55617
[18:55:21.498] [SEVERE ] removing card from slot 0
[18:55:21.605] [SEVERE ] removing card from slot 1
[18:55:21.712] [SEVERE ] removing card from slot 2
[18:55:21.820] [SEVERE ] removing card from slot 3
[18:55:21.927] [SEVERE ] removing card from slot 4
[18:55:22.037] [SEVERE ] removing card from slot 5
[18:55:22.146] [SEVERE ] removing card from slot 6
[18:55:22.255] [SEVERE ] removing card from slot 7
[18:55:22.363] [SEVERE ] removing card from slot 8
[18:55:22.471] [SEVERE ] removing card from slot 9
[18:55:22.579] [SEVERE ] removing card from slot 10
[18:55:22.687] [SEVERE ] removing card from slot 11
[18:55:22.794] [SEVERE ] placing card 35 in slot 0
[18:55:22.902] [SEVERE ] placing card 56 in slot 1
[18:55:23.011] [SEVERE ] placing card 57 in slot 2
[18:55:23.119] [SEVERE ] placing card 29 in slot 3
[18:55:23.226] [SEVERE ] placing card 40 in slot 4
[18:55:23.334] [SEVERE ] placing card 26 in slot 5
[18:55:23.443] [SEVERE ] placing card 19 in slot 6
[18:55:23.549] [SEVERE ] placing card 34 in slot 7
[18:55:23.657] [SEVERE ] placing card 55 in slot 8
[18:55:23.765] [SEVERE ] placing card 22 in slot 9
[18:55:23.873] [SEVERE ] placing card 66 in slot 10
[18:55:23.980] [SEVERE ] placing card 30 in slot 11
[18:55:23.983] [SEVERE ] updating countdown to 53026
[18:55:24.998] [SEVERE ] updating countdown to 52011
[18:55:24.999] [SEVERE ] updating countdown to 52010
[18:55:26.007] [SEVERE ] updating countdown to 51002
[18:55:26.008] [SEVERE ] updating countdown to 51001
[18:55:26.680] [SEVERE ] exit button pressed
[18:55:26.680] [SEVERE ] disposing of user interface elements
[18:55:26.680] [INFO   ] thread Thread-1 terminated.
[18:55:26.680] [INFO   ] thread Thread-0 terminated.
