[16:40:53.509] [INFO   ] thread main starting.
[16:40:53.515] [SEVERE ] cannot read configuration file config.properties trying from resources.
[16:40:53.517] [SEVERE ] configuration file was loaded from resources directory.
[16:40:53.979] [INFO   ] thread dealer starting.
[16:40:53.981] [INFO   ] thread dealer starting.
[16:40:53.982] [INFO   ] thread Thread-0 starting.
[16:40:53.982] [INFO   ] thread Thread-1 starting.
[16:40:53.982] [SEVERE ] updating countdown to 60000
[16:40:53.983] [INFO   ] thread Thread-5 starting.
[16:40:53.983] [INFO   ] thread Thread-3 starting.
[16:40:53.982] [INFO   ] thread Thread-4 starting.
[16:40:53.982] [INFO   ] thread Thread-2 starting.
[16:40:53.989] [SEVERE ] updating countdown to 59993
[16:40:53.993] [INFO   ] thread computer-5 starting.
[16:40:53.993] [INFO   ] thread computer-3 starting.
[16:40:53.994] [INFO   ] thread computer-4 starting.
[16:40:53.994] [INFO   ] thread computer-2 starting.
[16:40:54.117] [SEVERE ] placing card 52 in slot 0
[16:40:54.224] [SEVERE ] placing card 13 in slot 1
[16:40:54.332] [SEVERE ] placing card 24 in slot 2
[16:40:54.442] [SEVERE ] placing card 79 in slot 3
[16:40:54.551] [SEVERE ] placing card 5 in slot 4
[16:40:54.659] [SEVERE ] placing card 26 in slot 5
[16:40:54.767] [SEVERE ] placing card 23 in slot 6
[16:40:54.876] [SEVERE ] placing card 43 in slot 7
[16:40:54.985] [SEVERE ] placing card 22 in slot 8
[16:40:55.097] [SEVERE ] placing card 65 in slot 9
[16:40:55.206] [SEVERE ] placing card 48 in slot 10
[16:40:55.317] [SEVERE ] placing card 16 in slot 11
[16:40:55.317] [SEVERE ] player 3 placing token on slot 3
[16:40:55.317] [SEVERE ] player 3 placing token on slot 1
[16:40:55.318] [SEVERE ] removing player 3 token from slot 1
[16:40:55.318] [SEVERE ] player 3 placing token on slot 1
[16:40:55.318] [SEVERE ] removing player 3 token from slot 3
[16:40:55.318] [SEVERE ] player 3 placing token on slot 3
[16:40:55.318] [SEVERE ] player 3 placing token on slot 7
[16:40:55.317] [SEVERE ] player 6 placing token on slot 7
[16:40:55.317] [SEVERE ] player 4 placing token on slot 10
[16:40:55.319] [SEVERE ] player 4 placing token on slot 1
[16:40:55.319] [SEVERE ] player 4 placing token on slot 2
[16:40:55.317] [SEVERE ] player 5 placing token on slot 0
[16:40:55.320] [SEVERE ] player 5 placing token on slot 7
[16:40:55.319] [SEVERE ] player 6 placing token on slot 1
[16:40:55.320] [SEVERE ] player 6 placing token on slot 2
[16:40:55.321] [SEVERE ] player 5 placing token on slot 10
[16:40:55.343] [SEVERE ] updating countdown to 58639
[16:40:55.458] [SEVERE ] removing player 5 token from slot 0
[16:40:55.458] [SEVERE ] removing card from slot 0
[16:40:55.568] [SEVERE ] removing player 3 token from slot 1
[16:40:55.568] [SEVERE ] removing player 6 token from slot 1
[16:40:55.568] [SEVERE ] removing player 4 token from slot 1
[16:40:55.569] [SEVERE ] removing card from slot 1
[16:40:55.679] [SEVERE ] removing player 4 token from slot 2
[16:40:55.679] [SEVERE ] removing player 6 token from slot 2
[16:40:55.679] [SEVERE ] removing card from slot 2
[16:40:55.788] [SEVERE ] removing player 3 token from slot 3
[16:40:55.788] [SEVERE ] removing card from slot 3
[16:40:55.898] [SEVERE ] removing card from slot 4
[16:40:56.008] [SEVERE ] removing card from slot 5
[16:40:56.118] [SEVERE ] removing card from slot 6
[16:40:56.227] [SEVERE ] removing player 6 token from slot 7
[16:40:56.227] [SEVERE ] removing player 3 token from slot 7
[16:40:56.227] [SEVERE ] removing player 5 token from slot 7
[16:40:56.227] [SEVERE ] removing card from slot 7
[16:40:56.338] [SEVERE ] removing card from slot 8
[16:40:56.450] [SEVERE ] removing card from slot 9
[16:40:56.559] [SEVERE ] removing player 4 token from slot 10
[16:40:56.559] [SEVERE ] removing player 5 token from slot 10
[16:40:56.559] [SEVERE ] removing card from slot 10
[16:40:56.670] [SEVERE ] removing card from slot 11
[16:40:56.779] [SEVERE ] placing card 63 in slot 0
[16:40:56.890] [SEVERE ] placing card 80 in slot 1
[16:40:57.002] [SEVERE ] placing card 31 in slot 2
[16:40:57.111] [SEVERE ] placing card 69 in slot 3
[16:40:57.221] [SEVERE ] placing card 1 in slot 4
[16:40:57.332] [SEVERE ] placing card 73 in slot 5
[16:40:57.443] [SEVERE ] placing card 53 in slot 6
[16:40:57.552] [SEVERE ] placing card 17 in slot 7
[16:40:57.659] [SEVERE ] placing card 48 in slot 8
[16:40:57.768] [SEVERE ] placing card 41 in slot 9
[16:40:57.878] [SEVERE ] placing card 26 in slot 10
[16:40:57.989] [SEVERE ] placing card 62 in slot 11
[16:40:57.997] [SEVERE ] updating countdown to 55985
[16:40:58.020] [SEVERE ] updating countdown to 55962
[16:40:58.072] [SEVERE ] updating countdown to 55910
[16:40:58.084] [SEVERE ] updating countdown to 55898
[16:40:58.085] [SEVERE ] updating countdown to 55897
[16:40:58.100] [SEVERE ] updating countdown to 55882
[16:40:58.101] [SEVERE ] updating countdown to 55881
[16:40:58.115] [SEVERE ] updating countdown to 55867
[16:40:58.116] [SEVERE ] updating countdown to 55866
[16:40:58.132] [SEVERE ] updating countdown to 55850
[16:40:58.133] [SEVERE ] updating countdown to 55849
[16:40:58.146] [SEVERE ] updating countdown to 55836
[16:40:58.147] [SEVERE ] updating countdown to 55835
[16:40:58.162] [SEVERE ] updating countdown to 55820
[16:40:58.163] [SEVERE ] updating countdown to 55819
[16:40:58.178] [SEVERE ] updating countdown to 55804
[16:40:58.178] [SEVERE ] updating countdown to 55804
[16:40:58.194] [SEVERE ] updating countdown to 55788
[16:40:58.194] [SEVERE ] updating countdown to 55788
[16:40:58.210] [SEVERE ] updating countdown to 55772
[16:40:58.211] [SEVERE ] updating countdown to 55771
[16:40:58.226] [SEVERE ] updating countdown to 55756
[16:40:58.227] [SEVERE ] updating countdown to 55755
[16:40:58.242] [SEVERE ] updating countdown to 55740
[16:40:58.242] [SEVERE ] updating countdown to 55740
[16:40:58.258] [SEVERE ] updating countdown to 55724
[16:40:58.258] [SEVERE ] updating countdown to 55724
[16:40:58.273] [SEVERE ] updating countdown to 55709
[16:40:58.273] [SEVERE ] updating countdown to 55709
[16:40:58.288] [SEVERE ] updating countdown to 55694
[16:40:58.288] [SEVERE ] updating countdown to 55694
[16:40:58.304] [SEVERE ] updating countdown to 55678
[16:40:58.304] [SEVERE ] updating countdown to 55678
[16:40:58.320] [SEVERE ] updating countdown to 55662
[16:40:58.320] [SEVERE ] updating countdown to 55662
[16:40:58.336] [SEVERE ] updating countdown to 55646
[16:40:58.336] [SEVERE ] updating countdown to 55646
[16:40:58.352] [SEVERE ] updating countdown to 55630
[16:40:58.352] [SEVERE ] updating countdown to 55630
[16:40:58.368] [SEVERE ] updating countdown to 55614
[16:40:58.368] [SEVERE ] updating countdown to 55614
[16:40:58.384] [SEVERE ] updating countdown to 55598
[16:40:58.384] [SEVERE ] updating countdown to 55598
[16:40:58.400] [SEVERE ] updating countdown to 55582
[16:40:58.400] [SEVERE ] updating countdown to 55582
[16:40:58.416] [SEVERE ] updating countdown to 55566
[16:40:58.416] [SEVERE ] updating countdown to 55566
[16:40:58.431] [SEVERE ] updating countdown to 55551
[16:40:58.431] [SEVERE ] updating countdown to 55551
[16:40:58.447] [SEVERE ] updating countdown to 55535
[16:40:58.447] [SEVERE ] updating countdown to 55535
[16:40:58.463] [SEVERE ] updating countdown to 55519
[16:40:58.463] [SEVERE ] updating countdown to 55519
[16:40:58.479] [SEVERE ] updating countdown to 55503
[16:40:58.479] [SEVERE ] updating countdown to 55503
[16:40:58.495] [SEVERE ] updating countdown to 55487
[16:40:58.495] [SEVERE ] updating countdown to 55487
[16:40:58.511] [SEVERE ] updating countdown to 55471
[16:40:58.511] [SEVERE ] updating countdown to 55471
[16:40:58.527] [SEVERE ] updating countdown to 55455
[16:40:58.527] [SEVERE ] updating countdown to 55455
[16:40:58.543] [SEVERE ] updating countdown to 55439
[16:40:58.543] [SEVERE ] updating countdown to 55439
[16:40:58.559] [SEVERE ] updating countdown to 55423
[16:40:58.559] [SEVERE ] updating countdown to 55423
[16:40:58.574] [SEVERE ] updating countdown to 55408
[16:40:58.574] [SEVERE ] updating countdown to 55408
[16:40:58.590] [SEVERE ] updating countdown to 55392
[16:40:58.590] [SEVERE ] updating countdown to 55392
[16:40:58.606] [SEVERE ] updating countdown to 55376
[16:40:58.606] [SEVERE ] updating countdown to 55376
[16:40:58.621] [SEVERE ] updating countdown to 55361
[16:40:58.621] [SEVERE ] updating countdown to 55361
[16:40:58.636] [SEVERE ] updating countdown to 55346
[16:40:58.636] [SEVERE ] updating countdown to 55346
[16:40:58.652] [SEVERE ] updating countdown to 55330
[16:40:58.652] [SEVERE ] updating countdown to 55330
[16:40:58.668] [SEVERE ] updating countdown to 55314
[16:40:58.668] [SEVERE ] updating countdown to 55314
[16:40:58.684] [SEVERE ] updating countdown to 55298
[16:40:58.684] [SEVERE ] updating countdown to 55298
[16:40:58.700] [SEVERE ] updating countdown to 55282
[16:40:58.700] [SEVERE ] updating countdown to 55282
[16:40:58.716] [SEVERE ] updating countdown to 55266
[16:40:58.716] [SEVERE ] updating countdown to 55266
[16:40:58.732] [SEVERE ] updating countdown to 55250
[16:40:58.732] [SEVERE ] updating countdown to 55250
[16:40:58.748] [SEVERE ] updating countdown to 55234
[16:40:58.748] [SEVERE ] updating countdown to 55234
[16:40:58.764] [SEVERE ] updating countdown to 55218
[16:40:58.764] [SEVERE ] updating countdown to 55218
[16:40:58.780] [SEVERE ] updating countdown to 55202
[16:40:58.780] [SEVERE ] updating countdown to 55202
[16:40:58.795] [SEVERE ] updating countdown to 55187
[16:40:58.795] [SEVERE ] updating countdown to 55187
[16:40:58.810] [SEVERE ] updating countdown to 55172
[16:40:58.811] [SEVERE ] updating countdown to 55171
[16:40:58.826] [SEVERE ] updating countdown to 55156
[16:40:58.827] [SEVERE ] updating countdown to 55155
[16:40:58.841] [SEVERE ] updating countdown to 55141
[16:40:58.841] [SEVERE ] updating countdown to 55141
[16:40:58.857] [SEVERE ] updating countdown to 55125
[16:40:58.857] [SEVERE ] updating countdown to 55125
[16:40:58.873] [SEVERE ] updating countdown to 55109
[16:40:58.873] [SEVERE ] updating countdown to 55109
[16:40:58.889] [SEVERE ] updating countdown to 55093
[16:40:58.889] [SEVERE ] updating countdown to 55093
[16:40:58.904] [SEVERE ] updating countdown to 55078
[16:40:58.904] [SEVERE ] updating countdown to 55078
[16:40:58.920] [SEVERE ] updating countdown to 55062
[16:40:58.920] [SEVERE ] updating countdown to 55062
[16:40:58.937] [SEVERE ] updating countdown to 55045
[16:40:58.937] [SEVERE ] updating countdown to 55045
[16:40:58.952] [SEVERE ] updating countdown to 55030
[16:40:58.952] [SEVERE ] updating countdown to 55030
[16:40:58.969] [SEVERE ] updating countdown to 55013
[16:40:58.969] [SEVERE ] updating countdown to 55013
[16:40:58.984] [SEVERE ] updating countdown to 54998
[16:40:58.984] [SEVERE ] updating countdown to 54998
[16:40:59.000] [SEVERE ] updating countdown to 54982
[16:40:59.000] [SEVERE ] updating countdown to 54982
[16:40:59.016] [SEVERE ] updating countdown to 54966
[16:40:59.017] [SEVERE ] updating countdown to 54965
[16:40:59.032] [SEVERE ] updating countdown to 54950
[16:40:59.033] [SEVERE ] updating countdown to 54949
[16:40:59.048] [SEVERE ] updating countdown to 54934
[16:40:59.048] [SEVERE ] updating countdown to 54934
[16:40:59.064] [SEVERE ] updating countdown to 54918
[16:40:59.064] [SEVERE ] updating countdown to 54918
[16:40:59.080] [SEVERE ] updating countdown to 54902
[16:40:59.081] [SEVERE ] updating countdown to 54901
[16:40:59.096] [SEVERE ] updating countdown to 54886
[16:40:59.096] [SEVERE ] updating countdown to 54886
[16:40:59.112] [SEVERE ] updating countdown to 54870
[16:40:59.113] [SEVERE ] updating countdown to 54870
[16:40:59.128] [SEVERE ] updating countdown to 54854
[16:40:59.128] [SEVERE ] updating countdown to 54854
[16:40:59.144] [SEVERE ] updating countdown to 54838
[16:40:59.144] [SEVERE ] updating countdown to 54838
[16:40:59.159] [SEVERE ] updating countdown to 54823
[16:40:59.159] [SEVERE ] updating countdown to 54823
[16:40:59.174] [SEVERE ] updating countdown to 54808
[16:40:59.174] [SEVERE ] updating countdown to 54808
[16:40:59.190] [SEVERE ] updating countdown to 54792
[16:40:59.190] [SEVERE ] updating countdown to 54792
[16:40:59.206] [SEVERE ] updating countdown to 54776
[16:40:59.207] [SEVERE ] updating countdown to 54775
[16:40:59.221] [SEVERE ] updating countdown to 54761
[16:40:59.221] [SEVERE ] updating countdown to 54761
[16:40:59.237] [SEVERE ] updating countdown to 54745
[16:40:59.237] [SEVERE ] updating countdown to 54745
[16:40:59.252] [SEVERE ] updating countdown to 54730
[16:40:59.252] [SEVERE ] updating countdown to 54730
[16:40:59.267] [SEVERE ] updating countdown to 54715
[16:40:59.267] [SEVERE ] updating countdown to 54715
[16:40:59.283] [SEVERE ] updating countdown to 54699
[16:40:59.283] [SEVERE ] updating countdown to 54699
[16:40:59.299] [SEVERE ] updating countdown to 54683
[16:40:59.299] [SEVERE ] updating countdown to 54683
[16:40:59.315] [SEVERE ] updating countdown to 54667
[16:40:59.315] [SEVERE ] updating countdown to 54667
[16:40:59.331] [SEVERE ] updating countdown to 54651
[16:40:59.331] [SEVERE ] updating countdown to 54651
[16:40:59.347] [SEVERE ] updating countdown to 54635
[16:40:59.347] [SEVERE ] updating countdown to 54635
[16:40:59.362] [SEVERE ] updating countdown to 54620
[16:40:59.362] [SEVERE ] updating countdown to 54620
[16:40:59.377] [SEVERE ] updating countdown to 54605
[16:40:59.377] [SEVERE ] updating countdown to 54605
[16:40:59.393] [SEVERE ] updating countdown to 54589
[16:40:59.393] [SEVERE ] updating countdown to 54589
[16:40:59.409] [SEVERE ] updating countdown to 54573
[16:40:59.409] [SEVERE ] updating countdown to 54573
[16:40:59.424] [SEVERE ] updating countdown to 54558
[16:40:59.424] [SEVERE ] updating countdown to 54558
[16:40:59.440] [SEVERE ] updating countdown to 54542
[16:40:59.440] [SEVERE ] updating countdown to 54542
[16:40:59.456] [SEVERE ] updating countdown to 54526
[16:40:59.456] [SEVERE ] updating countdown to 54526
[16:40:59.472] [SEVERE ] updating countdown to 54510
[16:40:59.472] [SEVERE ] updating countdown to 54510
[16:40:59.488] [SEVERE ] updating countdown to 54494
[16:40:59.488] [SEVERE ] updating countdown to 54494
[16:40:59.503] [SEVERE ] updating countdown to 54479
[16:40:59.503] [SEVERE ] updating countdown to 54479
[16:40:59.519] [SEVERE ] updating countdown to 54463
[16:40:59.519] [SEVERE ] updating countdown to 54463
[16:40:59.535] [SEVERE ] updating countdown to 54447
[16:40:59.535] [SEVERE ] updating countdown to 54447
[16:40:59.551] [SEVERE ] updating countdown to 54431
[16:40:59.551] [SEVERE ] updating countdown to 54431
[16:40:59.567] [SEVERE ] updating countdown to 54415
[16:40:59.567] [SEVERE ] updating countdown to 54415
[16:40:59.583] [SEVERE ] updating countdown to 54399
[16:40:59.583] [SEVERE ] updating countdown to 54399
[16:40:59.599] [SEVERE ] updating countdown to 54383
[16:40:59.599] [SEVERE ] updating countdown to 54383
[16:40:59.615] [SEVERE ] updating countdown to 54367
[16:40:59.615] [SEVERE ] updating countdown to 54367
[16:40:59.631] [SEVERE ] updating countdown to 54351
[16:40:59.631] [SEVERE ] updating countdown to 54351
[16:40:59.646] [SEVERE ] updating countdown to 54336
[16:40:59.646] [SEVERE ] updating countdown to 54336
[16:40:59.661] [SEVERE ] updating countdown to 54321
[16:40:59.661] [SEVERE ] updating countdown to 54321
[16:40:59.677] [SEVERE ] updating countdown to 54305
[16:40:59.677] [SEVERE ] updating countdown to 54305
[16:40:59.693] [SEVERE ] updating countdown to 54289
[16:40:59.693] [SEVERE ] updating countdown to 54289
[16:40:59.708] [SEVERE ] updating countdown to 54274
[16:40:59.708] [SEVERE ] updating countdown to 54274
[16:40:59.724] [SEVERE ] updating countdown to 54258
[16:40:59.724] [SEVERE ] updating countdown to 54258
[16:40:59.739] [SEVERE ] updating countdown to 54243
[16:40:59.739] [SEVERE ] updating countdown to 54243
[16:40:59.754] [SEVERE ] updating countdown to 54228
[16:40:59.754] [SEVERE ] updating countdown to 54228
[16:40:59.770] [SEVERE ] updating countdown to 54212
[16:40:59.770] [SEVERE ] updating countdown to 54212
[16:40:59.786] [SEVERE ] updating countdown to 54196
[16:40:59.786] [SEVERE ] updating countdown to 54196
[16:40:59.802] [SEVERE ] updating countdown to 54180
[16:40:59.802] [SEVERE ] updating countdown to 54180
[16:40:59.817] [SEVERE ] updating countdown to 54165
[16:40:59.817] [SEVERE ] updating countdown to 54165
[16:40:59.832] [SEVERE ] updating countdown to 54150
[16:40:59.832] [SEVERE ] updating countdown to 54150
[16:40:59.848] [SEVERE ] updating countdown to 54134
[16:40:59.848] [SEVERE ] updating countdown to 54134
[16:40:59.863] [SEVERE ] updating countdown to 54119
[16:40:59.863] [SEVERE ] updating countdown to 54119
[16:40:59.878] [SEVERE ] updating countdown to 54104
[16:40:59.878] [SEVERE ] updating countdown to 54104
[16:40:59.894] [SEVERE ] updating countdown to 54088
[16:40:59.894] [SEVERE ] updating countdown to 54088
[16:40:59.910] [SEVERE ] updating countdown to 54072
[16:40:59.910] [SEVERE ] updating countdown to 54072
[16:40:59.926] [SEVERE ] updating countdown to 54056
[16:40:59.926] [SEVERE ] updating countdown to 54056
[16:40:59.942] [SEVERE ] updating countdown to 54040
[16:40:59.942] [SEVERE ] updating countdown to 54040
[16:40:59.958] [SEVERE ] updating countdown to 54024
[16:40:59.958] [SEVERE ] updating countdown to 54024
[16:40:59.974] [SEVERE ] updating countdown to 54008
[16:40:59.974] [SEVERE ] updating countdown to 54008
[16:40:59.989] [SEVERE ] updating countdown to 53993
[16:40:59.989] [SEVERE ] updating countdown to 53993
[16:41:00.004] [SEVERE ] updating countdown to 53978
[16:41:00.004] [SEVERE ] updating countdown to 53978
[16:41:00.020] [SEVERE ] updating countdown to 53962
[16:41:00.020] [SEVERE ] updating countdown to 53962
[16:41:00.036] [SEVERE ] updating countdown to 53946
[16:41:00.036] [SEVERE ] updating countdown to 53946
[16:41:00.052] [SEVERE ] updating countdown to 53930
[16:41:00.052] [SEVERE ] updating countdown to 53930
[16:41:00.068] [SEVERE ] updating countdown to 53914
[16:41:00.068] [SEVERE ] updating countdown to 53914
[16:41:00.084] [SEVERE ] updating countdown to 53898
[16:41:00.084] [SEVERE ] updating countdown to 53898
[16:41:00.100] [SEVERE ] updating countdown to 53882
[16:41:00.100] [SEVERE ] updating countdown to 53882
[16:41:00.116] [SEVERE ] updating countdown to 53866
[16:41:00.116] [SEVERE ] updating countdown to 53866
[16:41:00.131] [SEVERE ] updating countdown to 53851
[16:41:00.131] [SEVERE ] updating countdown to 53851
[16:41:00.147] [SEVERE ] updating countdown to 53835
[16:41:00.147] [SEVERE ] updating countdown to 53835
[16:41:00.163] [SEVERE ] updating countdown to 53819
[16:41:00.163] [SEVERE ] updating countdown to 53819
[16:41:00.179] [SEVERE ] updating countdown to 53803
[16:41:00.179] [SEVERE ] updating countdown to 53803
[16:41:00.195] [SEVERE ] updating countdown to 53787
[16:41:00.195] [SEVERE ] updating countdown to 53787
[16:41:00.211] [SEVERE ] updating countdown to 53771
[16:41:00.211] [SEVERE ] updating countdown to 53771
[16:41:00.226] [SEVERE ] updating countdown to 53756
[16:41:00.226] [SEVERE ] updating countdown to 53756
[16:41:00.242] [SEVERE ] updating countdown to 53740
[16:41:00.242] [SEVERE ] updating countdown to 53740
[16:41:00.257] [SEVERE ] updating countdown to 53725
[16:41:00.258] [SEVERE ] updating countdown to 53724
[16:41:00.272] [SEVERE ] updating countdown to 53710
[16:41:00.272] [SEVERE ] updating countdown to 53710
[16:41:00.288] [SEVERE ] updating countdown to 53694
[16:41:00.288] [SEVERE ] updating countdown to 53694
[16:41:00.303] [SEVERE ] updating countdown to 53679
[16:41:00.303] [SEVERE ] updating countdown to 53679
[16:41:00.319] [SEVERE ] updating countdown to 53663
[16:41:00.320] [SEVERE ] updating countdown to 53662
[16:41:00.335] [SEVERE ] updating countdown to 53647
[16:41:00.335] [SEVERE ] updating countdown to 53647
[16:41:00.351] [SEVERE ] updating countdown to 53631
[16:41:00.351] [SEVERE ] updating countdown to 53631
[16:41:00.366] [SEVERE ] updating countdown to 53616
[16:41:00.366] [SEVERE ] updating countdown to 53616
[16:41:00.381] [SEVERE ] updating countdown to 53601
[16:41:00.381] [SEVERE ] updating countdown to 53601
[16:41:00.396] [SEVERE ] updating countdown to 53586
[16:41:00.396] [SEVERE ] updating countdown to 53586
[16:41:00.412] [SEVERE ] updating countdown to 53570
[16:41:00.412] [SEVERE ] updating countdown to 53570
[16:41:00.428] [SEVERE ] updating countdown to 53554
[16:41:00.428] [SEVERE ] updating countdown to 53554
[16:41:00.444] [SEVERE ] updating countdown to 53538
[16:41:00.444] [SEVERE ] updating countdown to 53538
[16:41:00.460] [SEVERE ] updating countdown to 53522
[16:41:00.460] [SEVERE ] updating countdown to 53522
[16:41:00.476] [SEVERE ] updating countdown to 53506
[16:41:00.476] [SEVERE ] updating countdown to 53506
[16:41:00.491] [SEVERE ] updating countdown to 53491
[16:41:00.491] [SEVERE ] updating countdown to 53491
[16:41:00.506] [SEVERE ] updating countdown to 53476
[16:41:00.506] [SEVERE ] updating countdown to 53476
[16:41:00.522] [SEVERE ] updating countdown to 53460
[16:41:00.522] [SEVERE ] updating countdown to 53460
[16:41:00.538] [SEVERE ] updating countdown to 53444
[16:41:00.538] [SEVERE ] updating countdown to 53444
[16:41:00.554] [SEVERE ] updating countdown to 53428
[16:41:00.554] [SEVERE ] updating countdown to 53428
[16:41:00.570] [SEVERE ] updating countdown to 53412
[16:41:00.570] [SEVERE ] updating countdown to 53412
[16:41:00.586] [SEVERE ] updating countdown to 53396
[16:41:00.586] [SEVERE ] updating countdown to 53396
[16:41:00.602] [SEVERE ] updating countdown to 53380
[16:41:00.602] [SEVERE ] updating countdown to 53380
[16:41:00.618] [SEVERE ] updating countdown to 53364
[16:41:00.618] [SEVERE ] updating countdown to 53364
[16:41:00.634] [SEVERE ] updating countdown to 53348
[16:41:00.634] [SEVERE ] updating countdown to 53348
[16:41:00.650] [SEVERE ] updating countdown to 53332
[16:41:00.650] [SEVERE ] updating countdown to 53332
[16:41:00.665] [SEVERE ] updating countdown to 53317
[16:41:00.665] [SEVERE ] updating countdown to 53317
[16:41:00.680] [SEVERE ] updating countdown to 53302
[16:41:00.680] [SEVERE ] updating countdown to 53302
[16:41:00.696] [SEVERE ] updating countdown to 53286
[16:41:00.696] [SEVERE ] updating countdown to 53286
[16:41:00.712] [SEVERE ] updating countdown to 53270
[16:41:00.712] [SEVERE ] updating countdown to 53270
[16:41:00.728] [SEVERE ] updating countdown to 53254
[16:41:00.728] [SEVERE ] updating countdown to 53254
[16:41:00.744] [SEVERE ] updating countdown to 53238
[16:41:00.744] [SEVERE ] updating countdown to 53238
[16:41:00.760] [SEVERE ] updating countdown to 53222
[16:41:00.760] [SEVERE ] updating countdown to 53222
[16:41:00.775] [SEVERE ] updating countdown to 53207
[16:41:00.775] [SEVERE ] updating countdown to 53207
[16:41:00.791] [SEVERE ] updating countdown to 53191
[16:41:00.791] [SEVERE ] updating countdown to 53191
[16:41:00.807] [SEVERE ] updating countdown to 53175
[16:41:00.807] [SEVERE ] updating countdown to 53175
[16:41:00.822] [SEVERE ] updating countdown to 53160
[16:41:00.822] [SEVERE ] updating countdown to 53160
[16:41:00.838] [SEVERE ] updating countdown to 53144
[16:41:00.838] [SEVERE ] updating countdown to 53144
[16:41:00.854] [SEVERE ] updating countdown to 53128
[16:41:00.854] [SEVERE ] updating countdown to 53128
[16:41:00.869] [SEVERE ] updating countdown to 53113
[16:41:00.869] [SEVERE ] updating countdown to 53113
[16:41:00.885] [SEVERE ] updating countdown to 53097
[16:41:00.885] [SEVERE ] updating countdown to 53097
[16:41:00.901] [SEVERE ] updating countdown to 53081
[16:41:00.901] [SEVERE ] updating countdown to 53081
[16:41:00.917] [SEVERE ] updating countdown to 53065
[16:41:00.917] [SEVERE ] updating countdown to 53065
[16:41:00.933] [SEVERE ] updating countdown to 53049
[16:41:00.933] [SEVERE ] updating countdown to 53049
[16:41:00.949] [SEVERE ] updating countdown to 53033
[16:41:00.949] [SEVERE ] updating countdown to 53033
[16:41:00.965] [SEVERE ] updating countdown to 53017
[16:41:00.965] [SEVERE ] updating countdown to 53017
[16:41:00.981] [SEVERE ] updating countdown to 53001
[16:41:00.981] [SEVERE ] updating countdown to 53001
[16:41:00.997] [SEVERE ] updating countdown to 52985
[16:41:00.997] [SEVERE ] updating countdown to 52985
[16:41:01.013] [SEVERE ] updating countdown to 52969
[16:41:01.013] [SEVERE ] updating countdown to 52969
[16:41:01.028] [SEVERE ] updating countdown to 52954
[16:41:01.028] [SEVERE ] updating countdown to 52954
[16:41:01.044] [SEVERE ] updating countdown to 52938
[16:41:01.044] [SEVERE ] updating countdown to 52938
[16:41:01.060] [SEVERE ] updating countdown to 52922
[16:41:01.060] [SEVERE ] updating countdown to 52922
[16:41:01.076] [SEVERE ] updating countdown to 52906
[16:41:01.076] [SEVERE ] updating countdown to 52906
[16:41:01.091] [SEVERE ] updating countdown to 52891
[16:41:01.091] [SEVERE ] updating countdown to 52891
[16:41:01.107] [SEVERE ] updating countdown to 52875
[16:41:01.107] [SEVERE ] updating countdown to 52875
[16:41:01.122] [SEVERE ] updating countdown to 52860
[16:41:01.122] [SEVERE ] updating countdown to 52860
[16:41:01.138] [SEVERE ] updating countdown to 52844
[16:41:01.138] [SEVERE ] updating countdown to 52844
[16:41:01.154] [SEVERE ] updating countdown to 52828
[16:41:01.154] [SEVERE ] updating countdown to 52828
[16:41:01.169] [SEVERE ] updating countdown to 52813
[16:41:01.169] [SEVERE ] updating countdown to 52813
[16:41:01.184] [SEVERE ] updating countdown to 52798
[16:41:01.184] [SEVERE ] updating countdown to 52798
[16:41:01.200] [SEVERE ] updating countdown to 52782
[16:41:01.200] [SEVERE ] updating countdown to 52782
[16:41:01.216] [SEVERE ] updating countdown to 52766
[16:41:01.216] [SEVERE ] updating countdown to 52766
[16:41:01.232] [SEVERE ] updating countdown to 52750
[16:41:01.232] [SEVERE ] updating countdown to 52750
[16:41:01.248] [SEVERE ] updating countdown to 52734
[16:41:01.248] [SEVERE ] updating countdown to 52734
[16:41:01.264] [SEVERE ] updating countdown to 52718
[16:41:01.264] [SEVERE ] updating countdown to 52718
[16:41:01.280] [SEVERE ] updating countdown to 52702
[16:41:01.280] [SEVERE ] updating countdown to 52702
[16:41:01.295] [SEVERE ] updating countdown to 52687
[16:41:01.295] [SEVERE ] updating countdown to 52687
[16:41:01.311] [SEVERE ] updating countdown to 52671
[16:41:01.311] [SEVERE ] updating countdown to 52671
[16:41:01.327] [SEVERE ] updating countdown to 52655
[16:41:01.327] [SEVERE ] updating countdown to 52655
[16:41:01.342] [SEVERE ] updating countdown to 52640
[16:41:01.342] [SEVERE ] updating countdown to 52640
[16:41:01.358] [SEVERE ] updating countdown to 52624
[16:41:01.358] [SEVERE ] updating countdown to 52624
[16:41:01.373] [SEVERE ] updating countdown to 52609
[16:41:01.373] [SEVERE ] updating countdown to 52609
[16:41:01.389] [SEVERE ] updating countdown to 52593
[16:41:01.389] [SEVERE ] updating countdown to 52593
[16:41:01.405] [SEVERE ] updating countdown to 52577
[16:41:01.405] [SEVERE ] updating countdown to 52577
[16:41:01.421] [SEVERE ] updating countdown to 52561
[16:41:01.421] [SEVERE ] updating countdown to 52561
[16:41:01.436] [SEVERE ] updating countdown to 52546
[16:41:01.436] [SEVERE ] updating countdown to 52546
[16:41:01.451] [SEVERE ] updating countdown to 52531
[16:41:01.451] [SEVERE ] updating countdown to 52531
[16:41:01.467] [SEVERE ] updating countdown to 52515
[16:41:01.467] [SEVERE ] updating countdown to 52515
[16:41:01.482] [SEVERE ] updating countdown to 52500
[16:41:01.482] [SEVERE ] updating countdown to 52500
[16:41:01.498] [SEVERE ] updating countdown to 52484
[16:41:01.498] [SEVERE ] updating countdown to 52484
[16:41:01.514] [SEVERE ] updating countdown to 52468
[16:41:01.514] [SEVERE ] updating countdown to 52468
[16:41:01.530] [SEVERE ] updating countdown to 52452
[16:41:01.530] [SEVERE ] updating countdown to 52452
[16:41:01.546] [SEVERE ] updating countdown to 52436
[16:41:01.546] [SEVERE ] updating countdown to 52436
[16:41:01.562] [SEVERE ] updating countdown to 52420
[16:41:01.562] [SEVERE ] updating countdown to 52420
[16:41:01.578] [SEVERE ] updating countdown to 52404
[16:41:01.578] [SEVERE ] updating countdown to 52404
[16:41:01.594] [SEVERE ] updating countdown to 52388
[16:41:01.594] [SEVERE ] updating countdown to 52388
[16:41:01.610] [SEVERE ] updating countdown to 52372
[16:41:01.610] [SEVERE ] updating countdown to 52372
[16:41:01.626] [SEVERE ] updating countdown to 52356
[16:41:01.626] [SEVERE ] updating countdown to 52356
[16:41:01.642] [SEVERE ] updating countdown to 52340
[16:41:01.642] [SEVERE ] updating countdown to 52340
[16:41:01.658] [SEVERE ] updating countdown to 52324
[16:41:01.658] [SEVERE ] updating countdown to 52324
[16:41:01.674] [SEVERE ] updating countdown to 52308
[16:41:01.674] [SEVERE ] updating countdown to 52308
[16:41:01.690] [SEVERE ] updating countdown to 52292
[16:41:01.690] [SEVERE ] updating countdown to 52292
[16:41:01.706] [SEVERE ] updating countdown to 52276
[16:41:01.706] [SEVERE ] updating countdown to 52276
[16:41:01.722] [SEVERE ] updating countdown to 52260
[16:41:01.722] [SEVERE ] updating countdown to 52260
[16:41:01.738] [SEVERE ] updating countdown to 52244
[16:41:01.738] [SEVERE ] updating countdown to 52244
[16:41:01.753] [SEVERE ] updating countdown to 52229
[16:41:01.753] [SEVERE ] updating countdown to 52229
[16:41:01.769] [SEVERE ] updating countdown to 52213
[16:41:01.769] [SEVERE ] updating countdown to 52213
[16:41:01.785] [SEVERE ] updating countdown to 52197
[16:41:01.785] [SEVERE ] updating countdown to 52197
[16:41:01.801] [SEVERE ] updating countdown to 52181
[16:41:01.801] [SEVERE ] updating countdown to 52181
[16:41:01.817] [SEVERE ] updating countdown to 52165
[16:41:01.817] [SEVERE ] updating countdown to 52165
[16:41:01.832] [SEVERE ] updating countdown to 52150
[16:41:01.832] [SEVERE ] updating countdown to 52150
[16:41:01.848] [SEVERE ] updating countdown to 52134
[16:41:01.848] [SEVERE ] updating countdown to 52134
[16:41:01.864] [SEVERE ] updating countdown to 52118
[16:41:01.864] [SEVERE ] updating countdown to 52118
[16:41:01.880] [SEVERE ] updating countdown to 52102
[16:41:01.880] [SEVERE ] updating countdown to 52102
[16:41:01.896] [SEVERE ] updating countdown to 52086
[16:41:01.896] [SEVERE ] updating countdown to 52086
[16:41:01.911] [SEVERE ] updating countdown to 52071
[16:41:01.911] [SEVERE ] updating countdown to 52071
[16:41:01.927] [SEVERE ] updating countdown to 52055
[16:41:01.927] [SEVERE ] updating countdown to 52055
[16:41:01.942] [SEVERE ] updating countdown to 52040
[16:41:01.942] [SEVERE ] updating countdown to 52040
[16:41:01.958] [SEVERE ] updating countdown to 52024
[16:41:01.958] [SEVERE ] updating countdown to 52024
[16:41:01.974] [SEVERE ] updating countdown to 52008
[16:41:01.974] [SEVERE ] updating countdown to 52008
[16:41:01.990] [SEVERE ] updating countdown to 51992
[16:41:01.990] [SEVERE ] updating countdown to 51992
[16:41:02.005] [SEVERE ] updating countdown to 51977
[16:41:02.005] [SEVERE ] updating countdown to 51977
[16:41:02.020] [SEVERE ] updating countdown to 51962
[16:41:02.020] [SEVERE ] updating countdown to 51962
[16:41:02.036] [SEVERE ] updating countdown to 51946
[16:41:02.036] [SEVERE ] updating countdown to 51946
[16:41:02.052] [SEVERE ] updating countdown to 51930
[16:41:02.052] [SEVERE ] updating countdown to 51930
[16:41:02.068] [SEVERE ] updating countdown to 51914
[16:41:02.068] [SEVERE ] updating countdown to 51914
[16:41:02.084] [SEVERE ] updating countdown to 51898
[16:41:02.084] [SEVERE ] updating countdown to 51898
[16:41:02.100] [SEVERE ] updating countdown to 51882
[16:41:02.100] [SEVERE ] updating countdown to 51882
[16:41:02.116] [SEVERE ] updating countdown to 51866
[16:41:02.116] [SEVERE ] updating countdown to 51866
[16:41:02.132] [SEVERE ] updating countdown to 51850
[16:41:02.132] [SEVERE ] updating countdown to 51850
[16:41:02.147] [SEVERE ] updating countdown to 51835
[16:41:02.147] [SEVERE ] updating countdown to 51835
[16:41:02.163] [SEVERE ] updating countdown to 51819
[16:41:02.163] [SEVERE ] updating countdown to 51819
[16:41:02.179] [SEVERE ] updating countdown to 51803
[16:41:02.179] [SEVERE ] updating countdown to 51803
[16:41:02.194] [SEVERE ] updating countdown to 51788
[16:41:02.194] [SEVERE ] updating countdown to 51788
[16:41:02.210] [SEVERE ] updating countdown to 51772
[16:41:02.210] [SEVERE ] updating countdown to 51772
[16:41:02.225] [SEVERE ] updating countdown to 51757
[16:41:02.225] [SEVERE ] updating countdown to 51757
[16:41:02.241] [SEVERE ] updating countdown to 51741
[16:41:02.241] [SEVERE ] updating countdown to 51741
[16:41:02.257] [SEVERE ] updating countdown to 51725
[16:41:02.257] [SEVERE ] updating countdown to 51725
[16:41:02.273] [SEVERE ] updating countdown to 51709
[16:41:02.273] [SEVERE ] updating countdown to 51709
[16:41:02.288] [SEVERE ] updating countdown to 51694
[16:41:02.288] [SEVERE ] updating countdown to 51694
[16:41:02.303] [SEVERE ] updating countdown to 51679
[16:41:02.303] [SEVERE ] updating countdown to 51679
[16:41:02.319] [SEVERE ] updating countdown to 51663
[16:41:02.319] [SEVERE ] updating countdown to 51663
[16:41:02.334] [SEVERE ] updating countdown to 51648
[16:41:02.334] [SEVERE ] updating countdown to 51648
[16:41:02.350] [SEVERE ] updating countdown to 51632
[16:41:02.350] [SEVERE ] updating countdown to 51632
[16:41:02.365] [SEVERE ] updating countdown to 51617
[16:41:02.365] [SEVERE ] updating countdown to 51617
[16:41:02.381] [SEVERE ] updating countdown to 51601
[16:41:02.381] [SEVERE ] updating countdown to 51601
[16:41:02.396] [SEVERE ] updating countdown to 51586
[16:41:02.396] [SEVERE ] updating countdown to 51586
[16:41:02.411] [SEVERE ] updating countdown to 51571
[16:41:02.411] [SEVERE ] updating countdown to 51571
[16:41:02.427] [SEVERE ] updating countdown to 51555
[16:41:02.427] [SEVERE ] updating countdown to 51555
[16:41:02.443] [SEVERE ] updating countdown to 51539
[16:41:02.443] [SEVERE ] updating countdown to 51539
[16:41:02.459] [SEVERE ] updating countdown to 51523
[16:41:02.459] [SEVERE ] updating countdown to 51523
[16:41:02.474] [SEVERE ] updating countdown to 51508
[16:41:02.474] [SEVERE ] updating countdown to 51508
[16:41:02.489] [SEVERE ] updating countdown to 51493
[16:41:02.489] [SEVERE ] updating countdown to 51493
[16:41:02.504] [SEVERE ] updating countdown to 51478
[16:41:02.504] [SEVERE ] updating countdown to 51478
[16:41:02.520] [SEVERE ] updating countdown to 51462
[16:41:02.520] [SEVERE ] updating countdown to 51462
[16:41:02.536] [SEVERE ] updating countdown to 51446
[16:41:02.536] [SEVERE ] updating countdown to 51446
[16:41:02.551] [SEVERE ] updating countdown to 51431
[16:41:02.551] [SEVERE ] updating countdown to 51431
[16:41:02.566] [SEVERE ] updating countdown to 51416
[16:41:02.566] [SEVERE ] updating countdown to 51416
[16:41:02.582] [SEVERE ] updating countdown to 51400
[16:41:02.582] [SEVERE ] updating countdown to 51400
[16:41:02.597] [SEVERE ] updating countdown to 51385
[16:41:02.597] [SEVERE ] updating countdown to 51385
[16:41:02.613] [SEVERE ] updating countdown to 51369
[16:41:02.613] [SEVERE ] updating countdown to 51369
[16:41:02.629] [SEVERE ] updating countdown to 51353
[16:41:02.629] [SEVERE ] updating countdown to 51353
[16:41:02.645] [SEVERE ] updating countdown to 51337
[16:41:02.645] [SEVERE ] updating countdown to 51337
[16:41:02.661] [SEVERE ] updating countdown to 51321
[16:41:02.661] [SEVERE ] updating countdown to 51321
[16:41:02.677] [SEVERE ] updating countdown to 51305
[16:41:02.677] [SEVERE ] updating countdown to 51305
[16:41:02.692] [SEVERE ] updating countdown to 51290
[16:41:02.692] [SEVERE ] updating countdown to 51290
[16:41:02.708] [SEVERE ] updating countdown to 51274
[16:41:02.708] [SEVERE ] updating countdown to 51274
[16:41:02.724] [SEVERE ] updating countdown to 51258
[16:41:02.724] [SEVERE ] updating countdown to 51258
[16:41:02.740] [SEVERE ] updating countdown to 51242
[16:41:02.740] [SEVERE ] updating countdown to 51242
[16:41:02.756] [SEVERE ] updating countdown to 51226
[16:41:02.756] [SEVERE ] updating countdown to 51226
[16:41:02.772] [SEVERE ] updating countdown to 51210
[16:41:02.772] [SEVERE ] updating countdown to 51210
[16:41:02.787] [SEVERE ] updating countdown to 51195
[16:41:02.787] [SEVERE ] updating countdown to 51195
[16:41:02.803] [SEVERE ] updating countdown to 51179
[16:41:02.803] [SEVERE ] updating countdown to 51179
[16:41:02.819] [SEVERE ] updating countdown to 51163
[16:41:02.819] [SEVERE ] updating countdown to 51163
[16:41:02.835] [SEVERE ] updating countdown to 51147
[16:41:02.835] [SEVERE ] updating countdown to 51147
[16:41:02.850] [SEVERE ] updating countdown to 51132
[16:41:02.850] [SEVERE ] updating countdown to 51132
[16:41:02.866] [SEVERE ] updating countdown to 51116
[16:41:02.866] [SEVERE ] updating countdown to 51116
[16:41:02.882] [SEVERE ] updating countdown to 51100
[16:41:02.882] [SEVERE ] updating countdown to 51100
[16:41:02.897] [SEVERE ] updating countdown to 51085
[16:41:02.897] [SEVERE ] updating countdown to 51085
[16:41:02.912] [SEVERE ] updating countdown to 51070
[16:41:02.912] [SEVERE ] updating countdown to 51070
[16:41:02.928] [SEVERE ] updating countdown to 51054
[16:41:02.928] [SEVERE ] updating countdown to 51054
[16:41:02.943] [SEVERE ] updating countdown to 51039
[16:41:02.943] [SEVERE ] updating countdown to 51039
[16:41:02.959] [SEVERE ] updating countdown to 51023
[16:41:02.959] [SEVERE ] updating countdown to 51023
[16:41:02.975] [SEVERE ] updating countdown to 51007
[16:41:02.975] [SEVERE ] updating countdown to 51007
[16:41:02.991] [SEVERE ] updating countdown to 50991
[16:41:02.991] [SEVERE ] updating countdown to 50991
[16:41:03.007] [SEVERE ] updating countdown to 50975
[16:41:03.007] [SEVERE ] updating countdown to 50975
[16:41:03.022] [SEVERE ] updating countdown to 50960
[16:41:03.022] [SEVERE ] updating countdown to 50960
[16:41:03.037] [SEVERE ] updating countdown to 50945
[16:41:03.037] [SEVERE ] updating countdown to 50945
[16:41:03.053] [SEVERE ] updating countdown to 50929
[16:41:03.053] [SEVERE ] updating countdown to 50929
[16:41:03.069] [SEVERE ] updating countdown to 50913
[16:41:03.069] [SEVERE ] updating countdown to 50913
[16:41:03.084] [SEVERE ] updating countdown to 50898
[16:41:03.084] [SEVERE ] updating countdown to 50898
[16:41:03.099] [SEVERE ] updating countdown to 50883
[16:41:03.099] [SEVERE ] updating countdown to 50883
[16:41:03.115] [SEVERE ] updating countdown to 50867
[16:41:03.115] [SEVERE ] updating countdown to 50867
[16:41:03.130] [SEVERE ] updating countdown to 50852
[16:41:03.130] [SEVERE ] updating countdown to 50852
[16:41:03.146] [SEVERE ] updating countdown to 50836
[16:41:03.146] [SEVERE ] updating countdown to 50836
[16:41:03.162] [SEVERE ] updating countdown to 50820
[16:41:03.163] [SEVERE ] updating countdown to 50819
[16:41:03.178] [SEVERE ] updating countdown to 50804
[16:41:03.178] [SEVERE ] updating countdown to 50804
[16:41:03.193] [SEVERE ] updating countdown to 50789
[16:41:03.193] [SEVERE ] updating countdown to 50789
[16:41:03.209] [SEVERE ] updating countdown to 50773
[16:41:03.209] [SEVERE ] updating countdown to 50773
[16:41:03.225] [SEVERE ] updating countdown to 50757
[16:41:03.225] [SEVERE ] updating countdown to 50757
[16:41:03.241] [SEVERE ] updating countdown to 50741
[16:41:03.241] [SEVERE ] updating countdown to 50741
[16:41:03.256] [SEVERE ] updating countdown to 50726
[16:41:03.256] [SEVERE ] updating countdown to 50726
[16:41:03.270] [SEVERE ] updating countdown to 50712
[16:41:03.270] [SEVERE ] updating countdown to 50712
[16:41:03.286] [SEVERE ] updating countdown to 50696
[16:41:03.286] [SEVERE ] updating countdown to 50696
[16:41:03.302] [SEVERE ] updating countdown to 50680
[16:41:03.302] [SEVERE ] updating countdown to 50680
[16:41:03.318] [SEVERE ] updating countdown to 50664
[16:41:03.318] [SEVERE ] updating countdown to 50664
[16:41:03.334] [SEVERE ] updating countdown to 50648
[16:41:03.334] [SEVERE ] updating countdown to 50648
[16:41:03.350] [SEVERE ] updating countdown to 50632
[16:41:03.350] [SEVERE ] updating countdown to 50632
[16:41:03.365] [SEVERE ] updating countdown to 50617
[16:41:03.365] [SEVERE ] updating countdown to 50617
[16:41:03.381] [SEVERE ] updating countdown to 50601
[16:41:03.381] [SEVERE ] updating countdown to 50601
[16:41:03.396] [SEVERE ] updating countdown to 50586
[16:41:03.396] [SEVERE ] updating countdown to 50586
[16:41:03.411] [SEVERE ] updating countdown to 50571
[16:41:03.411] [SEVERE ] updating countdown to 50571
[16:41:03.427] [SEVERE ] updating countdown to 50555
[16:41:03.427] [SEVERE ] updating countdown to 50555
[16:41:03.443] [SEVERE ] updating countdown to 50539
[16:41:03.443] [SEVERE ] updating countdown to 50539
[16:41:03.459] [SEVERE ] updating countdown to 50523
[16:41:03.459] [SEVERE ] updating countdown to 50523
[16:41:03.474] [SEVERE ] updating countdown to 50508
[16:41:03.474] [SEVERE ] updating countdown to 50508
[16:41:03.488] [SEVERE ] updating countdown to 50494
[16:41:03.488] [SEVERE ] updating countdown to 50494
[16:41:03.504] [SEVERE ] updating countdown to 50478
[16:41:03.504] [SEVERE ] updating countdown to 50478
[16:41:03.520] [SEVERE ] updating countdown to 50462
[16:41:03.520] [SEVERE ] updating countdown to 50462
[16:41:03.536] [SEVERE ] updating countdown to 50446
[16:41:03.536] [SEVERE ] updating countdown to 50446
[16:41:03.552] [SEVERE ] updating countdown to 50430
[16:41:03.552] [SEVERE ] updating countdown to 50430
[16:41:03.568] [SEVERE ] updating countdown to 50414
[16:41:03.568] [SEVERE ] updating countdown to 50414
[16:41:03.584] [SEVERE ] updating countdown to 50398
[16:41:03.584] [SEVERE ] updating countdown to 50398
[16:41:03.600] [SEVERE ] updating countdown to 50382
[16:41:03.600] [SEVERE ] updating countdown to 50382
[16:41:03.616] [SEVERE ] updating countdown to 50366
[16:41:03.616] [SEVERE ] updating countdown to 50366
[16:41:03.631] [SEVERE ] updating countdown to 50351
[16:41:03.631] [SEVERE ] updating countdown to 50351
[16:41:03.647] [SEVERE ] updating countdown to 50335
[16:41:03.647] [SEVERE ] updating countdown to 50335
[16:41:03.663] [SEVERE ] updating countdown to 50319
[16:41:03.663] [SEVERE ] updating countdown to 50319
[16:41:03.678] [SEVERE ] updating countdown to 50304
[16:41:03.678] [SEVERE ] updating countdown to 50304
[16:41:03.694] [SEVERE ] updating countdown to 50288
[16:41:03.694] [SEVERE ] updating countdown to 50288
[16:41:03.709] [SEVERE ] updating countdown to 50273
[16:41:03.709] [SEVERE ] updating countdown to 50273
[16:41:03.725] [SEVERE ] updating countdown to 50257
[16:41:03.725] [SEVERE ] updating countdown to 50257
[16:41:03.741] [SEVERE ] updating countdown to 50241
[16:41:03.741] [SEVERE ] updating countdown to 50241
[16:41:03.757] [SEVERE ] updating countdown to 50225
[16:41:03.757] [SEVERE ] updating countdown to 50225
[16:41:03.773] [SEVERE ] updating countdown to 50209
[16:41:03.773] [SEVERE ] updating countdown to 50209
[16:41:03.788] [SEVERE ] updating countdown to 50194
[16:41:03.788] [SEVERE ] updating countdown to 50194
[16:41:03.804] [SEVERE ] updating countdown to 50178
[16:41:03.804] [SEVERE ] updating countdown to 50178
[16:41:03.819] [SEVERE ] updating countdown to 50163
[16:41:03.819] [SEVERE ] updating countdown to 50163
[16:41:03.835] [SEVERE ] updating countdown to 50147
[16:41:03.835] [SEVERE ] updating countdown to 50147
[16:41:03.851] [SEVERE ] updating countdown to 50131
[16:41:03.851] [SEVERE ] updating countdown to 50131
[16:41:03.867] [SEVERE ] updating countdown to 50115
[16:41:03.867] [SEVERE ] updating countdown to 50115
[16:41:03.882] [SEVERE ] updating countdown to 50100
[16:41:03.882] [SEVERE ] updating countdown to 50100
[16:41:03.897] [SEVERE ] updating countdown to 50085
[16:41:03.897] [SEVERE ] updating countdown to 50085
[16:41:03.913] [SEVERE ] updating countdown to 50069
[16:41:03.913] [SEVERE ] updating countdown to 50069
[16:41:03.928] [SEVERE ] updating countdown to 50054
[16:41:03.928] [SEVERE ] updating countdown to 50054
[16:41:03.943] [SEVERE ] updating countdown to 50039
[16:41:03.943] [SEVERE ] updating countdown to 50039
[16:41:03.959] [SEVERE ] updating countdown to 50023
[16:41:03.959] [SEVERE ] updating countdown to 50023
[16:41:03.975] [SEVERE ] updating countdown to 50007
[16:41:03.975] [SEVERE ] updating countdown to 50007
[16:41:03.991] [SEVERE ] updating countdown to 49991
[16:41:03.991] [SEVERE ] updating countdown to 49991
[16:41:04.006] [SEVERE ] updating countdown to 49976
[16:41:04.006] [SEVERE ] updating countdown to 49976
[16:41:04.021] [SEVERE ] updating countdown to 49961
[16:41:04.021] [SEVERE ] updating countdown to 49961
[16:41:04.036] [SEVERE ] updating countdown to 49946
[16:41:04.036] [SEVERE ] updating countdown to 49946
[16:41:04.052] [SEVERE ] updating countdown to 49930
[16:41:04.052] [SEVERE ] updating countdown to 49930
[16:41:04.067] [SEVERE ] updating countdown to 49915
[16:41:04.067] [SEVERE ] updating countdown to 49915
[16:41:04.081] [SEVERE ] updating countdown to 49901
[16:41:04.081] [SEVERE ] updating countdown to 49901
[16:41:04.097] [SEVERE ] updating countdown to 49885
[16:41:04.097] [SEVERE ] updating countdown to 49885
[16:41:04.112] [SEVERE ] updating countdown to 49870
[16:41:04.112] [SEVERE ] updating countdown to 49870
[16:41:04.128] [SEVERE ] updating countdown to 49854
[16:41:04.128] [SEVERE ] updating countdown to 49854
[16:41:04.143] [SEVERE ] updating countdown to 49839
[16:41:04.143] [SEVERE ] updating countdown to 49839
[16:41:04.159] [SEVERE ] updating countdown to 49823
[16:41:04.159] [SEVERE ] updating countdown to 49823
[16:41:04.175] [SEVERE ] updating countdown to 49807
[16:41:04.175] [SEVERE ] updating countdown to 49807
[16:41:04.191] [SEVERE ] updating countdown to 49791
[16:41:04.191] [SEVERE ] updating countdown to 49791
[16:41:04.206] [SEVERE ] updating countdown to 49776
[16:41:04.206] [SEVERE ] updating countdown to 49776
[16:41:04.222] [SEVERE ] updating countdown to 49760
[16:41:04.222] [SEVERE ] updating countdown to 49760
[16:41:04.238] [SEVERE ] updating countdown to 49744
[16:41:04.238] [SEVERE ] updating countdown to 49744
[16:41:04.254] [SEVERE ] updating countdown to 49728
[16:41:04.254] [SEVERE ] updating countdown to 49728
[16:41:04.270] [SEVERE ] updating countdown to 49712
[16:41:04.270] [SEVERE ] updating countdown to 49712
[16:41:04.285] [SEVERE ] updating countdown to 49697
[16:41:04.285] [SEVERE ] updating countdown to 49697
[16:41:04.301] [SEVERE ] updating countdown to 49681
[16:41:04.301] [SEVERE ] updating countdown to 49681
[16:41:04.316] [SEVERE ] updating countdown to 49666
[16:41:04.316] [SEVERE ] updating countdown to 49666
[16:41:04.331] [SEVERE ] updating countdown to 49651
[16:41:04.331] [SEVERE ] updating countdown to 49651
[16:41:04.346] [SEVERE ] updating countdown to 49636
[16:41:04.346] [SEVERE ] updating countdown to 49636
[16:41:04.361] [SEVERE ] updating countdown to 49621
[16:41:04.361] [SEVERE ] updating countdown to 49621
[16:41:04.377] [SEVERE ] updating countdown to 49605
[16:41:04.377] [SEVERE ] updating countdown to 49605
[16:41:04.393] [SEVERE ] updating countdown to 49589
[16:41:04.393] [SEVERE ] updating countdown to 49589
[16:41:04.408] [SEVERE ] updating countdown to 49574
[16:41:04.408] [SEVERE ] updating countdown to 49574
[16:41:04.423] [SEVERE ] updating countdown to 49559
[16:41:04.423] [SEVERE ] updating countdown to 49559
[16:41:04.439] [SEVERE ] updating countdown to 49543
[16:41:04.439] [SEVERE ] updating countdown to 49543
[16:41:04.455] [SEVERE ] updating countdown to 49527
[16:41:04.455] [SEVERE ] updating countdown to 49527
[16:41:04.471] [SEVERE ] updating countdown to 49511
[16:41:04.471] [SEVERE ] updating countdown to 49511
[16:41:04.487] [SEVERE ] updating countdown to 49495
[16:41:04.487] [SEVERE ] updating countdown to 49495
[16:41:04.502] [SEVERE ] updating countdown to 49480
[16:41:04.502] [SEVERE ] updating countdown to 49480
[16:41:04.518] [SEVERE ] updating countdown to 49464
[16:41:04.518] [SEVERE ] updating countdown to 49464
[16:41:04.534] [SEVERE ] updating countdown to 49448
[16:41:04.534] [SEVERE ] updating countdown to 49448
[16:41:04.550] [SEVERE ] updating countdown to 49432
[16:41:04.550] [SEVERE ] updating countdown to 49432
[16:41:04.565] [SEVERE ] updating countdown to 49417
[16:41:04.565] [SEVERE ] updating countdown to 49417
[16:41:04.580] [SEVERE ] updating countdown to 49402
[16:41:04.580] [SEVERE ] updating countdown to 49402
[16:41:04.596] [SEVERE ] updating countdown to 49386
[16:41:04.596] [SEVERE ] updating countdown to 49386
[16:41:04.611] [SEVERE ] updating countdown to 49371
[16:41:04.611] [SEVERE ] updating countdown to 49371
[16:41:04.627] [SEVERE ] updating countdown to 49355
[16:41:04.627] [SEVERE ] updating countdown to 49355
[16:41:04.642] [SEVERE ] updating countdown to 49340
[16:41:04.642] [SEVERE ] updating countdown to 49340
[16:41:04.657] [SEVERE ] updating countdown to 49325
[16:41:04.657] [SEVERE ] updating countdown to 49325
[16:41:04.673] [SEVERE ] updating countdown to 49309
[16:41:04.673] [SEVERE ] updating countdown to 49309
[16:41:04.689] [SEVERE ] updating countdown to 49293
[16:41:04.689] [SEVERE ] updating countdown to 49293
[16:41:04.705] [SEVERE ] updating countdown to 49277
[16:41:04.705] [SEVERE ] updating countdown to 49277
[16:41:04.720] [SEVERE ] updating countdown to 49262
[16:41:04.720] [SEVERE ] updating countdown to 49262
[16:41:04.735] [SEVERE ] updating countdown to 49247
[16:41:04.735] [SEVERE ] updating countdown to 49247
[16:41:04.751] [SEVERE ] updating countdown to 49231
[16:41:04.751] [SEVERE ] updating countdown to 49231
[16:41:04.766] [SEVERE ] updating countdown to 49216
[16:41:04.766] [SEVERE ] updating countdown to 49216
[16:41:04.781] [SEVERE ] updating countdown to 49201
[16:41:04.781] [SEVERE ] updating countdown to 49201
[16:41:04.797] [SEVERE ] updating countdown to 49185
[16:41:04.797] [SEVERE ] updating countdown to 49185
[16:41:04.813] [SEVERE ] updating countdown to 49169
[16:41:04.813] [SEVERE ] updating countdown to 49169
[16:41:04.828] [SEVERE ] updating countdown to 49154
[16:41:04.828] [SEVERE ] updating countdown to 49154
[16:41:04.844] [SEVERE ] updating countdown to 49138
[16:41:04.844] [SEVERE ] updating countdown to 49138
[16:41:04.860] [SEVERE ] updating countdown to 49122
[16:41:04.860] [SEVERE ] updating countdown to 49122
[16:41:04.876] [SEVERE ] updating countdown to 49106
[16:41:04.876] [SEVERE ] updating countdown to 49106
[16:41:04.892] [SEVERE ] updating countdown to 49090
[16:41:04.892] [SEVERE ] updating countdown to 49090
[16:41:04.908] [SEVERE ] updating countdown to 49074
[16:41:04.908] [SEVERE ] updating countdown to 49074
[16:41:04.924] [SEVERE ] updating countdown to 49058
[16:41:04.924] [SEVERE ] updating countdown to 49058
[16:41:04.940] [SEVERE ] updating countdown to 49042
[16:41:04.940] [SEVERE ] updating countdown to 49042
[16:41:04.956] [SEVERE ] updating countdown to 49026
[16:41:04.956] [SEVERE ] updating countdown to 49026
[16:41:04.972] [SEVERE ] updating countdown to 49010
[16:41:04.972] [SEVERE ] updating countdown to 49010
[16:41:04.988] [SEVERE ] updating countdown to 48994
[16:41:04.988] [SEVERE ] updating countdown to 48994
[16:41:05.004] [SEVERE ] updating countdown to 48978
[16:41:05.004] [SEVERE ] updating countdown to 48978
[16:41:05.019] [SEVERE ] updating countdown to 48963
[16:41:05.019] [SEVERE ] updating countdown to 48963
[16:41:05.035] [SEVERE ] updating countdown to 48947
[16:41:05.035] [SEVERE ] updating countdown to 48947
[16:41:05.051] [SEVERE ] updating countdown to 48931
[16:41:05.051] [SEVERE ] updating countdown to 48931
[16:41:05.066] [SEVERE ] updating countdown to 48916
[16:41:05.066] [SEVERE ] updating countdown to 48916
[16:41:05.082] [SEVERE ] updating countdown to 48900
[16:41:05.082] [SEVERE ] updating countdown to 48900
[16:41:05.098] [SEVERE ] updating countdown to 48884
[16:41:05.098] [SEVERE ] updating countdown to 48884
[16:41:05.113] [SEVERE ] updating countdown to 48869
[16:41:05.113] [SEVERE ] updating countdown to 48869
[16:41:05.129] [SEVERE ] updating countdown to 48853
[16:41:05.129] [SEVERE ] updating countdown to 48853
[16:41:05.145] [SEVERE ] updating countdown to 48837
[16:41:05.145] [SEVERE ] updating countdown to 48837
[16:41:05.161] [SEVERE ] updating countdown to 48821
[16:41:05.161] [SEVERE ] updating countdown to 48821
[16:41:05.177] [SEVERE ] updating countdown to 48805
[16:41:05.177] [SEVERE ] updating countdown to 48805
[16:41:05.193] [SEVERE ] updating countdown to 48789
[16:41:05.193] [SEVERE ] updating countdown to 48789
[16:41:05.209] [SEVERE ] updating countdown to 48773
[16:41:05.209] [SEVERE ] updating countdown to 48773
[16:41:05.225] [SEVERE ] updating countdown to 48757
[16:41:05.225] [SEVERE ] updating countdown to 48757
[16:41:05.240] [SEVERE ] updating countdown to 48742
[16:41:05.240] [SEVERE ] updating countdown to 48742
[16:41:05.256] [SEVERE ] updating countdown to 48726
[16:41:05.256] [SEVERE ] updating countdown to 48726
[16:41:05.271] [SEVERE ] updating countdown to 48711
[16:41:05.271] [SEVERE ] updating countdown to 48711
[16:41:05.287] [SEVERE ] updating countdown to 48695
[16:41:05.287] [SEVERE ] updating countdown to 48695
[16:41:05.303] [SEVERE ] updating countdown to 48679
[16:41:05.303] [SEVERE ] updating countdown to 48679
[16:41:05.319] [SEVERE ] updating countdown to 48663
[16:41:05.319] [SEVERE ] updating countdown to 48663
[16:41:05.334] [SEVERE ] updating countdown to 48648
[16:41:05.334] [SEVERE ] updating countdown to 48648
[16:41:05.350] [SEVERE ] updating countdown to 48632
[16:41:05.350] [SEVERE ] updating countdown to 48632
[16:41:05.365] [SEVERE ] updating countdown to 48617
[16:41:05.365] [SEVERE ] updating countdown to 48617
[16:41:05.381] [SEVERE ] updating countdown to 48601
[16:41:05.381] [SEVERE ] updating countdown to 48601
[16:41:05.396] [SEVERE ] updating countdown to 48586
[16:41:05.396] [SEVERE ] updating countdown to 48586
[16:41:05.411] [SEVERE ] updating countdown to 48571
[16:41:05.411] [SEVERE ] updating countdown to 48571
[16:41:05.427] [SEVERE ] updating countdown to 48555
[16:41:05.427] [SEVERE ] updating countdown to 48555
[16:41:05.442] [SEVERE ] updating countdown to 48540
[16:41:05.442] [SEVERE ] updating countdown to 48540
[16:41:05.457] [SEVERE ] updating countdown to 48525
[16:41:05.457] [SEVERE ] updating countdown to 48525
[16:41:05.473] [SEVERE ] updating countdown to 48509
[16:41:05.473] [SEVERE ] updating countdown to 48509
[16:41:05.489] [SEVERE ] updating countdown to 48493
[16:41:05.489] [SEVERE ] updating countdown to 48493
[16:41:05.504] [SEVERE ] updating countdown to 48478
[16:41:05.504] [SEVERE ] updating countdown to 48478
[16:41:05.519] [SEVERE ] updating countdown to 48463
[16:41:05.519] [SEVERE ] updating countdown to 48463
[16:41:05.534] [SEVERE ] updating countdown to 48448
[16:41:05.534] [SEVERE ] updating countdown to 48448
[16:41:05.549] [SEVERE ] updating countdown to 48433
[16:41:05.549] [SEVERE ] updating countdown to 48433
[16:41:05.564] [SEVERE ] updating countdown to 48418
[16:41:05.564] [SEVERE ] updating countdown to 48418
[16:41:05.580] [SEVERE ] updating countdown to 48402
[16:41:05.580] [SEVERE ] updating countdown to 48402
[16:41:05.595] [SEVERE ] updating countdown to 48387
[16:41:05.595] [SEVERE ] updating countdown to 48387
[16:41:05.611] [SEVERE ] updating countdown to 48371
[16:41:05.611] [SEVERE ] updating countdown to 48371
[16:41:05.627] [SEVERE ] updating countdown to 48355
[16:41:05.627] [SEVERE ] updating countdown to 48355
[16:41:05.643] [SEVERE ] updating countdown to 48339
[16:41:05.643] [SEVERE ] updating countdown to 48339
[16:41:05.659] [SEVERE ] updating countdown to 48323
[16:41:05.659] [SEVERE ] updating countdown to 48323
[16:41:05.675] [SEVERE ] updating countdown to 48307
[16:41:05.675] [SEVERE ] updating countdown to 48307
[16:41:05.690] [SEVERE ] updating countdown to 48292
[16:41:05.690] [SEVERE ] updating countdown to 48292
[16:41:05.706] [SEVERE ] updating countdown to 48276
[16:41:05.706] [SEVERE ] updating countdown to 48276
[16:41:05.722] [SEVERE ] updating countdown to 48260
[16:41:05.722] [SEVERE ] updating countdown to 48260
[16:41:05.737] [SEVERE ] updating countdown to 48245
[16:41:05.737] [SEVERE ] updating countdown to 48245
[16:41:05.753] [SEVERE ] updating countdown to 48229
[16:41:05.753] [SEVERE ] updating countdown to 48229
[16:41:05.769] [SEVERE ] updating countdown to 48213
[16:41:05.769] [SEVERE ] updating countdown to 48213
[16:41:05.778] [SEVERE ] exit button pressed
[16:41:05.778] [SEVERE ] disposing of user interface elements
[16:41:05.778] [INFO   ] thread Thread-0 terminated.
[16:41:05.778] [INFO   ] thread computer-5 terminated.
[16:41:05.778] [INFO   ] thread computer-4 terminated.
[16:41:05.778] [INFO   ] thread Thread-1 terminated.
[16:41:05.778] [INFO   ] thread computer-3 terminated.
[16:41:05.778] [INFO   ] thread computer-2 terminated.
[16:41:05.778] [INFO   ] thread Thread-3 terminated.
[16:41:05.778] [INFO   ] thread Thread-2 terminated.
[16:41:05.778] [INFO   ] thread Thread-4 terminated.
[16:41:05.778] [INFO   ] thread Thread-5 terminated.
[16:41:05.784] [SEVERE ] updating countdown to 48198
[16:41:05.784] [SEVERE ] updating countdown to 48198
[16:41:05.786] [SEVERE ] updating countdown to 48196
